[    1270ms] [INFO] %cDownload the React DevTools for a better development experience: https://react.dev/link/react-devtools font-weight:bold @ http://localhost:3002/_next/static/chunks/node_modules_next_dist_f3530cac._.js:2297
[    1339ms] [LOG] [HMR] connected @ http://localhost:3002/_next/static/chunks/node_modules_next_dist_f3530cac._.js:2297
[    1388ms] [ERROR] Failed to load resource: the server responded with a status of 404 (Not Found) @ http://localhost:3002/favicon.ico:0
[    1426ms] [WARNING] The width(511) and height(260) are both fixed numbers,
       maybe you don't need to use a ResponsiveContainer. @ http://localhost:3002/_next/static/chunks/node_modules_next_dist_f3530cac._.js:2297
[    1426ms] [WARNING] The width(511) and height(260) are both fixed numbers,
       maybe you don't need to use a ResponsiveContainer. @ http://localhost:3002/_next/static/chunks/node_modules_next_dist_f3530cac._.js:2297
[    1444ms] [WARNING] The width(511) and height(260) are both fixed numbers,
       maybe you don't need to use a ResponsiveContainer. @ http://localhost:3002/_next/static/chunks/node_modules_next_dist_f3530cac._.js:2297
[    1444ms] [WARNING] The width(511) and height(260) are both fixed numbers,
       maybe you don't need to use a ResponsiveContainer. @ http://localhost:3002/_next/static/chunks/node_modules_next_dist_f3530cac._.js:2297
[    1453ms] [WARNING] The width(511) and height(300) are both fixed numbers,
       maybe you don't need to use a ResponsiveContainer. @ http://localhost:3002/_next/static/chunks/node_modules_next_dist_f3530cac._.js:2297
[    1453ms] [WARNING] The width(511) and height(300) are both fixed numbers,
       maybe you don't need to use a ResponsiveContainer. @ http://localhost:3002/_next/static/chunks/node_modules_next_dist_f3530cac._.js:2297
[    1475ms] [WARNING] The width(511) and height(300) are both fixed numbers,
       maybe you don't need to use a ResponsiveContainer. @ http://localhost:3002/_next/static/chunks/node_modules_next_dist_f3530cac._.js:2297
[    1475ms] [WARNING] The width(511) and height(300) are both fixed numbers,
       maybe you don't need to use a ResponsiveContainer. @ http://localhost:3002/_next/static/chunks/node_modules_next_dist_f3530cac._.js:2297
[    1491ms] [WARNING] The width(511) and height(260) are both fixed numbers,
       maybe you don't need to use a ResponsiveContainer. @ http://localhost:3002/_next/static/chunks/node_modules_next_dist_f3530cac._.js:2297
[    1491ms] [WARNING] The width(511) and height(260) are both fixed numbers,
       maybe you don't need to use a ResponsiveContainer. @ http://localhost:3002/_next/static/chunks/node_modules_next_dist_f3530cac._.js:2297
[    2391ms] [WARNING] The width(511) and height(260) are both fixed numbers,
       maybe you don't need to use a ResponsiveContainer. @ http://localhost:3002/_next/static/chunks/node_modules_next_dist_f3530cac._.js:2297
[    2391ms] [WARNING] The width(511) and height(260) are both fixed numbers,
       maybe you don't need to use a ResponsiveContainer. @ http://localhost:3002/_next/static/chunks/node_modules_next_dist_f3530cac._.js:2297
[    2410ms] [WARNING] The width(511) and height(260) are both fixed numbers,
       maybe you don't need to use a ResponsiveContainer. @ http://localhost:3002/_next/static/chunks/node_modules_next_dist_f3530cac._.js:2297
[    2410ms] [WARNING] The width(511) and height(260) are both fixed numbers,
       maybe you don't need to use a ResponsiveContainer. @ http://localhost:3002/_next/static/chunks/node_modules_next_dist_f3530cac._.js:2297
[    2417ms] [WARNING] The width(511) and height(300) are both fixed numbers,
       maybe you don't need to use a ResponsiveContainer. @ http://localhost:3002/_next/static/chunks/node_modules_next_dist_f3530cac._.js:2297
[    2417ms] [WARNING] The width(511) and height(300) are both fixed numbers,
       maybe you don't need to use a ResponsiveContainer. @ http://localhost:3002/_next/static/chunks/node_modules_next_dist_f3530cac._.js:2297
[    2434ms] [WARNING] The width(511) and height(300) are both fixed numbers,
       maybe you don't need to use a ResponsiveContainer. @ http://localhost:3002/_next/static/chunks/node_modules_next_dist_f3530cac._.js:2297
[    2434ms] [WARNING] The width(511) and height(300) are both fixed numbers,
       maybe you don't need to use a ResponsiveContainer. @ http://localhost:3002/_next/static/chunks/node_modules_next_dist_f3530cac._.js:2297
[    2446ms] [WARNING] The width(511) and height(260) are both fixed numbers,
       maybe you don't need to use a ResponsiveContainer. @ http://localhost:3002/_next/static/chunks/node_modules_next_dist_f3530cac._.js:2297
[    2446ms] [WARNING] The width(511) and height(260) are both fixed numbers,
       maybe you don't need to use a ResponsiveContainer. @ http://localhost:3002/_next/static/chunks/node_modules_next_dist_f3530cac._.js:2297
[    2647ms] [WARNING] The width(511) and height(260) are both fixed numbers,
       maybe you don't need to use a ResponsiveContainer. @ http://localhost:3002/_next/static/chunks/node_modules_next_dist_f3530cac._.js:2297
[    2647ms] [WARNING] The width(511) and height(260) are both fixed numbers,
       maybe you don't need to use a ResponsiveContainer. @ http://localhost:3002/_next/static/chunks/node_modules_next_dist_f3530cac._.js:2297
[    2653ms] [WARNING] The width(511) and height(260) are both fixed numbers,
       maybe you don't need to use a ResponsiveContainer. @ http://localhost:3002/_next/static/chunks/node_modules_next_dist_f3530cac._.js:2297
[    2653ms] [WARNING] The width(511) and height(260) are both fixed numbers,
       maybe you don't need to use a ResponsiveContainer. @ http://localhost:3002/_next/static/chunks/node_modules_next_dist_f3530cac._.js:2297
[    2659ms] [WARNING] The width(511) and height(300) are both fixed numbers,
       maybe you don't need to use a ResponsiveContainer. @ http://localhost:3002/_next/static/chunks/node_modules_next_dist_f3530cac._.js:2297
[    2659ms] [WARNING] The width(511) and height(300) are both fixed numbers,
       maybe you don't need to use a ResponsiveContainer. @ http://localhost:3002/_next/static/chunks/node_modules_next_dist_f3530cac._.js:2297
[    2673ms] [WARNING] The width(511) and height(300) are both fixed numbers,
       maybe you don't need to use a ResponsiveContainer. @ http://localhost:3002/_next/static/chunks/node_modules_next_dist_f3530cac._.js:2297
[    2673ms] [WARNING] The width(511) and height(300) are both fixed numbers,
       maybe you don't need to use a ResponsiveContainer. @ http://localhost:3002/_next/static/chunks/node_modules_next_dist_f3530cac._.js:2297
[    2684ms] [WARNING] The width(511) and height(260) are both fixed numbers,
       maybe you don't need to use a ResponsiveContainer. @ http://localhost:3002/_next/static/chunks/node_modules_next_dist_f3530cac._.js:2297
[    2684ms] [WARNING] The width(511) and height(260) are both fixed numbers,
       maybe you don't need to use a ResponsiveContainer. @ http://localhost:3002/_next/static/chunks/node_modules_next_dist_f3530cac._.js:2297
[    3121ms] [WARNING] The width(511) and height(260) are both fixed numbers,
       maybe you don't need to use a ResponsiveContainer. @ http://localhost:3002/_next/static/chunks/node_modules_next_dist_f3530cac._.js:2297
[    3121ms] [WARNING] The width(511) and height(260) are both fixed numbers,
       maybe you don't need to use a ResponsiveContainer. @ http://localhost:3002/_next/static/chunks/node_modules_next_dist_f3530cac._.js:2297
[    3127ms] [WARNING] The width(511) and height(260) are both fixed numbers,
       maybe you don't need to use a ResponsiveContainer. @ http://localhost:3002/_next/static/chunks/node_modules_next_dist_f3530cac._.js:2297
[    3128ms] [WARNING] The width(511) and height(260) are both fixed numbers,
       maybe you don't need to use a ResponsiveContainer. @ http://localhost:3002/_next/static/chunks/node_modules_next_dist_f3530cac._.js:2297
[    3133ms] [WARNING] The width(511) and height(300) are both fixed numbers,
       maybe you don't need to use a ResponsiveContainer. @ http://localhost:3002/_next/static/chunks/node_modules_next_dist_f3530cac._.js:2297
[    3133ms] [WARNING] The width(511) and height(300) are both fixed numbers,
       maybe you don't need to use a ResponsiveContainer. @ http://localhost:3002/_next/static/chunks/node_modules_next_dist_f3530cac._.js:2297
[    3146ms] [WARNING] The width(511) and height(300) are both fixed numbers,
       maybe you don't need to use a ResponsiveContainer. @ http://localhost:3002/_next/static/chunks/node_modules_next_dist_f3530cac._.js:2297
[    3146ms] [WARNING] The width(511) and height(300) are both fixed numbers,
       maybe you don't need to use a ResponsiveContainer. @ http://localhost:3002/_next/static/chunks/node_modules_next_dist_f3530cac._.js:2297
[    3156ms] [WARNING] The width(511) and height(260) are both fixed numbers,
       maybe you don't need to use a ResponsiveContainer. @ http://localhost:3002/_next/static/chunks/node_modules_next_dist_f3530cac._.js:2297
[    3156ms] [WARNING] The width(511) and height(260) are both fixed numbers,
       maybe you don't need to use a ResponsiveContainer. @ http://localhost:3002/_next/static/chunks/node_modules_next_dist_f3530cac._.js:2297
[    3661ms] [WARNING] The width(511) and height(260) are both fixed numbers,
       maybe you don't need to use a ResponsiveContainer. @ http://localhost:3002/_next/static/chunks/node_modules_next_dist_f3530cac._.js:2297
[    3661ms] [WARNING] The width(511) and height(260) are both fixed numbers,
       maybe you don't need to use a ResponsiveContainer. @ http://localhost:3002/_next/static/chunks/node_modules_next_dist_f3530cac._.js:2297
[    3668ms] [WARNING] The width(511) and height(260) are both fixed numbers,
       maybe you don't need to use a ResponsiveContainer. @ http://localhost:3002/_next/static/chunks/node_modules_next_dist_f3530cac._.js:2297
[    3668ms] [WARNING] The width(511) and height(260) are both fixed numbers,
       maybe you don't need to use a ResponsiveContainer. @ http://localhost:3002/_next/static/chunks/node_modules_next_dist_f3530cac._.js:2297
[    3674ms] [WARNING] The width(511) and height(300) are both fixed numbers,
       maybe you don't need to use a ResponsiveContainer. @ http://localhost:3002/_next/static/chunks/node_modules_next_dist_f3530cac._.js:2297
[    3674ms] [WARNING] The width(511) and height(300) are both fixed numbers,
       maybe you don't need to use a ResponsiveContainer. @ http://localhost:3002/_next/static/chunks/node_modules_next_dist_f3530cac._.js:2297
[    3687ms] [WARNING] The width(511) and height(300) are both fixed numbers,
       maybe you don't need to use a ResponsiveContainer. @ http://localhost:3002/_next/static/chunks/node_modules_next_dist_f3530cac._.js:2297
[    3688ms] [WARNING] The width(511) and height(300) are both fixed numbers,
       maybe you don't need to use a ResponsiveContainer. @ http://localhost:3002/_next/static/chunks/node_modules_next_dist_f3530cac._.js:2297
[    3699ms] [WARNING] The width(511) and height(260) are both fixed numbers,
       maybe you don't need to use a ResponsiveContainer. @ http://localhost:3002/_next/static/chunks/node_modules_next_dist_f3530cac._.js:2297
[    3699ms] [WARNING] The width(511) and height(260) are both fixed numbers,
       maybe you don't need to use a ResponsiveContainer. @ http://localhost:3002/_next/static/chunks/node_modules_next_dist_f3530cac._.js:2297
[    4226ms] [WARNING] The width(511) and height(260) are both fixed numbers,
       maybe you don't need to use a ResponsiveContainer. @ http://localhost:3002/_next/static/chunks/node_modules_next_dist_f3530cac._.js:2297
[    4226ms] [WARNING] The width(511) and height(260) are both fixed numbers,
       maybe you don't need to use a ResponsiveContainer. @ http://localhost:3002/_next/static/chunks/node_modules_next_dist_f3530cac._.js:2297
[    4234ms] [WARNING] The width(511) and height(260) are both fixed numbers,
       maybe you don't need to use a ResponsiveContainer. @ http://localhost:3002/_next/static/chunks/node_modules_next_dist_f3530cac._.js:2297
[    4234ms] [WARNING] The width(511) and height(260) are both fixed numbers,
       maybe you don't need to use a ResponsiveContainer. @ http://localhost:3002/_next/static/chunks/node_modules_next_dist_f3530cac._.js:2297
[    4241ms] [WARNING] The width(511) and height(300) are both fixed numbers,
       maybe you don't need to use a ResponsiveContainer. @ http://localhost:3002/_next/static/chunks/node_modules_next_dist_f3530cac._.js:2297
[    4241ms] [WARNING] The width(511) and height(300) are both fixed numbers,
       maybe you don't need to use a ResponsiveContainer. @ http://localhost:3002/_next/static/chunks/node_modules_next_dist_f3530cac._.js:2297
[    4257ms] [WARNING] The width(511) and height(300) are both fixed numbers,
       maybe you don't need to use a ResponsiveContainer. @ http://localhost:3002/_next/static/chunks/node_modules_next_dist_f3530cac._.js:2297
[    4257ms] [WARNING] The width(511) and height(300) are both fixed numbers,
       maybe you don't need to use a ResponsiveContainer. @ http://localhost:3002/_next/static/chunks/node_modules_next_dist_f3530cac._.js:2297
[    4268ms] [WARNING] The width(511) and height(260) are both fixed numbers,
       maybe you don't need to use a ResponsiveContainer. @ http://localhost:3002/_next/static/chunks/node_modules_next_dist_f3530cac._.js:2297
[    4268ms] [WARNING] The width(511) and height(260) are both fixed numbers,
       maybe you don't need to use a ResponsiveContainer. @ http://localhost:3002/_next/static/chunks/node_modules_next_dist_f3530cac._.js:2297
[    4750ms] [WARNING] The width(511) and height(260) are both fixed numbers,
       maybe you don't need to use a ResponsiveContainer. @ http://localhost:3002/_next/static/chunks/node_modules_next_dist_f3530cac._.js:2297
[    4750ms] [WARNING] The width(511) and height(260) are both fixed numbers,
       maybe you don't need to use a ResponsiveContainer. @ http://localhost:3002/_next/static/chunks/node_modules_next_dist_f3530cac._.js:2297
[    4758ms] [WARNING] The width(511) and height(260) are both fixed numbers,
       maybe you don't need to use a ResponsiveContainer. @ http://localhost:3002/_next/static/chunks/node_modules_next_dist_f3530cac._.js:2297
[    4758ms] [WARNING] The width(511) and height(260) are both fixed numbers,
       maybe you don't need to use a ResponsiveContainer. @ http://localhost:3002/_next/static/chunks/node_modules_next_dist_f3530cac._.js:2297
[    4764ms] [WARNING] The width(511) and height(300) are both fixed numbers,
       maybe you don't need to use a ResponsiveContainer. @ http://localhost:3002/_next/static/chunks/node_modules_next_dist_f3530cac._.js:2297
[    4764ms] [WARNING] The width(511) and height(300) are both fixed numbers,
       maybe you don't need to use a ResponsiveContainer. @ http://localhost:3002/_next/static/chunks/node_modules_next_dist_f3530cac._.js:2297
[    4778ms] [WARNING] The width(511) and height(300) are both fixed numbers,
       maybe you don't need to use a ResponsiveContainer. @ http://localhost:3002/_next/static/chunks/node_modules_next_dist_f3530cac._.js:2297
[    4778ms] [WARNING] The width(511) and height(300) are both fixed numbers,
       maybe you don't need to use a ResponsiveContainer. @ http://localhost:3002/_next/static/chunks/node_modules_next_dist_f3530cac._.js:2297
[    4788ms] [WARNING] The width(511) and height(260) are both fixed numbers,
       maybe you don't need to use a ResponsiveContainer. @ http://localhost:3002/_next/static/chunks/node_modules_next_dist_f3530cac._.js:2297
[    4788ms] [WARNING] The width(511) and height(260) are both fixed numbers,
       maybe you don't need to use a ResponsiveContainer. @ http://localhost:3002/_next/static/chunks/node_modules_next_dist_f3530cac._.js:2297
[    5301ms] [WARNING] The width(511) and height(260) are both fixed numbers,
       maybe you don't need to use a ResponsiveContainer. @ http://localhost:3002/_next/static/chunks/node_modules_next_dist_f3530cac._.js:2297
[    5302ms] [WARNING] The width(511) and height(260) are both fixed numbers,
       maybe you don't need to use a ResponsiveContainer. @ http://localhost:3002/_next/static/chunks/node_modules_next_dist_f3530cac._.js:2297
[    5310ms] [WARNING] The width(511) and height(260) are both fixed numbers,
       maybe you don't need to use a ResponsiveContainer. @ http://localhost:3002/_next/static/chunks/node_modules_next_dist_f3530cac._.js:2297
[    5310ms] [WARNING] The width(511) and height(260) are both fixed numbers,
       maybe you don't need to use a ResponsiveContainer. @ http://localhost:3002/_next/static/chunks/node_modules_next_dist_f3530cac._.js:2297
[    5316ms] [WARNING] The width(511) and height(300) are both fixed numbers,
       maybe you don't need to use a ResponsiveContainer. @ http://localhost:3002/_next/static/chunks/node_modules_next_dist_f3530cac._.js:2297
[    5316ms] [WARNING] The width(511) and height(300) are both fixed numbers,
       maybe you don't need to use a ResponsiveContainer. @ http://localhost:3002/_next/static/chunks/node_modules_next_dist_f3530cac._.js:2297
[    5331ms] [WARNING] The width(511) and height(300) are both fixed numbers,
       maybe you don't need to use a ResponsiveContainer. @ http://localhost:3002/_next/static/chunks/node_modules_next_dist_f3530cac._.js:2297
[    5331ms] [WARNING] The width(511) and height(300) are both fixed numbers,
       maybe you don't need to use a ResponsiveContainer. @ http://localhost:3002/_next/static/chunks/node_modules_next_dist_f3530cac._.js:2297
[    5341ms] [WARNING] The width(511) and height(260) are both fixed numbers,
       maybe you don't need to use a ResponsiveContainer. @ http://localhost:3002/_next/static/chunks/node_modules_next_dist_f3530cac._.js:2297
[    5341ms] [WARNING] The width(511) and height(260) are both fixed numbers,
       maybe you don't need to use a ResponsiveContainer. @ http://localhost:3002/_next/static/chunks/node_modules_next_dist_f3530cac._.js:2297
[    5748ms] [WARNING] The width(511) and height(260) are both fixed numbers,
       maybe you don't need to use a ResponsiveContainer. @ http://localhost:3002/_next/static/chunks/node_modules_next_dist_f3530cac._.js:2297
[    5748ms] [WARNING] The width(511) and height(260) are both fixed numbers,
       maybe you don't need to use a ResponsiveContainer. @ http://localhost:3002/_next/static/chunks/node_modules_next_dist_f3530cac._.js:2297
[    5755ms] [WARNING] The width(511) and height(260) are both fixed numbers,
       maybe you don't need to use a ResponsiveContainer. @ http://localhost:3002/_next/static/chunks/node_modules_next_dist_f3530cac._.js:2297
[    5755ms] [WARNING] The width(511) and height(260) are both fixed numbers,
       maybe you don't need to use a ResponsiveContainer. @ http://localhost:3002/_next/static/chunks/node_modules_next_dist_f3530cac._.js:2297
[    5761ms] [WARNING] The width(511) and height(300) are both fixed numbers,
       maybe you don't need to use a ResponsiveContainer. @ http://localhost:3002/_next/static/chunks/node_modules_next_dist_f3530cac._.js:2297
[    5761ms] [WARNING] The width(511) and height(300) are both fixed numbers,
       maybe you don't need to use a ResponsiveContainer. @ http://localhost:3002/_next/static/chunks/node_modules_next_dist_f3530cac._.js:2297
[    5774ms] [WARNING] The width(511) and height(300) are both fixed numbers,
       maybe you don't need to use a ResponsiveContainer. @ http://localhost:3002/_next/static/chunks/node_modules_next_dist_f3530cac._.js:2297
[    5774ms] [WARNING] The width(511) and height(300) are both fixed numbers,
       maybe you don't need to use a ResponsiveContainer. @ http://localhost:3002/_next/static/chunks/node_modules_next_dist_f3530cac._.js:2297
[    5783ms] [WARNING] The width(511) and height(260) are both fixed numbers,
       maybe you don't need to use a ResponsiveContainer. @ http://localhost:3002/_next/static/chunks/node_modules_next_dist_f3530cac._.js:2297
[    5783ms] [WARNING] The width(511) and height(260) are both fixed numbers,
       maybe you don't need to use a ResponsiveContainer. @ http://localhost:3002/_next/static/chunks/node_modules_next_dist_f3530cac._.js:2297
[    6237ms] [WARNING] The width(511) and height(260) are both fixed numbers,
       maybe you don't need to use a ResponsiveContainer. @ http://localhost:3002/_next/static/chunks/node_modules_next_dist_f3530cac._.js:2297
[    6237ms] [WARNING] The width(511) and height(260) are both fixed numbers,
       maybe you don't need to use a ResponsiveContainer. @ http://localhost:3002/_next/static/chunks/node_modules_next_dist_f3530cac._.js:2297
[    6243ms] [WARNING] The width(511) and height(260) are both fixed numbers,
       maybe you don't need to use a ResponsiveContainer. @ http://localhost:3002/_next/static/chunks/node_modules_next_dist_f3530cac._.js:2297
[    6243ms] [WARNING] The width(511) and height(260) are both fixed numbers,
       maybe you don't need to use a ResponsiveContainer. @ http://localhost:3002/_next/static/chunks/node_modules_next_dist_f3530cac._.js:2297
[    6247ms] [WARNING] The width(511) and height(300) are both fixed numbers,
       maybe you don't need to use a ResponsiveContainer. @ http://localhost:3002/_next/static/chunks/node_modules_next_dist_f3530cac._.js:2297
[    6248ms] [WARNING] The width(511) and height(300) are both fixed numbers,
       maybe you don't need to use a ResponsiveContainer. @ http://localhost:3002/_next/static/chunks/node_modules_next_dist_f3530cac._.js:2297
[    6258ms] [WARNING] The width(511) and height(300) are both fixed numbers,
       maybe you don't need to use a ResponsiveContainer. @ http://localhost:3002/_next/static/chunks/node_modules_next_dist_f3530cac._.js:2297
[    6258ms] [WARNING] The width(511) and height(300) are both fixed numbers,
       maybe you don't need to use a ResponsiveContainer. @ http://localhost:3002/_next/static/chunks/node_modules_next_dist_f3530cac._.js:2297
[    6267ms] [WARNING] The width(511) and height(260) are both fixed numbers,
       maybe you don't need to use a ResponsiveContainer. @ http://localhost:3002/_next/static/chunks/node_modules_next_dist_f3530cac._.js:2297
[    6267ms] [WARNING] The width(511) and height(260) are both fixed numbers,
       maybe you don't need to use a ResponsiveContainer. @ http://localhost:3002/_next/static/chunks/node_modules_next_dist_f3530cac._.js:2297
[    6654ms] [WARNING] The width(511) and height(260) are both fixed numbers,
       maybe you don't need to use a ResponsiveContainer. @ http://localhost:3002/_next/static/chunks/node_modules_next_dist_f3530cac._.js:2297
[    6654ms] [WARNING] The width(511) and height(260) are both fixed numbers,
       maybe you don't need to use a ResponsiveContainer. @ http://localhost:3002/_next/static/chunks/node_modules_next_dist_f3530cac._.js:2297
[    6661ms] [WARNING] The width(511) and height(260) are both fixed numbers,
       maybe you don't need to use a ResponsiveContainer. @ http://localhost:3002/_next/static/chunks/node_modules_next_dist_f3530cac._.js:2297
[    6661ms] [WARNING] The width(511) and height(260) are both fixed numbers,
       maybe you don't need to use a ResponsiveContainer. @ http://localhost:3002/_next/static/chunks/node_modules_next_dist_f3530cac._.js:2297
[    6666ms] [WARNING] The width(511) and height(300) are both fixed numbers,
       maybe you don't need to use a ResponsiveContainer. @ http://localhost:3002/_next/static/chunks/node_modules_next_dist_f3530cac._.js:2297
[    6666ms] [WARNING] The width(511) and height(300) are both fixed numbers,
       maybe you don't need to use a ResponsiveContainer. @ http://localhost:3002/_next/static/chunks/node_modules_next_dist_f3530cac._.js:2297
[    6677ms] [WARNING] The width(511) and height(300) are both fixed numbers,
       maybe you don't need to use a ResponsiveContainer. @ http://localhost:3002/_next/static/chunks/node_modules_next_dist_f3530cac._.js:2297
[    6677ms] [WARNING] The width(511) and height(300) are both fixed numbers,
       maybe you don't need to use a ResponsiveContainer. @ http://localhost:3002/_next/static/chunks/node_modules_next_dist_f3530cac._.js:2297
[    6686ms] [WARNING] The width(511) and height(260) are both fixed numbers,
       maybe you don't need to use a ResponsiveContainer. @ http://localhost:3002/_next/static/chunks/node_modules_next_dist_f3530cac._.js:2297
[    6686ms] [WARNING] The width(511) and height(260) are both fixed numbers,
       maybe you don't need to use a ResponsiveContainer. @ http://localhost:3002/_next/static/chunks/node_modules_next_dist_f3530cac._.js:2297
[    7121ms] [WARNING] The width(511) and height(260) are both fixed numbers,
       maybe you don't need to use a ResponsiveContainer. @ http://localhost:3002/_next/static/chunks/node_modules_next_dist_f3530cac._.js:2297
[    7121ms] [WARNING] The width(511) and height(260) are both fixed numbers,
       maybe you don't need to use a ResponsiveContainer. @ http://localhost:3002/_next/static/chunks/node_modules_next_dist_f3530cac._.js:2297
[    7130ms] [WARNING] The width(511) and height(260) are both fixed numbers,
       maybe you don't need to use a ResponsiveContainer. @ http://localhost:3002/_next/static/chunks/node_modules_next_dist_f3530cac._.js:2297
[    7130ms] [WARNING] The width(511) and height(260) are both fixed numbers,
       maybe you don't need to use a ResponsiveContainer. @ http://localhost:3002/_next/static/chunks/node_modules_next_dist_f3530cac._.js:2297
[    7137ms] [WARNING] The width(511) and height(300) are both fixed numbers,
       maybe you don't need to use a ResponsiveContainer. @ http://localhost:3002/_next/static/chunks/node_modules_next_dist_f3530cac._.js:2297
[    7137ms] [WARNING] The width(511) and height(300) are both fixed numbers,
       maybe you don't need to use a ResponsiveContainer. @ http://localhost:3002/_next/static/chunks/node_modules_next_dist_f3530cac._.js:2297
[    7152ms] [WARNING] The width(511) and height(300) are both fixed numbers,
       maybe you don't need to use a ResponsiveContainer. @ http://localhost:3002/_next/static/chunks/node_modules_next_dist_f3530cac._.js:2297
[    7152ms] [WARNING] The width(511) and height(300) are both fixed numbers,
       maybe you don't need to use a ResponsiveContainer. @ http://localhost:3002/_next/static/chunks/node_modules_next_dist_f3530cac._.js:2297
[    7163ms] [WARNING] The width(511) and height(260) are both fixed numbers,
       maybe you don't need to use a ResponsiveContainer. @ http://localhost:3002/_next/static/chunks/node_modules_next_dist_f3530cac._.js:2297
[    7163ms] [WARNING] The width(511) and height(260) are both fixed numbers,
       maybe you don't need to use a ResponsiveContainer. @ http://localhost:3002/_next/static/chunks/node_modules_next_dist_f3530cac._.js:2297
[    7613ms] [WARNING] The width(511) and height(260) are both fixed numbers,
       maybe you don't need to use a ResponsiveContainer. @ http://localhost:3002/_next/static/chunks/node_modules_next_dist_f3530cac._.js:2297
[    7613ms] [WARNING] The width(511) and height(260) are both fixed numbers,
       maybe you don't need to use a ResponsiveContainer. @ http://localhost:3002/_next/static/chunks/node_modules_next_dist_f3530cac._.js:2297
[    7619ms] [WARNING] The width(511) and height(260) are both fixed numbers,
       maybe you don't need to use a ResponsiveContainer. @ http://localhost:3002/_next/static/chunks/node_modules_next_dist_f3530cac._.js:2297
[    7619ms] [WARNING] The width(511) and height(260) are both fixed numbers,
       maybe you don't need to use a ResponsiveContainer. @ http://localhost:3002/_next/static/chunks/node_modules_next_dist_f3530cac._.js:2297
[    7623ms] [WARNING] The width(511) and height(300) are both fixed numbers,
       maybe you don't need to use a ResponsiveContainer. @ http://localhost:3002/_next/static/chunks/node_modules_next_dist_f3530cac._.js:2297
[    7623ms] [WARNING] The width(511) and height(300) are both fixed numbers,
       maybe you don't need to use a ResponsiveContainer. @ http://localhost:3002/_next/static/chunks/node_modules_next_dist_f3530cac._.js:2297
[    7634ms] [WARNING] The width(511) and height(300) are both fixed numbers,
       maybe you don't need to use a ResponsiveContainer. @ http://localhost:3002/_next/static/chunks/node_modules_next_dist_f3530cac._.js:2297
[    7634ms] [WARNING] The width(511) and height(300) are both fixed numbers,
       maybe you don't need to use a ResponsiveContainer. @ http://localhost:3002/_next/static/chunks/node_modules_next_dist_f3530cac._.js:2297
[    7643ms] [WARNING] The width(511) and height(260) are both fixed numbers,
       maybe you don't need to use a ResponsiveContainer. @ http://localhost:3002/_next/static/chunks/node_modules_next_dist_f3530cac._.js:2297
[    7643ms] [WARNING] The width(511) and height(260) are both fixed numbers,
       maybe you don't need to use a ResponsiveContainer. @ http://localhost:3002/_next/static/chunks/node_modules_next_dist_f3530cac._.js:2297
[    8045ms] [WARNING] The width(511) and height(260) are both fixed numbers,
       maybe you don't need to use a ResponsiveContainer. @ http://localhost:3002/_next/static/chunks/node_modules_next_dist_f3530cac._.js:2297
[    8045ms] [WARNING] The width(511) and height(260) are both fixed numbers,
       maybe you don't need to use a ResponsiveContainer. @ http://localhost:3002/_next/static/chunks/node_modules_next_dist_f3530cac._.js:2297
[    8055ms] [WARNING] The width(511) and height(260) are both fixed numbers,
       maybe you don't need to use a ResponsiveContainer. @ http://localhost:3002/_next/static/chunks/node_modules_next_dist_f3530cac._.js:2297
[    8055ms] [WARNING] The width(511) and height(260) are both fixed numbers,
       maybe you don't need to use a ResponsiveContainer. @ http://localhost:3002/_next/static/chunks/node_modules_next_dist_f3530cac._.js:2297
[    8062ms] [WARNING] The width(511) and height(300) are both fixed numbers,
       maybe you don't need to use a ResponsiveContainer. @ http://localhost:3002/_next/static/chunks/node_modules_next_dist_f3530cac._.js:2297
[    8062ms] [WARNING] The width(511) and height(300) are both fixed numbers,
       maybe you don't need to use a ResponsiveContainer. @ http://localhost:3002/_next/static/chunks/node_modules_next_dist_f3530cac._.js:2297
[    8078ms] [WARNING] The width(511) and height(300) are both fixed numbers,
       maybe you don't need to use a ResponsiveContainer. @ http://localhost:3002/_next/static/chunks/node_modules_next_dist_f3530cac._.js:2297
[    8078ms] [WARNING] The width(511) and height(300) are both fixed numbers,
       maybe you don't need to use a ResponsiveContainer. @ http://localhost:3002/_next/static/chunks/node_modules_next_dist_f3530cac._.js:2297
[    8089ms] [WARNING] The width(511) and height(260) are both fixed numbers,
       maybe you don't need to use a ResponsiveContainer. @ http://localhost:3002/_next/static/chunks/node_modules_next_dist_f3530cac._.js:2297
[    8089ms] [WARNING] The width(511) and height(260) are both fixed numbers,
       maybe you don't need to use a ResponsiveContainer. @ http://localhost:3002/_next/static/chunks/node_modules_next_dist_f3530cac._.js:2297
[    8461ms] [WARNING] The width(511) and height(260) are both fixed numbers,
       maybe you don't need to use a ResponsiveContainer. @ http://localhost:3002/_next/static/chunks/node_modules_next_dist_f3530cac._.js:2297
[    8461ms] [WARNING] The width(511) and height(260) are both fixed numbers,
       maybe you don't need to use a ResponsiveContainer. @ http://localhost:3002/_next/static/chunks/node_modules_next_dist_f3530cac._.js:2297
[    8467ms] [WARNING] The width(511) and height(260) are both fixed numbers,
       maybe you don't need to use a ResponsiveContainer. @ http://localhost:3002/_next/static/chunks/node_modules_next_dist_f3530cac._.js:2297
[    8467ms] [WARNING] The width(511) and height(260) are both fixed numbers,
       maybe you don't need to use a ResponsiveContainer. @ http://localhost:3002/_next/static/chunks/node_modules_next_dist_f3530cac._.js:2297
[    8471ms] [WARNING] The width(511) and height(300) are both fixed numbers,
       maybe you don't need to use a ResponsiveContainer. @ http://localhost:3002/_next/static/chunks/node_modules_next_dist_f3530cac._.js:2297
[    8471ms] [WARNING] The width(511) and height(300) are both fixed numbers,
       maybe you don't need to use a ResponsiveContainer. @ http://localhost:3002/_next/static/chunks/node_modules_next_dist_f3530cac._.js:2297
[    8482ms] [WARNING] The width(511) and height(300) are both fixed numbers,
       maybe you don't need to use a ResponsiveContainer. @ http://localhost:3002/_next/static/chunks/node_modules_next_dist_f3530cac._.js:2297
[    8482ms] [WARNING] The width(511) and height(300) are both fixed numbers,
       maybe you don't need to use a ResponsiveContainer. @ http://localhost:3002/_next/static/chunks/node_modules_next_dist_f3530cac._.js:2297
[    8491ms] [WARNING] The width(511) and height(260) are both fixed numbers,
       maybe you don't need to use a ResponsiveContainer. @ http://localhost:3002/_next/static/chunks/node_modules_next_dist_f3530cac._.js:2297
[    8491ms] [WARNING] The width(511) and height(260) are both fixed numbers,
       maybe you don't need to use a ResponsiveContainer. @ http://localhost:3002/_next/static/chunks/node_modules_next_dist_f3530cac._.js:2297
[    8946ms] [WARNING] The width(511) and height(260) are both fixed numbers,
       maybe you don't need to use a ResponsiveContainer. @ http://localhost:3002/_next/static/chunks/node_modules_next_dist_f3530cac._.js:2297
[    8947ms] [WARNING] The width(511) and height(260) are both fixed numbers,
       maybe you don't need to use a ResponsiveContainer. @ http://localhost:3002/_next/static/chunks/node_modules_next_dist_f3530cac._.js:2297
[    8953ms] [WARNING] The width(511) and height(260) are both fixed numbers,
       maybe you don't need to use a ResponsiveContainer. @ http://localhost:3002/_next/static/chunks/node_modules_next_dist_f3530cac._.js:2297
[    8954ms] [WARNING] The width(511) and height(260) are both fixed numbers,
       maybe you don't need to use a ResponsiveContainer. @ http://localhost:3002/_next/static/chunks/node_modules_next_dist_f3530cac._.js:2297
[    8959ms] [WARNING] The width(511) and height(300) are both fixed numbers,
       maybe you don't need to use a ResponsiveContainer. @ http://localhost:3002/_next/static/chunks/node_modules_next_dist_f3530cac._.js:2297
[    8959ms] [WARNING] The width(511) and height(300) are both fixed numbers,
       maybe you don't need to use a ResponsiveContainer. @ http://localhost:3002/_next/static/chunks/node_modules_next_dist_f3530cac._.js:2297
[    8971ms] [WARNING] The width(511) and height(300) are both fixed numbers,
       maybe you don't need to use a ResponsiveContainer. @ http://localhost:3002/_next/static/chunks/node_modules_next_dist_f3530cac._.js:2297
[    8971ms] [WARNING] The width(511) and height(300) are both fixed numbers,
       maybe you don't need to use a ResponsiveContainer. @ http://localhost:3002/_next/static/chunks/node_modules_next_dist_f3530cac._.js:2297
[    8980ms] [WARNING] The width(511) and height(260) are both fixed numbers,
       maybe you don't need to use a ResponsiveContainer. @ http://localhost:3002/_next/static/chunks/node_modules_next_dist_f3530cac._.js:2297
[    8981ms] [WARNING] The width(511) and height(260) are both fixed numbers,
       maybe you don't need to use a ResponsiveContainer. @ http://localhost:3002/_next/static/chunks/node_modules_next_dist_f3530cac._.js:2297
[    9421ms] [WARNING] The width(511) and height(260) are both fixed numbers,
       maybe you don't need to use a ResponsiveContainer. @ http://localhost:3002/_next/static/chunks/node_modules_next_dist_f3530cac._.js:2297
[    9421ms] [WARNING] The width(511) and height(260) are both fixed numbers,
       maybe you don't need to use a ResponsiveContainer. @ http://localhost:3002/_next/static/chunks/node_modules_next_dist_f3530cac._.js:2297
[    9432ms] [WARNING] The width(511) and height(260) are both fixed numbers,
       maybe you don't need to use a ResponsiveContainer. @ http://localhost:3002/_next/static/chunks/node_modules_next_dist_f3530cac._.js:2297
[    9432ms] [WARNING] The width(511) and height(260) are both fixed numbers,
       maybe you don't need to use a ResponsiveContainer. @ http://localhost:3002/_next/static/chunks/node_modules_next_dist_f3530cac._.js:2297
[    9439ms] [WARNING] The width(511) and height(300) are both fixed numbers,
       maybe you don't need to use a ResponsiveContainer. @ http://localhost:3002/_next/static/chunks/node_modules_next_dist_f3530cac._.js:2297
[    9439ms] [WARNING] The width(511) and height(300) are both fixed numbers,
       maybe you don't need to use a ResponsiveContainer. @ http://localhost:3002/_next/static/chunks/node_modules_next_dist_f3530cac._.js:2297
[    9454ms] [WARNING] The width(511) and height(300) are both fixed numbers,
       maybe you don't need to use a ResponsiveContainer. @ http://localhost:3002/_next/static/chunks/node_modules_next_dist_f3530cac._.js:2297
[    9454ms] [WARNING] The width(511) and height(300) are both fixed numbers,
       maybe you don't need to use a ResponsiveContainer. @ http://localhost:3002/_next/static/chunks/node_modules_next_dist_f3530cac._.js:2297
[    9464ms] [WARNING] The width(511) and height(260) are both fixed numbers,
       maybe you don't need to use a ResponsiveContainer. @ http://localhost:3002/_next/static/chunks/node_modules_next_dist_f3530cac._.js:2297
[    9465ms] [WARNING] The width(511) and height(260) are both fixed numbers,
       maybe you don't need to use a ResponsiveContainer. @ http://localhost:3002/_next/static/chunks/node_modules_next_dist_f3530cac._.js:2297
[    9921ms] [WARNING] The width(511) and height(260) are both fixed numbers,
       maybe you don't need to use a ResponsiveContainer. @ http://localhost:3002/_next/static/chunks/node_modules_next_dist_f3530cac._.js:2297
[    9921ms] [WARNING] The width(511) and height(260) are both fixed numbers,
       maybe you don't need to use a ResponsiveContainer. @ http://localhost:3002/_next/static/chunks/node_modules_next_dist_f3530cac._.js:2297
[    9929ms] [WARNING] The width(511) and height(260) are both fixed numbers,
       maybe you don't need to use a ResponsiveContainer. @ http://localhost:3002/_next/static/chunks/node_modules_next_dist_f3530cac._.js:2297
[    9929ms] [WARNING] The width(511) and height(260) are both fixed numbers,
       maybe you don't need to use a ResponsiveContainer. @ http://localhost:3002/_next/static/chunks/node_modules_next_dist_f3530cac._.js:2297
[    9936ms] [WARNING] The width(511) and height(300) are both fixed numbers,
       maybe you don't need to use a ResponsiveContainer. @ http://localhost:3002/_next/static/chunks/node_modules_next_dist_f3530cac._.js:2297
[    9936ms] [WARNING] The width(511) and height(300) are both fixed numbers,
       maybe you don't need to use a ResponsiveContainer. @ http://localhost:3002/_next/static/chunks/node_modules_next_dist_f3530cac._.js:2297
[    9949ms] [WARNING] The width(511) and height(300) are both fixed numbers,
       maybe you don't need to use a ResponsiveContainer. @ http://localhost:3002/_next/static/chunks/node_modules_next_dist_f3530cac._.js:2297
[    9950ms] [WARNING] The width(511) and height(300) are both fixed numbers,
       maybe you don't need to use a ResponsiveContainer. @ http://localhost:3002/_next/static/chunks/node_modules_next_dist_f3530cac._.js:2297
[    9960ms] [WARNING] The width(511) and height(260) are both fixed numbers,
       maybe you don't need to use a ResponsiveContainer. @ http://localhost:3002/_next/static/chunks/node_modules_next_dist_f3530cac._.js:2297
[    9960ms] [WARNING] The width(511) and height(260) are both fixed numbers,
       maybe you don't need to use a ResponsiveContainer. @ http://localhost:3002/_next/static/chunks/node_modules_next_dist_f3530cac._.js:2297
[   10356ms] [WARNING] The width(511) and height(260) are both fixed numbers,
       maybe you don't need to use a ResponsiveContainer. @ http://localhost:3002/_next/static/chunks/node_modules_next_dist_f3530cac._.js:2297
[   10357ms] [WARNING] The width(511) and height(260) are both fixed numbers,
       maybe you don't need to use a ResponsiveContainer. @ http://localhost:3002/_next/static/chunks/node_modules_next_dist_f3530cac._.js:2297
[   10366ms] [WARNING] The width(511) and height(260) are both fixed numbers,
       maybe you don't need to use a ResponsiveContainer. @ http://localhost:3002/_next/static/chunks/node_modules_next_dist_f3530cac._.js:2297
[   10366ms] [WARNING] The width(511) and height(260) are both fixed numbers,
       maybe you don't need to use a ResponsiveContainer. @ http://localhost:3002/_next/static/chunks/node_modules_next_dist_f3530cac._.js:2297
[   10373ms] [WARNING] The width(511) and height(300) are both fixed numbers,
       maybe you don't need to use a ResponsiveContainer. @ http://localhost:3002/_next/static/chunks/node_modules_next_dist_f3530cac._.js:2297
[   10373ms] [WARNING] The width(511) and height(300) are both fixed numbers,
       maybe you don't need to use a ResponsiveContainer. @ http://localhost:3002/_next/static/chunks/node_modules_next_dist_f3530cac._.js:2297
[   10387ms] [WARNING] The width(511) and height(300) are both fixed numbers,
       maybe you don't need to use a ResponsiveContainer. @ http://localhost:3002/_next/static/chunks/node_modules_next_dist_f3530cac._.js:2297
[   10387ms] [WARNING] The width(511) and height(300) are both fixed numbers,
       maybe you don't need to use a ResponsiveContainer. @ http://localhost:3002/_next/static/chunks/node_modules_next_dist_f3530cac._.js:2297
[   10397ms] [WARNING] The width(511) and height(260) are both fixed numbers,
       maybe you don't need to use a ResponsiveContainer. @ http://localhost:3002/_next/static/chunks/node_modules_next_dist_f3530cac._.js:2297
[   10397ms] [WARNING] The width(511) and height(260) are both fixed numbers,
       maybe you don't need to use a ResponsiveContainer. @ http://localhost:3002/_next/static/chunks/node_modules_next_dist_f3530cac._.js:2297
[   10781ms] [WARNING] The width(511) and height(260) are both fixed numbers,
       maybe you don't need to use a ResponsiveContainer. @ http://localhost:3002/_next/static/chunks/node_modules_next_dist_f3530cac._.js:2297
[   10782ms] [WARNING] The width(511) and height(260) are both fixed numbers,
       maybe you don't need to use a ResponsiveContainer. @ http://localhost:3002/_next/static/chunks/node_modules_next_dist_f3530cac._.js:2297
[   10791ms] [WARNING] The width(511) and height(260) are both fixed numbers,
       maybe you don't need to use a ResponsiveContainer. @ http://localhost:3002/_next/static/chunks/node_modules_next_dist_f3530cac._.js:2297
[   10791ms] [WARNING] The width(511) and height(260) are both fixed numbers,
       maybe you don't need to use a ResponsiveContainer. @ http://localhost:3002/_next/static/chunks/node_modules_next_dist_f3530cac._.js:2297
[   10798ms] [WARNING] The width(511) and height(300) are both fixed numbers,
       maybe you don't need to use a ResponsiveContainer. @ http://localhost:3002/_next/static/chunks/node_modules_next_dist_f3530cac._.js:2297
[   10798ms] [WARNING] The width(511) and height(300) are both fixed numbers,
       maybe you don't need to use a ResponsiveContainer. @ http://localhost:3002/_next/static/chunks/node_modules_next_dist_f3530cac._.js:2297
[   10812ms] [WARNING] The width(511) and height(300) are both fixed numbers,
       maybe you don't need to use a ResponsiveContainer. @ http://localhost:3002/_next/static/chunks/node_modules_next_dist_f3530cac._.js:2297
[   10812ms] [WARNING] The width(511) and height(300) are both fixed numbers,
       maybe you don't need to use a ResponsiveContainer. @ http://localhost:3002/_next/static/chunks/node_modules_next_dist_f3530cac._.js:2297
[   10823ms] [WARNING] The width(511) and height(260) are both fixed numbers,
       maybe you don't need to use a ResponsiveContainer. @ http://localhost:3002/_next/static/chunks/node_modules_next_dist_f3530cac._.js:2297
[   10823ms] [WARNING] The width(511) and height(260) are both fixed numbers,
       maybe you don't need to use a ResponsiveContainer. @ http://localhost:3002/_next/static/chunks/node_modules_next_dist_f3530cac._.js:2297
[   11295ms] [WARNING] The width(511) and height(260) are both fixed numbers,
       maybe you don't need to use a ResponsiveContainer. @ http://localhost:3002/_next/static/chunks/node_modules_next_dist_f3530cac._.js:2297
[   11295ms] [WARNING] The width(511) and height(260) are both fixed numbers,
       maybe you don't need to use a ResponsiveContainer. @ http://localhost:3002/_next/static/chunks/node_modules_next_dist_f3530cac._.js:2297
[   11301ms] [WARNING] The width(511) and height(260) are both fixed numbers,
       maybe you don't need to use a ResponsiveContainer. @ http://localhost:3002/_next/static/chunks/node_modules_next_dist_f3530cac._.js:2297
[   11301ms] [WARNING] The width(511) and height(260) are both fixed numbers,
       maybe you don't need to use a ResponsiveContainer. @ http://localhost:3002/_next/static/chunks/node_modules_next_dist_f3530cac._.js:2297
[   11306ms] [WARNING] The width(511) and height(300) are both fixed numbers,
       maybe you don't need to use a ResponsiveContainer. @ http://localhost:3002/_next/static/chunks/node_modules_next_dist_f3530cac._.js:2297
[   11307ms] [WARNING] The width(511) and height(300) are both fixed numbers,
       maybe you don't need to use a ResponsiveContainer. @ http://localhost:3002/_next/static/chunks/node_modules_next_dist_f3530cac._.js:2297
[   11318ms] [WARNING] The width(511) and height(300) are both fixed numbers,
       maybe you don't need to use a ResponsiveContainer. @ http://localhost:3002/_next/static/chunks/node_modules_next_dist_f3530cac._.js:2297
[   11318ms] [WARNING] The width(511) and height(300) are both fixed numbers,
       maybe you don't need to use a ResponsiveContainer. @ http://localhost:3002/_next/static/chunks/node_modules_next_dist_f3530cac._.js:2297
[   11327ms] [WARNING] The width(511) and height(260) are both fixed numbers,
       maybe you don't need to use a ResponsiveContainer. @ http://localhost:3002/_next/static/chunks/node_modules_next_dist_f3530cac._.js:2297
[   11327ms] [WARNING] The width(511) and height(260) are both fixed numbers,
       maybe you don't need to use a ResponsiveContainer. @ http://localhost:3002/_next/static/chunks/node_modules_next_dist_f3530cac._.js:2297
[   11806ms] [WARNING] The width(511) and height(260) are both fixed numbers,
       maybe you don't need to use a ResponsiveContainer. @ http://localhost:3002/_next/static/chunks/node_modules_next_dist_f3530cac._.js:2297
[   11806ms] [WARNING] The width(511) and height(260) are both fixed numbers,
       maybe you don't need to use a ResponsiveContainer. @ http://localhost:3002/_next/static/chunks/node_modules_next_dist_f3530cac._.js:2297
[   11812ms] [WARNING] The width(511) and height(260) are both fixed numbers,
       maybe you don't need to use a ResponsiveContainer. @ http://localhost:3002/_next/static/chunks/node_modules_next_dist_f3530cac._.js:2297
[   11812ms] [WARNING] The width(511) and height(260) are both fixed numbers,
       maybe you don't need to use a ResponsiveContainer. @ http://localhost:3002/_next/static/chunks/node_modules_next_dist_f3530cac._.js:2297
[   11816ms] [WARNING] The width(511) and height(300) are both fixed numbers,
       maybe you don't need to use a ResponsiveContainer. @ http://localhost:3002/_next/static/chunks/node_modules_next_dist_f3530cac._.js:2297
[   11816ms] [WARNING] The width(511) and height(300) are both fixed numbers,
       maybe you don't need to use a ResponsiveContainer. @ http://localhost:3002/_next/static/chunks/node_modules_next_dist_f3530cac._.js:2297
[   11827ms] [WARNING] The width(511) and height(300) are both fixed numbers,
       maybe you don't need to use a ResponsiveContainer. @ http://localhost:3002/_next/static/chunks/node_modules_next_dist_f3530cac._.js:2297
[   11827ms] [WARNING] The width(511) and height(300) are both fixed numbers,
       maybe you don't need to use a ResponsiveContainer. @ http://localhost:3002/_next/static/chunks/node_modules_next_dist_f3530cac._.js:2297
[   11835ms] [WARNING] The width(511) and height(260) are both fixed numbers,
       maybe you don't need to use a ResponsiveContainer. @ http://localhost:3002/_next/static/chunks/node_modules_next_dist_f3530cac._.js:2297
[   11835ms] [WARNING] The width(511) and height(260) are both fixed numbers,
       maybe you don't need to use a ResponsiveContainer. @ http://localhost:3002/_next/static/chunks/node_modules_next_dist_f3530cac._.js:2297
[   12236ms] [WARNING] The width(511) and height(260) are both fixed numbers,
       maybe you don't need to use a ResponsiveContainer. @ http://localhost:3002/_next/static/chunks/node_modules_next_dist_f3530cac._.js:2297
[   12236ms] [WARNING] The width(511) and height(260) are both fixed numbers,
       maybe you don't need to use a ResponsiveContainer. @ http://localhost:3002/_next/static/chunks/node_modules_next_dist_f3530cac._.js:2297
[   12243ms] [WARNING] The width(511) and height(260) are both fixed numbers,
       maybe you don't need to use a ResponsiveContainer. @ http://localhost:3002/_next/static/chunks/node_modules_next_dist_f3530cac._.js:2297
[   12243ms] [WARNING] The width(511) and height(260) are both fixed numbers,
       maybe you don't need to use a ResponsiveContainer. @ http://localhost:3002/_next/static/chunks/node_modules_next_dist_f3530cac._.js:2297
[   12249ms] [WARNING] The width(511) and height(300) are both fixed numbers,
       maybe you don't need to use a ResponsiveContainer. @ http://localhost:3002/_next/static/chunks/node_modules_next_dist_f3530cac._.js:2297
[   12249ms] [WARNING] The width(511) and height(300) are both fixed numbers,
       maybe you don't need to use a ResponsiveContainer. @ http://localhost:3002/_next/static/chunks/node_modules_next_dist_f3530cac._.js:2297
[   12261ms] [WARNING] The width(511) and height(300) are both fixed numbers,
       maybe you don't need to use a ResponsiveContainer. @ http://localhost:3002/_next/static/chunks/node_modules_next_dist_f3530cac._.js:2297
[   12261ms] [WARNING] The width(511) and height(300) are both fixed numbers,
       maybe you don't need to use a ResponsiveContainer. @ http://localhost:3002/_next/static/chunks/node_modules_next_dist_f3530cac._.js:2297
[   12269ms] [WARNING] The width(511) and height(260) are both fixed numbers,
       maybe you don't need to use a ResponsiveContainer. @ http://localhost:3002/_next/static/chunks/node_modules_next_dist_f3530cac._.js:2297
[   12270ms] [WARNING] The width(511) and height(260) are both fixed numbers,
       maybe you don't need to use a ResponsiveContainer. @ http://localhost:3002/_next/static/chunks/node_modules_next_dist_f3530cac._.js:2297
[   12657ms] [WARNING] The width(511) and height(260) are both fixed numbers,
       maybe you don't need to use a ResponsiveContainer. @ http://localhost:3002/_next/static/chunks/node_modules_next_dist_f3530cac._.js:2297
[   12657ms] [WARNING] The width(511) and height(260) are both fixed numbers,
       maybe you don't need to use a ResponsiveContainer. @ http://localhost:3002/_next/static/chunks/node_modules_next_dist_f3530cac._.js:2297
[   12665ms] [WARNING] The width(511) and height(260) are both fixed numbers,
       maybe you don't need to use a ResponsiveContainer. @ http://localhost:3002/_next/static/chunks/node_modules_next_dist_f3530cac._.js:2297
[   12665ms] [WARNING] The width(511) and height(260) are both fixed numbers,
       maybe you don't need to use a ResponsiveContainer. @ http://localhost:3002/_next/static/chunks/node_modules_next_dist_f3530cac._.js:2297
[   12671ms] [WARNING] The width(511) and height(300) are both fixed numbers,
       maybe you don't need to use a ResponsiveContainer. @ http://localhost:3002/_next/static/chunks/node_modules_next_dist_f3530cac._.js:2297
[   12671ms] [WARNING] The width(511) and height(300) are both fixed numbers,
       maybe you don't need to use a ResponsiveContainer. @ http://localhost:3002/_next/static/chunks/node_modules_next_dist_f3530cac._.js:2297
[   12684ms] [WARNING] The width(511) and height(300) are both fixed numbers,
       maybe you don't need to use a ResponsiveContainer. @ http://localhost:3002/_next/static/chunks/node_modules_next_dist_f3530cac._.js:2297
[   12684ms] [WARNING] The width(511) and height(300) are both fixed numbers,
       maybe you don't need to use a ResponsiveContainer. @ http://localhost:3002/_next/static/chunks/node_modules_next_dist_f3530cac._.js:2297
[   12694ms] [WARNING] The width(511) and height(260) are both fixed numbers,
       maybe you don't need to use a ResponsiveContainer. @ http://localhost:3002/_next/static/chunks/node_modules_next_dist_f3530cac._.js:2297
[   12694ms] [WARNING] The width(511) and height(260) are both fixed numbers,
       maybe you don't need to use a ResponsiveContainer. @ http://localhost:3002/_next/static/chunks/node_modules_next_dist_f3530cac._.js:2297
[   13071ms] [WARNING] The width(511) and height(260) are both fixed numbers,
       maybe you don't need to use a ResponsiveContainer. @ http://localhost:3002/_next/static/chunks/node_modules_next_dist_f3530cac._.js:2297
[   13071ms] [WARNING] The width(511) and height(260) are both fixed numbers,
       maybe you don't need to use a ResponsiveContainer. @ http://localhost:3002/_next/static/chunks/node_modules_next_dist_f3530cac._.js:2297
[   13078ms] [WARNING] The width(511) and height(260) are both fixed numbers,
       maybe you don't need to use a ResponsiveContainer. @ http://localhost:3002/_next/static/chunks/node_modules_next_dist_f3530cac._.js:2297
[   13078ms] [WARNING] The width(511) and height(260) are both fixed numbers,
       maybe you don't need to use a ResponsiveContainer. @ http://localhost:3002/_next/static/chunks/node_modules_next_dist_f3530cac._.js:2297
[   13084ms] [WARNING] The width(511) and height(300) are both fixed numbers,
       maybe you don't need to use a ResponsiveContainer. @ http://localhost:3002/_next/static/chunks/node_modules_next_dist_f3530cac._.js:2297
[   13084ms] [WARNING] The width(511) and height(300) are both fixed numbers,
       maybe you don't need to use a ResponsiveContainer. @ http://localhost:3002/_next/static/chunks/node_modules_next_dist_f3530cac._.js:2297
[   13096ms] [WARNING] The width(511) and height(300) are both fixed numbers,
       maybe you don't need to use a ResponsiveContainer. @ http://localhost:3002/_next/static/chunks/node_modules_next_dist_f3530cac._.js:2297
[   13096ms] [WARNING] The width(511) and height(300) are both fixed numbers,
       maybe you don't need to use a ResponsiveContainer. @ http://localhost:3002/_next/static/chunks/node_modules_next_dist_f3530cac._.js:2297
[   13105ms] [WARNING] The width(511) and height(260) are both fixed numbers,
       maybe you don't need to use a ResponsiveContainer. @ http://localhost:3002/_next/static/chunks/node_modules_next_dist_f3530cac._.js:2297
[   13105ms] [WARNING] The width(511) and height(260) are both fixed numbers,
       maybe you don't need to use a ResponsiveContainer. @ http://localhost:3002/_next/static/chunks/node_modules_next_dist_f3530cac._.js:2297
[   75997ms] [LOG] [Fast Refresh] rebuilding @ http://localhost:3002/_next/static/chunks/node_modules_next_dist_f3530cac._.js:2297
[   76020ms] [LOG] [Fast Refresh] done in 152ms @ http://localhost:3002/_next/static/chunks/node_modules_next_dist_f3530cac._.js:2297
