[     287ms] [INFO] %cDownload the React DevTools for a better development experience: https://react.dev/link/react-devtools font-weight:bold @ http://localhost:3000/_next/static/chunks/979b6_next_dist_2a67324b._.js:2297
[     395ms] [LOG] [HMR] connected @ http://localhost:3000/_next/static/chunks/979b6_next_dist_2a67324b._.js:2297
[     445ms] [ERROR] Failed to load resource: the server responded with a status of 404 (Not Found) @ http://localhost:3000/favicon.ico:0
[     546ms] [LOG] [Fast Refresh] rebuilding @ http://localhost:3000/_next/static/chunks/979b6_next_dist_2a67324b._.js:2297
[     761ms] [LOG] [Fast Refresh] done in 338ms @ http://localhost:3000/_next/static/chunks/979b6_next_dist_2a67324b._.js:2297
[   46926ms] [WARNING] The width(527) and height(220) are both fixed numbers,
       maybe you don't need to use a ResponsiveContainer. @ http://localhost:3000/_next/static/chunks/979b6_next_dist_2a67324b._.js:2297
[   46926ms] [WARNING] The width(527) and height(220) are both fixed numbers,
       maybe you don't need to use a ResponsiveContainer. @ http://localhost:3000/_next/static/chunks/979b6_next_dist_2a67324b._.js:2297
[   46941ms] [WARNING] The width(1103) and height(280) are both fixed numbers,
       maybe you don't need to use a ResponsiveContainer. @ http://localhost:3000/_next/static/chunks/979b6_next_dist_2a67324b._.js:2297
[   46941ms] [WARNING] The width(1103) and height(280) are both fixed numbers,
       maybe you don't need to use a ResponsiveContainer. @ http://localhost:3000/_next/static/chunks/979b6_next_dist_2a67324b._.js:2297
[   46953ms] [WARNING] The width(1103) and height(280) are both fixed numbers,
       maybe you don't need to use a ResponsiveContainer. @ http://localhost:3000/_next/static/chunks/979b6_next_dist_2a67324b._.js:2297
[   46953ms] [WARNING] The width(1103) and height(280) are both fixed numbers,
       maybe you don't need to use a ResponsiveContainer. @ http://localhost:3000/_next/static/chunks/979b6_next_dist_2a67324b._.js:2297
[   47017ms] [WARNING] The width(1103) and height(380) are both fixed numbers,
       maybe you don't need to use a ResponsiveContainer. @ http://localhost:3000/_next/static/chunks/979b6_next_dist_2a67324b._.js:2297
[   47017ms] [WARNING] The width(1103) and height(380) are both fixed numbers,
       maybe you don't need to use a ResponsiveContainer. @ http://localhost:3000/_next/static/chunks/979b6_next_dist_2a67324b._.js:2297
[   47043ms] [WARNING] The width(1103) and height(480) are both fixed numbers,
       maybe you don't need to use a ResponsiveContainer. @ http://localhost:3000/_next/static/chunks/979b6_next_dist_2a67324b._.js:2297
[   47043ms] [WARNING] The width(1103) and height(480) are both fixed numbers,
       maybe you don't need to use a ResponsiveContainer. @ http://localhost:3000/_next/static/chunks/979b6_next_dist_2a67324b._.js:2297
[   47122ms] [WARNING] The width(527) and height(680) are both fixed numbers,
       maybe you don't need to use a ResponsiveContainer. @ http://localhost:3000/_next/static/chunks/979b6_next_dist_2a67324b._.js:2297
[   47122ms] [WARNING] The width(527) and height(680) are both fixed numbers,
       maybe you don't need to use a ResponsiveContainer. @ http://localhost:3000/_next/static/chunks/979b6_next_dist_2a67324b._.js:2297
[   47137ms] [WARNING] The width(527) and height(680) are both fixed numbers,
       maybe you don't need to use a ResponsiveContainer. @ http://localhost:3000/_next/static/chunks/979b6_next_dist_2a67324b._.js:2297
[   47137ms] [WARNING] The width(527) and height(680) are both fixed numbers,
       maybe you don't need to use a ResponsiveContainer. @ http://localhost:3000/_next/static/chunks/979b6_next_dist_2a67324b._.js:2297
[   47155ms] [WARNING] The width(527) and height(592) are both fixed numbers,
       maybe you don't need to use a ResponsiveContainer. @ http://localhost:3000/_next/static/chunks/979b6_next_dist_2a67324b._.js:2297
[   47155ms] [WARNING] The width(527) and height(592) are both fixed numbers,
       maybe you don't need to use a ResponsiveContainer. @ http://localhost:3000/_next/static/chunks/979b6_next_dist_2a67324b._.js:2297
[   47169ms] [WARNING] The width(527) and height(372) are both fixed numbers,
       maybe you don't need to use a ResponsiveContainer. @ http://localhost:3000/_next/static/chunks/979b6_next_dist_2a67324b._.js:2297
[   47169ms] [WARNING] The width(527) and height(372) are both fixed numbers,
       maybe you don't need to use a ResponsiveContainer. @ http://localhost:3000/_next/static/chunks/979b6_next_dist_2a67324b._.js:2297
[   50502ms] [WARNING] The width(0) and height(220) are both fixed numbers,
       maybe you don't need to use a ResponsiveContainer. @ http://localhost:3000/_next/static/chunks/979b6_next_dist_2a67324b._.js:2297
[   50502ms] [WARNING] The width(0) and height(220) are both fixed numbers,
       maybe you don't need to use a ResponsiveContainer. @ http://localhost:3000/_next/static/chunks/979b6_next_dist_2a67324b._.js:2297
[   50502ms] [WARNING] The width(0) and height(280) are both fixed numbers,
       maybe you don't need to use a ResponsiveContainer. @ http://localhost:3000/_next/static/chunks/979b6_next_dist_2a67324b._.js:2297
[   50502ms] [WARNING] The width(0) and height(280) are both fixed numbers,
       maybe you don't need to use a ResponsiveContainer. @ http://localhost:3000/_next/static/chunks/979b6_next_dist_2a67324b._.js:2297
[   50503ms] [WARNING] The width(0) and height(280) are both fixed numbers,
       maybe you don't need to use a ResponsiveContainer. @ http://localhost:3000/_next/static/chunks/979b6_next_dist_2a67324b._.js:2297
[   50503ms] [WARNING] The width(0) and height(280) are both fixed numbers,
       maybe you don't need to use a ResponsiveContainer. @ http://localhost:3000/_next/static/chunks/979b6_next_dist_2a67324b._.js:2297
[   50503ms] [WARNING] The width(0) and height(380) are both fixed numbers,
       maybe you don't need to use a ResponsiveContainer. @ http://localhost:3000/_next/static/chunks/979b6_next_dist_2a67324b._.js:2297
[   50503ms] [WARNING] The width(0) and height(380) are both fixed numbers,
       maybe you don't need to use a ResponsiveContainer. @ http://localhost:3000/_next/static/chunks/979b6_next_dist_2a67324b._.js:2297
[   50503ms] [WARNING] The width(0) and height(480) are both fixed numbers,
       maybe you don't need to use a ResponsiveContainer. @ http://localhost:3000/_next/static/chunks/979b6_next_dist_2a67324b._.js:2297
[   50503ms] [WARNING] The width(0) and height(480) are both fixed numbers,
       maybe you don't need to use a ResponsiveContainer. @ http://localhost:3000/_next/static/chunks/979b6_next_dist_2a67324b._.js:2297
[   50504ms] [WARNING] The width(0) and height(680) are both fixed numbers,
       maybe you don't need to use a ResponsiveContainer. @ http://localhost:3000/_next/static/chunks/979b6_next_dist_2a67324b._.js:2297
[   50504ms] [WARNING] The width(0) and height(680) are both fixed numbers,
       maybe you don't need to use a ResponsiveContainer. @ http://localhost:3000/_next/static/chunks/979b6_next_dist_2a67324b._.js:2297
[   50504ms] [WARNING] The width(0) and height(680) are both fixed numbers,
       maybe you don't need to use a ResponsiveContainer. @ http://localhost:3000/_next/static/chunks/979b6_next_dist_2a67324b._.js:2297
[   50504ms] [WARNING] The width(0) and height(680) are both fixed numbers,
       maybe you don't need to use a ResponsiveContainer. @ http://localhost:3000/_next/static/chunks/979b6_next_dist_2a67324b._.js:2297
[   50505ms] [WARNING] The width(0) and height(592) are both fixed numbers,
       maybe you don't need to use a ResponsiveContainer. @ http://localhost:3000/_next/static/chunks/979b6_next_dist_2a67324b._.js:2297
[   50505ms] [WARNING] The width(0) and height(592) are both fixed numbers,
       maybe you don't need to use a ResponsiveContainer. @ http://localhost:3000/_next/static/chunks/979b6_next_dist_2a67324b._.js:2297
[   50505ms] [WARNING] The width(0) and height(372) are both fixed numbers,
       maybe you don't need to use a ResponsiveContainer. @ http://localhost:3000/_next/static/chunks/979b6_next_dist_2a67324b._.js:2297
[   50505ms] [WARNING] The width(0) and height(372) are both fixed numbers,
       maybe you don't need to use a ResponsiveContainer. @ http://localhost:3000/_next/static/chunks/979b6_next_dist_2a67324b._.js:2297
[   50510ms] [WARNING] The width(534) and height(220) are both fixed numbers,
       maybe you don't need to use a ResponsiveContainer. @ http://localhost:3000/_next/static/chunks/979b6_next_dist_2a67324b._.js:2297
[   50510ms] [WARNING] The width(534) and height(220) are both fixed numbers,
       maybe you don't need to use a ResponsiveContainer. @ http://localhost:3000/_next/static/chunks/979b6_next_dist_2a67324b._.js:2297
[   50515ms] [WARNING] The width(1118) and height(280) are both fixed numbers,
       maybe you don't need to use a ResponsiveContainer. @ http://localhost:3000/_next/static/chunks/979b6_next_dist_2a67324b._.js:2297
[   50515ms] [WARNING] The width(1118) and height(280) are both fixed numbers,
       maybe you don't need to use a ResponsiveContainer. @ http://localhost:3000/_next/static/chunks/979b6_next_dist_2a67324b._.js:2297
[   50520ms] [WARNING] The width(1118) and height(280) are both fixed numbers,
       maybe you don't need to use a ResponsiveContainer. @ http://localhost:3000/_next/static/chunks/979b6_next_dist_2a67324b._.js:2297
[   50520ms] [WARNING] The width(1118) and height(280) are both fixed numbers,
       maybe you don't need to use a ResponsiveContainer. @ http://localhost:3000/_next/static/chunks/979b6_next_dist_2a67324b._.js:2297
[   50555ms] [WARNING] The width(1118) and height(380) are both fixed numbers,
       maybe you don't need to use a ResponsiveContainer. @ http://localhost:3000/_next/static/chunks/979b6_next_dist_2a67324b._.js:2297
[   50555ms] [WARNING] The width(1118) and height(380) are both fixed numbers,
       maybe you don't need to use a ResponsiveContainer. @ http://localhost:3000/_next/static/chunks/979b6_next_dist_2a67324b._.js:2297
[   50568ms] [WARNING] The width(1118) and height(480) are both fixed numbers,
       maybe you don't need to use a ResponsiveContainer. @ http://localhost:3000/_next/static/chunks/979b6_next_dist_2a67324b._.js:2297
[   50568ms] [WARNING] The width(1118) and height(480) are both fixed numbers,
       maybe you don't need to use a ResponsiveContainer. @ http://localhost:3000/_next/static/chunks/979b6_next_dist_2a67324b._.js:2297
[   50615ms] [WARNING] The width(534) and height(680) are both fixed numbers,
       maybe you don't need to use a ResponsiveContainer. @ http://localhost:3000/_next/static/chunks/979b6_next_dist_2a67324b._.js:2297
[   50615ms] [WARNING] The width(534) and height(680) are both fixed numbers,
       maybe you don't need to use a ResponsiveContainer. @ http://localhost:3000/_next/static/chunks/979b6_next_dist_2a67324b._.js:2297
[   50625ms] [WARNING] The width(534) and height(680) are both fixed numbers,
       maybe you don't need to use a ResponsiveContainer. @ http://localhost:3000/_next/static/chunks/979b6_next_dist_2a67324b._.js:2297
[   50625ms] [WARNING] The width(534) and height(680) are both fixed numbers,
       maybe you don't need to use a ResponsiveContainer. @ http://localhost:3000/_next/static/chunks/979b6_next_dist_2a67324b._.js:2297
[   50634ms] [WARNING] The width(534) and height(592) are both fixed numbers,
       maybe you don't need to use a ResponsiveContainer. @ http://localhost:3000/_next/static/chunks/979b6_next_dist_2a67324b._.js:2297
[   50634ms] [WARNING] The width(534) and height(592) are both fixed numbers,
       maybe you don't need to use a ResponsiveContainer. @ http://localhost:3000/_next/static/chunks/979b6_next_dist_2a67324b._.js:2297
[   50642ms] [WARNING] The width(534) and height(372) are both fixed numbers,
       maybe you don't need to use a ResponsiveContainer. @ http://localhost:3000/_next/static/chunks/979b6_next_dist_2a67324b._.js:2297
[   50642ms] [WARNING] The width(534) and height(372) are both fixed numbers,
       maybe you don't need to use a ResponsiveContainer. @ http://localhost:3000/_next/static/chunks/979b6_next_dist_2a67324b._.js:2297
[   50751ms] [WARNING] The width(534) and height(220) are both fixed numbers,
       maybe you don't need to use a ResponsiveContainer. @ http://localhost:3000/_next/static/chunks/979b6_next_dist_2a67324b._.js:2297
[   50751ms] [WARNING] The width(534) and height(220) are both fixed numbers,
       maybe you don't need to use a ResponsiveContainer. @ http://localhost:3000/_next/static/chunks/979b6_next_dist_2a67324b._.js:2297
[   50752ms] [WARNING] The width(1118) and height(280) are both fixed numbers,
       maybe you don't need to use a ResponsiveContainer. @ http://localhost:3000/_next/static/chunks/979b6_next_dist_2a67324b._.js:2297
[   50752ms] [WARNING] The width(1118) and height(280) are both fixed numbers,
       maybe you don't need to use a ResponsiveContainer. @ http://localhost:3000/_next/static/chunks/979b6_next_dist_2a67324b._.js:2297
[   50752ms] [WARNING] The width(1118) and height(280) are both fixed numbers,
       maybe you don't need to use a ResponsiveContainer. @ http://localhost:3000/_next/static/chunks/979b6_next_dist_2a67324b._.js:2297
[   50752ms] [WARNING] The width(1118) and height(280) are both fixed numbers,
       maybe you don't need to use a ResponsiveContainer. @ http://localhost:3000/_next/static/chunks/979b6_next_dist_2a67324b._.js:2297
[   50753ms] [WARNING] The width(1118) and height(380) are both fixed numbers,
       maybe you don't need to use a ResponsiveContainer. @ http://localhost:3000/_next/static/chunks/979b6_next_dist_2a67324b._.js:2297
[   50753ms] [WARNING] The width(1118) and height(380) are both fixed numbers,
       maybe you don't need to use a ResponsiveContainer. @ http://localhost:3000/_next/static/chunks/979b6_next_dist_2a67324b._.js:2297
[   50753ms] [WARNING] The width(1118) and height(480) are both fixed numbers,
       maybe you don't need to use a ResponsiveContainer. @ http://localhost:3000/_next/static/chunks/979b6_next_dist_2a67324b._.js:2297
[   50753ms] [WARNING] The width(1118) and height(480) are both fixed numbers,
       maybe you don't need to use a ResponsiveContainer. @ http://localhost:3000/_next/static/chunks/979b6_next_dist_2a67324b._.js:2297
[   50755ms] [WARNING] The width(534) and height(680) are both fixed numbers,
       maybe you don't need to use a ResponsiveContainer. @ http://localhost:3000/_next/static/chunks/979b6_next_dist_2a67324b._.js:2297
[   50755ms] [WARNING] The width(534) and height(680) are both fixed numbers,
       maybe you don't need to use a ResponsiveContainer. @ http://localhost:3000/_next/static/chunks/979b6_next_dist_2a67324b._.js:2297
[   50756ms] [WARNING] The width(534) and height(680) are both fixed numbers,
       maybe you don't need to use a ResponsiveContainer. @ http://localhost:3000/_next/static/chunks/979b6_next_dist_2a67324b._.js:2297
[   50756ms] [WARNING] The width(534) and height(680) are both fixed numbers,
       maybe you don't need to use a ResponsiveContainer. @ http://localhost:3000/_next/static/chunks/979b6_next_dist_2a67324b._.js:2297
[   50756ms] [WARNING] The width(534) and height(592) are both fixed numbers,
       maybe you don't need to use a ResponsiveContainer. @ http://localhost:3000/_next/static/chunks/979b6_next_dist_2a67324b._.js:2297
[   50756ms] [WARNING] The width(534) and height(592) are both fixed numbers,
       maybe you don't need to use a ResponsiveContainer. @ http://localhost:3000/_next/static/chunks/979b6_next_dist_2a67324b._.js:2297
[   50756ms] [WARNING] The width(534) and height(372) are both fixed numbers,
       maybe you don't need to use a ResponsiveContainer. @ http://localhost:3000/_next/static/chunks/979b6_next_dist_2a67324b._.js:2297
[   50756ms] [WARNING] The width(534) and height(372) are both fixed numbers,
       maybe you don't need to use a ResponsiveContainer. @ http://localhost:3000/_next/static/chunks/979b6_next_dist_2a67324b._.js:2297
[   51589ms] [LOG] [Fast Refresh] rebuilding @ http://localhost:3000/_next/static/chunks/979b6_next_dist_2a67324b._.js:2297
[   51677ms] [LOG] [Fast Refresh] done in 301ms @ http://localhost:3000/_next/static/chunks/979b6_next_dist_2a67324b._.js:2297
[   87549ms] [WARNING] The width(534) and height(220) are both fixed numbers,
       maybe you don't need to use a ResponsiveContainer. @ http://localhost:3000/_next/static/chunks/979b6_next_dist_2a67324b._.js:2297
[   87549ms] [WARNING] The width(534) and height(220) are both fixed numbers,
       maybe you don't need to use a ResponsiveContainer. @ http://localhost:3000/_next/static/chunks/979b6_next_dist_2a67324b._.js:2297
[   87556ms] [WARNING] The width(1118) and height(280) are both fixed numbers,
       maybe you don't need to use a ResponsiveContainer. @ http://localhost:3000/_next/static/chunks/979b6_next_dist_2a67324b._.js:2297
[   87556ms] [WARNING] The width(1118) and height(280) are both fixed numbers,
       maybe you don't need to use a ResponsiveContainer. @ http://localhost:3000/_next/static/chunks/979b6_next_dist_2a67324b._.js:2297
[   87562ms] [WARNING] The width(1118) and height(280) are both fixed numbers,
       maybe you don't need to use a ResponsiveContainer. @ http://localhost:3000/_next/static/chunks/979b6_next_dist_2a67324b._.js:2297
[   87563ms] [WARNING] The width(1118) and height(280) are both fixed numbers,
       maybe you don't need to use a ResponsiveContainer. @ http://localhost:3000/_next/static/chunks/979b6_next_dist_2a67324b._.js:2297
[   87600ms] [WARNING] The width(1118) and height(380) are both fixed numbers,
       maybe you don't need to use a ResponsiveContainer. @ http://localhost:3000/_next/static/chunks/979b6_next_dist_2a67324b._.js:2297
[   87600ms] [WARNING] The width(1118) and height(380) are both fixed numbers,
       maybe you don't need to use a ResponsiveContainer. @ http://localhost:3000/_next/static/chunks/979b6_next_dist_2a67324b._.js:2297
[   87615ms] [WARNING] The width(1118) and height(480) are both fixed numbers,
       maybe you don't need to use a ResponsiveContainer. @ http://localhost:3000/_next/static/chunks/979b6_next_dist_2a67324b._.js:2297
[   87615ms] [WARNING] The width(1118) and height(480) are both fixed numbers,
       maybe you don't need to use a ResponsiveContainer. @ http://localhost:3000/_next/static/chunks/979b6_next_dist_2a67324b._.js:2297
[   87666ms] [WARNING] The width(534) and height(680) are both fixed numbers,
       maybe you don't need to use a ResponsiveContainer. @ http://localhost:3000/_next/static/chunks/979b6_next_dist_2a67324b._.js:2297
[   87666ms] [WARNING] The width(534) and height(680) are both fixed numbers,
       maybe you don't need to use a ResponsiveContainer. @ http://localhost:3000/_next/static/chunks/979b6_next_dist_2a67324b._.js:2297
[   87676ms] [WARNING] The width(534) and height(680) are both fixed numbers,
       maybe you don't need to use a ResponsiveContainer. @ http://localhost:3000/_next/static/chunks/979b6_next_dist_2a67324b._.js:2297
[   87676ms] [WARNING] The width(534) and height(680) are both fixed numbers,
       maybe you don't need to use a ResponsiveContainer. @ http://localhost:3000/_next/static/chunks/979b6_next_dist_2a67324b._.js:2297
[   87686ms] [WARNING] The width(534) and height(592) are both fixed numbers,
       maybe you don't need to use a ResponsiveContainer. @ http://localhost:3000/_next/static/chunks/979b6_next_dist_2a67324b._.js:2297
[   87686ms] [WARNING] The width(534) and height(592) are both fixed numbers,
       maybe you don't need to use a ResponsiveContainer. @ http://localhost:3000/_next/static/chunks/979b6_next_dist_2a67324b._.js:2297
[   87694ms] [WARNING] The width(534) and height(372) are both fixed numbers,
       maybe you don't need to use a ResponsiveContainer. @ http://localhost:3000/_next/static/chunks/979b6_next_dist_2a67324b._.js:2297
[   87695ms] [WARNING] The width(534) and height(372) are both fixed numbers,
       maybe you don't need to use a ResponsiveContainer. @ http://localhost:3000/_next/static/chunks/979b6_next_dist_2a67324b._.js:2297
[   88045ms] [WARNING] Warning: Missing `Description` or `aria-describedby={undefined}` for {DialogContent}. @ http://localhost:3000/_next/static/chunks/979b6_next_dist_2a67324b._.js:2297
[   88075ms] [WARNING] Warning: Missing `Description` or `aria-describedby={undefined}` for {DialogContent}. @ http://localhost:3000/_next/static/chunks/979b6_next_dist_2a67324b._.js:2297
[  799955ms] [LOG] [Fast Refresh] rebuilding @ http://localhost:3000/_next/static/chunks/979b6_next_dist_2a67324b._.js:2297
[  800012ms] [LOG] [Fast Refresh] done in 135ms @ http://localhost:3000/_next/static/chunks/979b6_next_dist_2a67324b._.js:2297
[  804928ms] [LOG] [Fast Refresh] rebuilding @ http://localhost:3000/_next/static/chunks/979b6_next_dist_2a67324b._.js:2297
[  804962ms] [LOG] [Fast Refresh] done in 38ms @ http://localhost:3000/_next/static/chunks/979b6_next_dist_2a67324b._.js:2297
[  826254ms] [LOG] [Fast Refresh] rebuilding @ http://localhost:3000/_next/static/chunks/979b6_next_dist_2a67324b._.js:2297
[  826280ms] [LOG] [Fast Refresh] done in 69ms @ http://localhost:3000/_next/static/chunks/979b6_next_dist_2a67324b._.js:2297
[  855300ms] [LOG] [Fast Refresh] rebuilding @ http://localhost:3000/_next/static/chunks/979b6_next_dist_2a67324b._.js:2297
[  855327ms] [LOG] [Fast Refresh] done in 85ms @ http://localhost:3000/_next/static/chunks/979b6_next_dist_2a67324b._.js:2297
[  879134ms] [LOG] [Fast Refresh] rebuilding @ http://localhost:3000/_next/static/chunks/979b6_next_dist_2a67324b._.js:2297
[  879203ms] [LOG] [Fast Refresh] done in 171ms @ http://localhost:3000/_next/static/chunks/979b6_next_dist_2a67324b._.js:2297
[  883173ms] [LOG] [Fast Refresh] rebuilding @ http://localhost:3000/_next/static/chunks/979b6_next_dist_2a67324b._.js:2297
[  883198ms] [LOG] [Fast Refresh] done in 85ms @ http://localhost:3000/_next/static/chunks/979b6_next_dist_2a67324b._.js:2297
[  888618ms] [LOG] [Fast Refresh] rebuilding @ http://localhost:3000/_next/static/chunks/979b6_next_dist_2a67324b._.js:2297
[  888645ms] [LOG] [Fast Refresh] done in 99ms @ http://localhost:3000/_next/static/chunks/979b6_next_dist_2a67324b._.js:2297
[  894013ms] [LOG] [Fast Refresh] rebuilding @ http://localhost:3000/_next/static/chunks/979b6_next_dist_2a67324b._.js:2297
[  894040ms] [LOG] [Fast Refresh] done in 73ms @ http://localhost:3000/_next/static/chunks/979b6_next_dist_2a67324b._.js:2297
[ 2700603ms] [LOG] [Fast Refresh] rebuilding @ http://localhost:3000/_next/static/chunks/979b6_next_dist_2a67324b._.js:2297
[ 2700788ms] [WARNING] The width(534) and height(220) are both fixed numbers,
       maybe you don't need to use a ResponsiveContainer. @ http://localhost:3000/_next/static/chunks/979b6_next_dist_2a67324b._.js:2297
[ 2700793ms] [WARNING] The width(534) and height(220) are both fixed numbers,
       maybe you don't need to use a ResponsiveContainer. @ http://localhost:3000/_next/static/chunks/979b6_next_dist_2a67324b._.js:2297
[ 2700806ms] [WARNING] The width(1118) and height(280) are both fixed numbers,
       maybe you don't need to use a ResponsiveContainer. @ http://localhost:3000/_next/static/chunks/979b6_next_dist_2a67324b._.js:2297
[ 2700806ms] [WARNING] The width(1118) and height(280) are both fixed numbers,
       maybe you don't need to use a ResponsiveContainer. @ http://localhost:3000/_next/static/chunks/979b6_next_dist_2a67324b._.js:2297
[ 2700816ms] [WARNING] The width(1118) and height(280) are both fixed numbers,
       maybe you don't need to use a ResponsiveContainer. @ http://localhost:3000/_next/static/chunks/979b6_next_dist_2a67324b._.js:2297
[ 2700816ms] [WARNING] The width(1118) and height(280) are both fixed numbers,
       maybe you don't need to use a ResponsiveContainer. @ http://localhost:3000/_next/static/chunks/979b6_next_dist_2a67324b._.js:2297
[ 2700858ms] [WARNING] The width(1118) and height(380) are both fixed numbers,
       maybe you don't need to use a ResponsiveContainer. @ http://localhost:3000/_next/static/chunks/979b6_next_dist_2a67324b._.js:2297
[ 2700858ms] [WARNING] The width(1118) and height(380) are both fixed numbers,
       maybe you don't need to use a ResponsiveContainer. @ http://localhost:3000/_next/static/chunks/979b6_next_dist_2a67324b._.js:2297
[ 2700919ms] [WARNING] The width(1118) and height(480) are both fixed numbers,
       maybe you don't need to use a ResponsiveContainer. @ http://localhost:3000/_next/static/chunks/979b6_next_dist_2a67324b._.js:2297
[ 2700919ms] [WARNING] The width(1118) and height(480) are both fixed numbers,
       maybe you don't need to use a ResponsiveContainer. @ http://localhost:3000/_next/static/chunks/979b6_next_dist_2a67324b._.js:2297
[ 2701024ms] [WARNING] The width(534) and height(680) are both fixed numbers,
       maybe you don't need to use a ResponsiveContainer. @ http://localhost:3000/_next/static/chunks/979b6_next_dist_2a67324b._.js:2297
[ 2701024ms] [WARNING] The width(534) and height(680) are both fixed numbers,
       maybe you don't need to use a ResponsiveContainer. @ http://localhost:3000/_next/static/chunks/979b6_next_dist_2a67324b._.js:2297
[ 2701036ms] [WARNING] The width(534) and height(680) are both fixed numbers,
       maybe you don't need to use a ResponsiveContainer. @ http://localhost:3000/_next/static/chunks/979b6_next_dist_2a67324b._.js:2297
[ 2701036ms] [WARNING] The width(534) and height(680) are both fixed numbers,
       maybe you don't need to use a ResponsiveContainer. @ http://localhost:3000/_next/static/chunks/979b6_next_dist_2a67324b._.js:2297
[ 2701048ms] [WARNING] The width(534) and height(592) are both fixed numbers,
       maybe you don't need to use a ResponsiveContainer. @ http://localhost:3000/_next/static/chunks/979b6_next_dist_2a67324b._.js:2297
[ 2701048ms] [WARNING] The width(534) and height(592) are both fixed numbers,
       maybe you don't need to use a ResponsiveContainer. @ http://localhost:3000/_next/static/chunks/979b6_next_dist_2a67324b._.js:2297
[ 2701059ms] [WARNING] The width(534) and height(372) are both fixed numbers,
       maybe you don't need to use a ResponsiveContainer. @ http://localhost:3000/_next/static/chunks/979b6_next_dist_2a67324b._.js:2297
[ 2701059ms] [WARNING] The width(534) and height(372) are both fixed numbers,
       maybe you don't need to use a ResponsiveContainer. @ http://localhost:3000/_next/static/chunks/979b6_next_dist_2a67324b._.js:2297
[ 2701361ms] [LOG] [Fast Refresh] done in 130ms @ http://localhost:3000/_next/static/chunks/979b6_next_dist_2a67324b._.js:2297
[ 2711781ms] [LOG] [Fast Refresh] rebuilding @ http://localhost:3000/_next/static/chunks/979b6_next_dist_2a67324b._.js:2297
[ 2711885ms] [LOG] [Fast Refresh] done in 206ms @ http://localhost:3000/_next/static/chunks/979b6_next_dist_2a67324b._.js:2297
[ 2734571ms] [LOG] [Fast Refresh] rebuilding @ http://localhost:3000/_next/static/chunks/979b6_next_dist_2a67324b._.js:2297
[ 2734769ms] [WARNING] The width(527) and height(220) are both fixed numbers,
       maybe you don't need to use a ResponsiveContainer. @ http://localhost:3000/_next/static/chunks/979b6_next_dist_2a67324b._.js:2297
[ 2734769ms] [WARNING] The width(527) and height(220) are both fixed numbers,
       maybe you don't need to use a ResponsiveContainer. @ http://localhost:3000/_next/static/chunks/979b6_next_dist_2a67324b._.js:2297
[ 2734774ms] [WARNING] The width(1103) and height(280) are both fixed numbers,
       maybe you don't need to use a ResponsiveContainer. @ http://localhost:3000/_next/static/chunks/979b6_next_dist_2a67324b._.js:2297
[ 2734774ms] [WARNING] The width(1103) and height(280) are both fixed numbers,
       maybe you don't need to use a ResponsiveContainer. @ http://localhost:3000/_next/static/chunks/979b6_next_dist_2a67324b._.js:2297
[ 2734782ms] [WARNING] The width(1103) and height(280) are both fixed numbers,
       maybe you don't need to use a ResponsiveContainer. @ http://localhost:3000/_next/static/chunks/979b6_next_dist_2a67324b._.js:2297
[ 2734782ms] [WARNING] The width(1103) and height(280) are both fixed numbers,
       maybe you don't need to use a ResponsiveContainer. @ http://localhost:3000/_next/static/chunks/979b6_next_dist_2a67324b._.js:2297
[ 2734828ms] [WARNING] The width(1103) and height(380) are both fixed numbers,
       maybe you don't need to use a ResponsiveContainer. @ http://localhost:3000/_next/static/chunks/979b6_next_dist_2a67324b._.js:2297
[ 2734828ms] [WARNING] The width(1103) and height(380) are both fixed numbers,
       maybe you don't need to use a ResponsiveContainer. @ http://localhost:3000/_next/static/chunks/979b6_next_dist_2a67324b._.js:2297
[ 2734842ms] [WARNING] The width(1103) and height(480) are both fixed numbers,
       maybe you don't need to use a ResponsiveContainer. @ http://localhost:3000/_next/static/chunks/979b6_next_dist_2a67324b._.js:2297
[ 2734843ms] [WARNING] The width(1103) and height(480) are both fixed numbers,
       maybe you don't need to use a ResponsiveContainer. @ http://localhost:3000/_next/static/chunks/979b6_next_dist_2a67324b._.js:2297
[ 2734919ms] [WARNING] The width(527) and height(680) are both fixed numbers,
       maybe you don't need to use a ResponsiveContainer. @ http://localhost:3000/_next/static/chunks/979b6_next_dist_2a67324b._.js:2297
[ 2734919ms] [WARNING] The width(527) and height(680) are both fixed numbers,
       maybe you don't need to use a ResponsiveContainer. @ http://localhost:3000/_next/static/chunks/979b6_next_dist_2a67324b._.js:2297
[ 2734929ms] [WARNING] The width(527) and height(680) are both fixed numbers,
       maybe you don't need to use a ResponsiveContainer. @ http://localhost:3000/_next/static/chunks/979b6_next_dist_2a67324b._.js:2297
[ 2734929ms] [WARNING] The width(527) and height(680) are both fixed numbers,
       maybe you don't need to use a ResponsiveContainer. @ http://localhost:3000/_next/static/chunks/979b6_next_dist_2a67324b._.js:2297
[ 2734939ms] [WARNING] The width(527) and height(592) are both fixed numbers,
       maybe you don't need to use a ResponsiveContainer. @ http://localhost:3000/_next/static/chunks/979b6_next_dist_2a67324b._.js:2297
[ 2734939ms] [WARNING] The width(527) and height(592) are both fixed numbers,
       maybe you don't need to use a ResponsiveContainer. @ http://localhost:3000/_next/static/chunks/979b6_next_dist_2a67324b._.js:2297
[ 2734948ms] [WARNING] The width(527) and height(372) are both fixed numbers,
       maybe you don't need to use a ResponsiveContainer. @ http://localhost:3000/_next/static/chunks/979b6_next_dist_2a67324b._.js:2297
[ 2734948ms] [WARNING] The width(527) and height(372) are both fixed numbers,
       maybe you don't need to use a ResponsiveContainer. @ http://localhost:3000/_next/static/chunks/979b6_next_dist_2a67324b._.js:2297
[ 2735046ms] [LOG] [Fast Refresh] done in 92ms @ http://localhost:3000/_next/static/chunks/979b6_next_dist_2a67324b._.js:2297
[ 2780049ms] [LOG] [Fast Refresh] rebuilding @ http://localhost:3000/_next/static/chunks/979b6_next_dist_2a67324b._.js:2297
[ 2780152ms] [WARNING] The width(527) and height(220) are both fixed numbers,
       maybe you don't need to use a ResponsiveContainer. @ http://localhost:3000/_next/static/chunks/979b6_next_dist_2a67324b._.js:2297
[ 2780152ms] [WARNING] The width(527) and height(220) are both fixed numbers,
       maybe you don't need to use a ResponsiveContainer. @ http://localhost:3000/_next/static/chunks/979b6_next_dist_2a67324b._.js:2297
[ 2780157ms] [WARNING] The width(1103) and height(280) are both fixed numbers,
       maybe you don't need to use a ResponsiveContainer. @ http://localhost:3000/_next/static/chunks/979b6_next_dist_2a67324b._.js:2297
[ 2780157ms] [WARNING] The width(1103) and height(280) are both fixed numbers,
       maybe you don't need to use a ResponsiveContainer. @ http://localhost:3000/_next/static/chunks/979b6_next_dist_2a67324b._.js:2297
[ 2780165ms] [WARNING] The width(1103) and height(280) are both fixed numbers,
       maybe you don't need to use a ResponsiveContainer. @ http://localhost:3000/_next/static/chunks/979b6_next_dist_2a67324b._.js:2297
[ 2780165ms] [WARNING] The width(1103) and height(280) are both fixed numbers,
       maybe you don't need to use a ResponsiveContainer. @ http://localhost:3000/_next/static/chunks/979b6_next_dist_2a67324b._.js:2297
[ 2780206ms] [WARNING] The width(1103) and height(380) are both fixed numbers,
       maybe you don't need to use a ResponsiveContainer. @ http://localhost:3000/_next/static/chunks/979b6_next_dist_2a67324b._.js:2297
[ 2780206ms] [WARNING] The width(1103) and height(380) are both fixed numbers,
       maybe you don't need to use a ResponsiveContainer. @ http://localhost:3000/_next/static/chunks/979b6_next_dist_2a67324b._.js:2297
[ 2780223ms] [WARNING] The width(1103) and height(480) are both fixed numbers,
       maybe you don't need to use a ResponsiveContainer. @ http://localhost:3000/_next/static/chunks/979b6_next_dist_2a67324b._.js:2297
[ 2780223ms] [WARNING] The width(1103) and height(480) are both fixed numbers,
       maybe you don't need to use a ResponsiveContainer. @ http://localhost:3000/_next/static/chunks/979b6_next_dist_2a67324b._.js:2297
[ 2780277ms] [WARNING] The width(527) and height(680) are both fixed numbers,
       maybe you don't need to use a ResponsiveContainer. @ http://localhost:3000/_next/static/chunks/979b6_next_dist_2a67324b._.js:2297
[ 2780278ms] [WARNING] The width(527) and height(680) are both fixed numbers,
       maybe you don't need to use a ResponsiveContainer. @ http://localhost:3000/_next/static/chunks/979b6_next_dist_2a67324b._.js:2297
[ 2780294ms] [WARNING] The width(527) and height(680) are both fixed numbers,
       maybe you don't need to use a ResponsiveContainer. @ http://localhost:3000/_next/static/chunks/979b6_next_dist_2a67324b._.js:2297
[ 2780294ms] [WARNING] The width(527) and height(680) are both fixed numbers,
       maybe you don't need to use a ResponsiveContainer. @ http://localhost:3000/_next/static/chunks/979b6_next_dist_2a67324b._.js:2297
[ 2780311ms] [WARNING] The width(527) and height(592) are both fixed numbers,
       maybe you don't need to use a ResponsiveContainer. @ http://localhost:3000/_next/static/chunks/979b6_next_dist_2a67324b._.js:2297
[ 2780311ms] [WARNING] The width(527) and height(592) are both fixed numbers,
       maybe you don't need to use a ResponsiveContainer. @ http://localhost:3000/_next/static/chunks/979b6_next_dist_2a67324b._.js:2297
[ 2780324ms] [WARNING] The width(527) and height(372) are both fixed numbers,
       maybe you don't need to use a ResponsiveContainer. @ http://localhost:3000/_next/static/chunks/979b6_next_dist_2a67324b._.js:2297
[ 2780324ms] [WARNING] The width(527) and height(372) are both fixed numbers,
       maybe you don't need to use a ResponsiveContainer. @ http://localhost:3000/_next/static/chunks/979b6_next_dist_2a67324b._.js:2297
[ 2780378ms] [LOG] [Fast Refresh] done in 105ms @ http://localhost:3000/_next/static/chunks/979b6_next_dist_2a67324b._.js:2297
[ 2780378ms] [WARNING] The width(1103) and height(1080) are both fixed numbers,
       maybe you don't need to use a ResponsiveContainer. @ http://localhost:3000/_next/static/chunks/979b6_next_dist_2a67324b._.js:2297
[ 2780378ms] [WARNING] The width(1103) and height(1080) are both fixed numbers,
       maybe you don't need to use a ResponsiveContainer. @ http://localhost:3000/_next/static/chunks/979b6_next_dist_2a67324b._.js:2297
[ 2819524ms] [LOG] [Fast Refresh] rebuilding @ http://localhost:3000/_next/static/chunks/979b6_next_dist_2a67324b._.js:2297
[ 2819529ms] [LOG] [Fast Refresh] done in 108ms @ http://localhost:3000/_next/static/chunks/979b6_next_dist_2a67324b._.js:2297
