[     617ms] [INFO] %cDownload the React DevTools for a better development experience: https://react.dev/link/react-devtools font-weight:bold @ http://localhost:3000/_next/static/chunks/979b6_next_dist_2a67324b._.js:2297
[     708ms] [LOG] [HMR] connected @ http://localhost:3000/_next/static/chunks/979b6_next_dist_2a67324b._.js:2297
[     873ms] [ERROR] Failed to load resource: the server responded with a status of 404 (Not Found) @ http://localhost:3000/favicon.ico:0
[   51257ms] [WARNING] The width(534) and height(260) are both fixed numbers,
       maybe you don't need to use a ResponsiveContainer. @ http://localhost:3000/_next/static/chunks/979b6_next_dist_2a67324b._.js:2297
[   51257ms] [WARNING] The width(534) and height(260) are both fixed numbers,
       maybe you don't need to use a ResponsiveContainer. @ http://localhost:3000/_next/static/chunks/979b6_next_dist_2a67324b._.js:2297
[   51273ms] [WARNING] The width(1118) and height(280) are both fixed numbers,
       maybe you don't need to use a ResponsiveContainer. @ http://localhost:3000/_next/static/chunks/979b6_next_dist_2a67324b._.js:2297
[   51273ms] [WARNING] The width(1118) and height(280) are both fixed numbers,
       maybe you don't need to use a ResponsiveContainer. @ http://localhost:3000/_next/static/chunks/979b6_next_dist_2a67324b._.js:2297
[   51286ms] [WARNING] The width(1118) and height(280) are both fixed numbers,
       maybe you don't need to use a ResponsiveContainer. @ http://localhost:3000/_next/static/chunks/979b6_next_dist_2a67324b._.js:2297
[   51286ms] [WARNING] The width(1118) and height(280) are both fixed numbers,
       maybe you don't need to use a ResponsiveContainer. @ http://localhost:3000/_next/static/chunks/979b6_next_dist_2a67324b._.js:2297
[   51351ms] [WARNING] The width(1118) and height(380) are both fixed numbers,
       maybe you don't need to use a ResponsiveContainer. @ http://localhost:3000/_next/static/chunks/979b6_next_dist_2a67324b._.js:2297
[   51351ms] [WARNING] The width(1118) and height(380) are both fixed numbers,
       maybe you don't need to use a ResponsiveContainer. @ http://localhost:3000/_next/static/chunks/979b6_next_dist_2a67324b._.js:2297
[   51381ms] [WARNING] The width(1118) and height(480) are both fixed numbers,
       maybe you don't need to use a ResponsiveContainer. @ http://localhost:3000/_next/static/chunks/979b6_next_dist_2a67324b._.js:2297
[   51381ms] [WARNING] The width(1118) and height(480) are both fixed numbers,
       maybe you don't need to use a ResponsiveContainer. @ http://localhost:3000/_next/static/chunks/979b6_next_dist_2a67324b._.js:2297
[   51488ms] [WARNING] The width(534) and height(300) are both fixed numbers,
       maybe you don't need to use a ResponsiveContainer. @ http://localhost:3000/_next/static/chunks/979b6_next_dist_2a67324b._.js:2297
[   51488ms] [WARNING] The width(534) and height(300) are both fixed numbers,
       maybe you don't need to use a ResponsiveContainer. @ http://localhost:3000/_next/static/chunks/979b6_next_dist_2a67324b._.js:2297
[   51508ms] [WARNING] The width(534) and height(300) are both fixed numbers,
       maybe you don't need to use a ResponsiveContainer. @ http://localhost:3000/_next/static/chunks/979b6_next_dist_2a67324b._.js:2297
[   51508ms] [WARNING] The width(534) and height(300) are both fixed numbers,
       maybe you don't need to use a ResponsiveContainer. @ http://localhost:3000/_next/static/chunks/979b6_next_dist_2a67324b._.js:2297
[   51512ms] [WARNING] The width(1118) and height(1080) are both fixed numbers,
       maybe you don't need to use a ResponsiveContainer. @ http://localhost:3000/_next/static/chunks/979b6_next_dist_2a67324b._.js:2297
[   51512ms] [WARNING] The width(1118) and height(1080) are both fixed numbers,
       maybe you don't need to use a ResponsiveContainer. @ http://localhost:3000/_next/static/chunks/979b6_next_dist_2a67324b._.js:2297
[   58781ms] [LOG] [Fast Refresh] rebuilding @ http://localhost:3000/_next/static/chunks/979b6_next_dist_2a67324b._.js:2297
[   58847ms] [LOG] [Fast Refresh] done in 167ms @ http://localhost:3000/_next/static/chunks/979b6_next_dist_2a67324b._.js:2297
[  338677ms] [WARNING] The width(534) and height(260) are both fixed numbers,
       maybe you don't need to use a ResponsiveContainer. @ http://localhost:3000/_next/static/chunks/979b6_next_dist_2a67324b._.js:2297
[  338677ms] [WARNING] The width(534) and height(260) are both fixed numbers,
       maybe you don't need to use a ResponsiveContainer. @ http://localhost:3000/_next/static/chunks/979b6_next_dist_2a67324b._.js:2297
[  338683ms] [WARNING] The width(1118) and height(280) are both fixed numbers,
       maybe you don't need to use a ResponsiveContainer. @ http://localhost:3000/_next/static/chunks/979b6_next_dist_2a67324b._.js:2297
[  338683ms] [WARNING] The width(1118) and height(280) are both fixed numbers,
       maybe you don't need to use a ResponsiveContainer. @ http://localhost:3000/_next/static/chunks/979b6_next_dist_2a67324b._.js:2297
[  338690ms] [WARNING] The width(1118) and height(280) are both fixed numbers,
       maybe you don't need to use a ResponsiveContainer. @ http://localhost:3000/_next/static/chunks/979b6_next_dist_2a67324b._.js:2297
[  338690ms] [WARNING] The width(1118) and height(280) are both fixed numbers,
       maybe you don't need to use a ResponsiveContainer. @ http://localhost:3000/_next/static/chunks/979b6_next_dist_2a67324b._.js:2297
[  338729ms] [WARNING] The width(1118) and height(380) are both fixed numbers,
       maybe you don't need to use a ResponsiveContainer. @ http://localhost:3000/_next/static/chunks/979b6_next_dist_2a67324b._.js:2297
[  338729ms] [WARNING] The width(1118) and height(380) are both fixed numbers,
       maybe you don't need to use a ResponsiveContainer. @ http://localhost:3000/_next/static/chunks/979b6_next_dist_2a67324b._.js:2297
[  338745ms] [WARNING] The width(1118) and height(480) are both fixed numbers,
       maybe you don't need to use a ResponsiveContainer. @ http://localhost:3000/_next/static/chunks/979b6_next_dist_2a67324b._.js:2297
[  338745ms] [WARNING] The width(1118) and height(480) are both fixed numbers,
       maybe you don't need to use a ResponsiveContainer. @ http://localhost:3000/_next/static/chunks/979b6_next_dist_2a67324b._.js:2297
[  338817ms] [WARNING] The width(534) and height(300) are both fixed numbers,
       maybe you don't need to use a ResponsiveContainer. @ http://localhost:3000/_next/static/chunks/979b6_next_dist_2a67324b._.js:2297
[  338817ms] [WARNING] The width(534) and height(300) are both fixed numbers,
       maybe you don't need to use a ResponsiveContainer. @ http://localhost:3000/_next/static/chunks/979b6_next_dist_2a67324b._.js:2297
[  338821ms] [WARNING] The width(534) and height(300) are both fixed numbers,
       maybe you don't need to use a ResponsiveContainer. @ http://localhost:3000/_next/static/chunks/979b6_next_dist_2a67324b._.js:2297
[  338821ms] [WARNING] The width(534) and height(300) are both fixed numbers,
       maybe you don't need to use a ResponsiveContainer. @ http://localhost:3000/_next/static/chunks/979b6_next_dist_2a67324b._.js:2297
[  338824ms] [WARNING] The width(1118) and height(1080) are both fixed numbers,
       maybe you don't need to use a ResponsiveContainer. @ http://localhost:3000/_next/static/chunks/979b6_next_dist_2a67324b._.js:2297
[  338824ms] [WARNING] The width(1118) and height(1080) are both fixed numbers,
       maybe you don't need to use a ResponsiveContainer. @ http://localhost:3000/_next/static/chunks/979b6_next_dist_2a67324b._.js:2297
[  338934ms] [WARNING] Warning: Missing `Description` or `aria-describedby={undefined}` for {DialogContent}. @ http://localhost:3000/_next/static/chunks/979b6_next_dist_2a67324b._.js:2297
[  338942ms] [WARNING] Warning: Missing `Description` or `aria-describedby={undefined}` for {DialogContent}. @ http://localhost:3000/_next/static/chunks/979b6_next_dist_2a67324b._.js:2297
[  340655ms] [WARNING] The width(534) and height(260) are both fixed numbers,
       maybe you don't need to use a ResponsiveContainer. @ http://localhost:3000/_next/static/chunks/979b6_next_dist_2a67324b._.js:2297
[  340656ms] [WARNING] The width(534) and height(260) are both fixed numbers,
       maybe you don't need to use a ResponsiveContainer. @ http://localhost:3000/_next/static/chunks/979b6_next_dist_2a67324b._.js:2297
[  340660ms] [WARNING] The width(1118) and height(280) are both fixed numbers,
       maybe you don't need to use a ResponsiveContainer. @ http://localhost:3000/_next/static/chunks/979b6_next_dist_2a67324b._.js:2297
[  340661ms] [WARNING] The width(1118) and height(280) are both fixed numbers,
       maybe you don't need to use a ResponsiveContainer. @ http://localhost:3000/_next/static/chunks/979b6_next_dist_2a67324b._.js:2297
[  340667ms] [WARNING] The width(1118) and height(280) are both fixed numbers,
       maybe you don't need to use a ResponsiveContainer. @ http://localhost:3000/_next/static/chunks/979b6_next_dist_2a67324b._.js:2297
[  340668ms] [WARNING] The width(1118) and height(280) are both fixed numbers,
       maybe you don't need to use a ResponsiveContainer. @ http://localhost:3000/_next/static/chunks/979b6_next_dist_2a67324b._.js:2297
[  340706ms] [WARNING] The width(1118) and height(380) are both fixed numbers,
       maybe you don't need to use a ResponsiveContainer. @ http://localhost:3000/_next/static/chunks/979b6_next_dist_2a67324b._.js:2297
[  340706ms] [WARNING] The width(1118) and height(380) are both fixed numbers,
       maybe you don't need to use a ResponsiveContainer. @ http://localhost:3000/_next/static/chunks/979b6_next_dist_2a67324b._.js:2297
[  340721ms] [WARNING] The width(1118) and height(480) are both fixed numbers,
       maybe you don't need to use a ResponsiveContainer. @ http://localhost:3000/_next/static/chunks/979b6_next_dist_2a67324b._.js:2297
[  340722ms] [WARNING] The width(1118) and height(480) are both fixed numbers,
       maybe you don't need to use a ResponsiveContainer. @ http://localhost:3000/_next/static/chunks/979b6_next_dist_2a67324b._.js:2297
[  340790ms] [WARNING] The width(534) and height(300) are both fixed numbers,
       maybe you don't need to use a ResponsiveContainer. @ http://localhost:3000/_next/static/chunks/979b6_next_dist_2a67324b._.js:2297
[  340790ms] [WARNING] The width(534) and height(300) are both fixed numbers,
       maybe you don't need to use a ResponsiveContainer. @ http://localhost:3000/_next/static/chunks/979b6_next_dist_2a67324b._.js:2297
[  340799ms] [WARNING] The width(534) and height(300) are both fixed numbers,
       maybe you don't need to use a ResponsiveContainer. @ http://localhost:3000/_next/static/chunks/979b6_next_dist_2a67324b._.js:2297
[  340799ms] [WARNING] The width(534) and height(300) are both fixed numbers,
       maybe you don't need to use a ResponsiveContainer. @ http://localhost:3000/_next/static/chunks/979b6_next_dist_2a67324b._.js:2297
[  340805ms] [WARNING] The width(1118) and height(1080) are both fixed numbers,
       maybe you don't need to use a ResponsiveContainer. @ http://localhost:3000/_next/static/chunks/979b6_next_dist_2a67324b._.js:2297
[  340805ms] [WARNING] The width(1118) and height(1080) are both fixed numbers,
       maybe you don't need to use a ResponsiveContainer. @ http://localhost:3000/_next/static/chunks/979b6_next_dist_2a67324b._.js:2297
[  349721ms] [WARNING] The width(534) and height(260) are both fixed numbers,
       maybe you don't need to use a ResponsiveContainer. @ http://localhost:3000/_next/static/chunks/979b6_next_dist_2a67324b._.js:2297
[  349721ms] [WARNING] The width(534) and height(260) are both fixed numbers,
       maybe you don't need to use a ResponsiveContainer. @ http://localhost:3000/_next/static/chunks/979b6_next_dist_2a67324b._.js:2297
[  349727ms] [WARNING] The width(1118) and height(280) are both fixed numbers,
       maybe you don't need to use a ResponsiveContainer. @ http://localhost:3000/_next/static/chunks/979b6_next_dist_2a67324b._.js:2297
[  349727ms] [WARNING] The width(1118) and height(280) are both fixed numbers,
       maybe you don't need to use a ResponsiveContainer. @ http://localhost:3000/_next/static/chunks/979b6_next_dist_2a67324b._.js:2297
[  349734ms] [WARNING] The width(1118) and height(280) are both fixed numbers,
       maybe you don't need to use a ResponsiveContainer. @ http://localhost:3000/_next/static/chunks/979b6_next_dist_2a67324b._.js:2297
[  349735ms] [WARNING] The width(1118) and height(280) are both fixed numbers,
       maybe you don't need to use a ResponsiveContainer. @ http://localhost:3000/_next/static/chunks/979b6_next_dist_2a67324b._.js:2297
[  349772ms] [WARNING] The width(1118) and height(380) are both fixed numbers,
       maybe you don't need to use a ResponsiveContainer. @ http://localhost:3000/_next/static/chunks/979b6_next_dist_2a67324b._.js:2297
[  349772ms] [WARNING] The width(1118) and height(380) are both fixed numbers,
       maybe you don't need to use a ResponsiveContainer. @ http://localhost:3000/_next/static/chunks/979b6_next_dist_2a67324b._.js:2297
[  349788ms] [WARNING] The width(1118) and height(480) are both fixed numbers,
       maybe you don't need to use a ResponsiveContainer. @ http://localhost:3000/_next/static/chunks/979b6_next_dist_2a67324b._.js:2297
[  349788ms] [WARNING] The width(1118) and height(480) are both fixed numbers,
       maybe you don't need to use a ResponsiveContainer. @ http://localhost:3000/_next/static/chunks/979b6_next_dist_2a67324b._.js:2297
[  349857ms] [WARNING] The width(534) and height(300) are both fixed numbers,
       maybe you don't need to use a ResponsiveContainer. @ http://localhost:3000/_next/static/chunks/979b6_next_dist_2a67324b._.js:2297
[  349857ms] [WARNING] The width(534) and height(300) are both fixed numbers,
       maybe you don't need to use a ResponsiveContainer. @ http://localhost:3000/_next/static/chunks/979b6_next_dist_2a67324b._.js:2297
[  349865ms] [WARNING] The width(534) and height(300) are both fixed numbers,
       maybe you don't need to use a ResponsiveContainer. @ http://localhost:3000/_next/static/chunks/979b6_next_dist_2a67324b._.js:2297
[  349865ms] [WARNING] The width(534) and height(300) are both fixed numbers,
       maybe you don't need to use a ResponsiveContainer. @ http://localhost:3000/_next/static/chunks/979b6_next_dist_2a67324b._.js:2297
[  349871ms] [WARNING] The width(1118) and height(1080) are both fixed numbers,
       maybe you don't need to use a ResponsiveContainer. @ http://localhost:3000/_next/static/chunks/979b6_next_dist_2a67324b._.js:2297
[  349871ms] [WARNING] The width(1118) and height(1080) are both fixed numbers,
       maybe you don't need to use a ResponsiveContainer. @ http://localhost:3000/_next/static/chunks/979b6_next_dist_2a67324b._.js:2297
[  349919ms] [WARNING] Warning: Missing `Description` or `aria-describedby={undefined}` for {DialogContent}. @ http://localhost:3000/_next/static/chunks/979b6_next_dist_2a67324b._.js:2297
[  349922ms] [WARNING] Warning: Missing `Description` or `aria-describedby={undefined}` for {DialogContent}. @ http://localhost:3000/_next/static/chunks/979b6_next_dist_2a67324b._.js:2297
[  350795ms] [WARNING] The width(534) and height(260) are both fixed numbers,
       maybe you don't need to use a ResponsiveContainer. @ http://localhost:3000/_next/static/chunks/979b6_next_dist_2a67324b._.js:2297
[  350795ms] [WARNING] The width(534) and height(260) are both fixed numbers,
       maybe you don't need to use a ResponsiveContainer. @ http://localhost:3000/_next/static/chunks/979b6_next_dist_2a67324b._.js:2297
[  350801ms] [WARNING] The width(1118) and height(280) are both fixed numbers,
       maybe you don't need to use a ResponsiveContainer. @ http://localhost:3000/_next/static/chunks/979b6_next_dist_2a67324b._.js:2297
[  350801ms] [WARNING] The width(1118) and height(280) are both fixed numbers,
       maybe you don't need to use a ResponsiveContainer. @ http://localhost:3000/_next/static/chunks/979b6_next_dist_2a67324b._.js:2297
[  350809ms] [WARNING] The width(1118) and height(280) are both fixed numbers,
       maybe you don't need to use a ResponsiveContainer. @ http://localhost:3000/_next/static/chunks/979b6_next_dist_2a67324b._.js:2297
[  350809ms] [WARNING] The width(1118) and height(280) are both fixed numbers,
       maybe you don't need to use a ResponsiveContainer. @ http://localhost:3000/_next/static/chunks/979b6_next_dist_2a67324b._.js:2297
[  350848ms] [WARNING] The width(1118) and height(380) are both fixed numbers,
       maybe you don't need to use a ResponsiveContainer. @ http://localhost:3000/_next/static/chunks/979b6_next_dist_2a67324b._.js:2297
[  350848ms] [WARNING] The width(1118) and height(380) are both fixed numbers,
       maybe you don't need to use a ResponsiveContainer. @ http://localhost:3000/_next/static/chunks/979b6_next_dist_2a67324b._.js:2297
[  350864ms] [WARNING] The width(1118) and height(480) are both fixed numbers,
       maybe you don't need to use a ResponsiveContainer. @ http://localhost:3000/_next/static/chunks/979b6_next_dist_2a67324b._.js:2297
[  350864ms] [WARNING] The width(1118) and height(480) are both fixed numbers,
       maybe you don't need to use a ResponsiveContainer. @ http://localhost:3000/_next/static/chunks/979b6_next_dist_2a67324b._.js:2297
[  350936ms] [WARNING] The width(534) and height(300) are both fixed numbers,
       maybe you don't need to use a ResponsiveContainer. @ http://localhost:3000/_next/static/chunks/979b6_next_dist_2a67324b._.js:2297
[  350936ms] [WARNING] The width(534) and height(300) are both fixed numbers,
       maybe you don't need to use a ResponsiveContainer. @ http://localhost:3000/_next/static/chunks/979b6_next_dist_2a67324b._.js:2297
[  350945ms] [WARNING] The width(534) and height(300) are both fixed numbers,
       maybe you don't need to use a ResponsiveContainer. @ http://localhost:3000/_next/static/chunks/979b6_next_dist_2a67324b._.js:2297
[  350945ms] [WARNING] The width(534) and height(300) are both fixed numbers,
       maybe you don't need to use a ResponsiveContainer. @ http://localhost:3000/_next/static/chunks/979b6_next_dist_2a67324b._.js:2297
[  350951ms] [WARNING] The width(1118) and height(1080) are both fixed numbers,
       maybe you don't need to use a ResponsiveContainer. @ http://localhost:3000/_next/static/chunks/979b6_next_dist_2a67324b._.js:2297
[  350951ms] [WARNING] The width(1118) and height(1080) are both fixed numbers,
       maybe you don't need to use a ResponsiveContainer. @ http://localhost:3000/_next/static/chunks/979b6_next_dist_2a67324b._.js:2297
[  536527ms] [WARNING] The width(534) and height(260) are both fixed numbers,
       maybe you don't need to use a ResponsiveContainer. @ http://localhost:3000/_next/static/chunks/979b6_next_dist_2a67324b._.js:2297
[  536527ms] [WARNING] The width(534) and height(260) are both fixed numbers,
       maybe you don't need to use a ResponsiveContainer. @ http://localhost:3000/_next/static/chunks/979b6_next_dist_2a67324b._.js:2297
[  536536ms] [WARNING] The width(1118) and height(280) are both fixed numbers,
       maybe you don't need to use a ResponsiveContainer. @ http://localhost:3000/_next/static/chunks/979b6_next_dist_2a67324b._.js:2297
[  536537ms] [WARNING] The width(1118) and height(280) are both fixed numbers,
       maybe you don't need to use a ResponsiveContainer. @ http://localhost:3000/_next/static/chunks/979b6_next_dist_2a67324b._.js:2297
[  536545ms] [WARNING] The width(1118) and height(280) are both fixed numbers,
       maybe you don't need to use a ResponsiveContainer. @ http://localhost:3000/_next/static/chunks/979b6_next_dist_2a67324b._.js:2297
[  536545ms] [WARNING] The width(1118) and height(280) are both fixed numbers,
       maybe you don't need to use a ResponsiveContainer. @ http://localhost:3000/_next/static/chunks/979b6_next_dist_2a67324b._.js:2297
[  536592ms] [WARNING] The width(1118) and height(380) are both fixed numbers,
       maybe you don't need to use a ResponsiveContainer. @ http://localhost:3000/_next/static/chunks/979b6_next_dist_2a67324b._.js:2297
[  536593ms] [WARNING] The width(1118) and height(380) are both fixed numbers,
       maybe you don't need to use a ResponsiveContainer. @ http://localhost:3000/_next/static/chunks/979b6_next_dist_2a67324b._.js:2297
[  536609ms] [WARNING] The width(1118) and height(480) are both fixed numbers,
       maybe you don't need to use a ResponsiveContainer. @ http://localhost:3000/_next/static/chunks/979b6_next_dist_2a67324b._.js:2297
[  536609ms] [WARNING] The width(1118) and height(480) are both fixed numbers,
       maybe you don't need to use a ResponsiveContainer. @ http://localhost:3000/_next/static/chunks/979b6_next_dist_2a67324b._.js:2297
[  536685ms] [WARNING] The width(534) and height(300) are both fixed numbers,
       maybe you don't need to use a ResponsiveContainer. @ http://localhost:3000/_next/static/chunks/979b6_next_dist_2a67324b._.js:2297
[  536685ms] [WARNING] The width(534) and height(300) are both fixed numbers,
       maybe you don't need to use a ResponsiveContainer. @ http://localhost:3000/_next/static/chunks/979b6_next_dist_2a67324b._.js:2297
[  536694ms] [WARNING] The width(534) and height(300) are both fixed numbers,
       maybe you don't need to use a ResponsiveContainer. @ http://localhost:3000/_next/static/chunks/979b6_next_dist_2a67324b._.js:2297
[  536694ms] [WARNING] The width(534) and height(300) are both fixed numbers,
       maybe you don't need to use a ResponsiveContainer. @ http://localhost:3000/_next/static/chunks/979b6_next_dist_2a67324b._.js:2297
[  536701ms] [WARNING] The width(1118) and height(1080) are both fixed numbers,
       maybe you don't need to use a ResponsiveContainer. @ http://localhost:3000/_next/static/chunks/979b6_next_dist_2a67324b._.js:2297
[  536701ms] [WARNING] The width(1118) and height(1080) are both fixed numbers,
       maybe you don't need to use a ResponsiveContainer. @ http://localhost:3000/_next/static/chunks/979b6_next_dist_2a67324b._.js:2297
[  536758ms] [WARNING] Warning: Missing `Description` or `aria-describedby={undefined}` for {DialogContent}. @ http://localhost:3000/_next/static/chunks/979b6_next_dist_2a67324b._.js:2297
[  536762ms] [WARNING] Warning: Missing `Description` or `aria-describedby={undefined}` for {DialogContent}. @ http://localhost:3000/_next/static/chunks/979b6_next_dist_2a67324b._.js:2297
[  537431ms] [WARNING] The width(534) and height(260) are both fixed numbers,
       maybe you don't need to use a ResponsiveContainer. @ http://localhost:3000/_next/static/chunks/979b6_next_dist_2a67324b._.js:2297
[  537432ms] [WARNING] The width(534) and height(260) are both fixed numbers,
       maybe you don't need to use a ResponsiveContainer. @ http://localhost:3000/_next/static/chunks/979b6_next_dist_2a67324b._.js:2297
[  537434ms] [WARNING] The width(1118) and height(280) are both fixed numbers,
       maybe you don't need to use a ResponsiveContainer. @ http://localhost:3000/_next/static/chunks/979b6_next_dist_2a67324b._.js:2297
[  537435ms] [WARNING] The width(1118) and height(280) are both fixed numbers,
       maybe you don't need to use a ResponsiveContainer. @ http://localhost:3000/_next/static/chunks/979b6_next_dist_2a67324b._.js:2297
[  537439ms] [WARNING] The width(1118) and height(280) are both fixed numbers,
       maybe you don't need to use a ResponsiveContainer. @ http://localhost:3000/_next/static/chunks/979b6_next_dist_2a67324b._.js:2297
[  537439ms] [WARNING] The width(1118) and height(280) are both fixed numbers,
       maybe you don't need to use a ResponsiveContainer. @ http://localhost:3000/_next/static/chunks/979b6_next_dist_2a67324b._.js:2297
[  537458ms] [WARNING] The width(1118) and height(380) are both fixed numbers,
       maybe you don't need to use a ResponsiveContainer. @ http://localhost:3000/_next/static/chunks/979b6_next_dist_2a67324b._.js:2297
[  537458ms] [WARNING] The width(1118) and height(380) are both fixed numbers,
       maybe you don't need to use a ResponsiveContainer. @ http://localhost:3000/_next/static/chunks/979b6_next_dist_2a67324b._.js:2297
[  537466ms] [WARNING] The width(1118) and height(480) are both fixed numbers,
       maybe you don't need to use a ResponsiveContainer. @ http://localhost:3000/_next/static/chunks/979b6_next_dist_2a67324b._.js:2297
[  537466ms] [WARNING] The width(1118) and height(480) are both fixed numbers,
       maybe you don't need to use a ResponsiveContainer. @ http://localhost:3000/_next/static/chunks/979b6_next_dist_2a67324b._.js:2297
[  537501ms] [WARNING] The width(534) and height(300) are both fixed numbers,
       maybe you don't need to use a ResponsiveContainer. @ http://localhost:3000/_next/static/chunks/979b6_next_dist_2a67324b._.js:2297
[  537501ms] [WARNING] The width(534) and height(300) are both fixed numbers,
       maybe you don't need to use a ResponsiveContainer. @ http://localhost:3000/_next/static/chunks/979b6_next_dist_2a67324b._.js:2297
[  537505ms] [WARNING] The width(534) and height(300) are both fixed numbers,
       maybe you don't need to use a ResponsiveContainer. @ http://localhost:3000/_next/static/chunks/979b6_next_dist_2a67324b._.js:2297
[  537505ms] [WARNING] The width(534) and height(300) are both fixed numbers,
       maybe you don't need to use a ResponsiveContainer. @ http://localhost:3000/_next/static/chunks/979b6_next_dist_2a67324b._.js:2297
[  537508ms] [WARNING] The width(1118) and height(1080) are both fixed numbers,
       maybe you don't need to use a ResponsiveContainer. @ http://localhost:3000/_next/static/chunks/979b6_next_dist_2a67324b._.js:2297
[  537508ms] [WARNING] The width(1118) and height(1080) are both fixed numbers,
       maybe you don't need to use a ResponsiveContainer. @ http://localhost:3000/_next/static/chunks/979b6_next_dist_2a67324b._.js:2297
[  538227ms] [WARNING] The width(534) and height(260) are both fixed numbers,
       maybe you don't need to use a ResponsiveContainer. @ http://localhost:3000/_next/static/chunks/979b6_next_dist_2a67324b._.js:2297
[  538227ms] [WARNING] The width(534) and height(260) are both fixed numbers,
       maybe you don't need to use a ResponsiveContainer. @ http://localhost:3000/_next/static/chunks/979b6_next_dist_2a67324b._.js:2297
[  538232ms] [WARNING] The width(1118) and height(280) are both fixed numbers,
       maybe you don't need to use a ResponsiveContainer. @ http://localhost:3000/_next/static/chunks/979b6_next_dist_2a67324b._.js:2297
[  538232ms] [WARNING] The width(1118) and height(280) are both fixed numbers,
       maybe you don't need to use a ResponsiveContainer. @ http://localhost:3000/_next/static/chunks/979b6_next_dist_2a67324b._.js:2297
[  538239ms] [WARNING] The width(1118) and height(280) are both fixed numbers,
       maybe you don't need to use a ResponsiveContainer. @ http://localhost:3000/_next/static/chunks/979b6_next_dist_2a67324b._.js:2297
[  538239ms] [WARNING] The width(1118) and height(280) are both fixed numbers,
       maybe you don't need to use a ResponsiveContainer. @ http://localhost:3000/_next/static/chunks/979b6_next_dist_2a67324b._.js:2297
[  538275ms] [WARNING] The width(1118) and height(380) are both fixed numbers,
       maybe you don't need to use a ResponsiveContainer. @ http://localhost:3000/_next/static/chunks/979b6_next_dist_2a67324b._.js:2297
[  538276ms] [WARNING] The width(1118) and height(380) are both fixed numbers,
       maybe you don't need to use a ResponsiveContainer. @ http://localhost:3000/_next/static/chunks/979b6_next_dist_2a67324b._.js:2297
[  538291ms] [WARNING] The width(1118) and height(480) are both fixed numbers,
       maybe you don't need to use a ResponsiveContainer. @ http://localhost:3000/_next/static/chunks/979b6_next_dist_2a67324b._.js:2297
[  538291ms] [WARNING] The width(1118) and height(480) are both fixed numbers,
       maybe you don't need to use a ResponsiveContainer. @ http://localhost:3000/_next/static/chunks/979b6_next_dist_2a67324b._.js:2297
[  538359ms] [WARNING] The width(534) and height(300) are both fixed numbers,
       maybe you don't need to use a ResponsiveContainer. @ http://localhost:3000/_next/static/chunks/979b6_next_dist_2a67324b._.js:2297
[  538359ms] [WARNING] The width(534) and height(300) are both fixed numbers,
       maybe you don't need to use a ResponsiveContainer. @ http://localhost:3000/_next/static/chunks/979b6_next_dist_2a67324b._.js:2297
[  538371ms] [WARNING] The width(534) and height(300) are both fixed numbers,
       maybe you don't need to use a ResponsiveContainer. @ http://localhost:3000/_next/static/chunks/979b6_next_dist_2a67324b._.js:2297
[  538371ms] [WARNING] The width(534) and height(300) are both fixed numbers,
       maybe you don't need to use a ResponsiveContainer. @ http://localhost:3000/_next/static/chunks/979b6_next_dist_2a67324b._.js:2297
[  538379ms] [WARNING] The width(1118) and height(1080) are both fixed numbers,
       maybe you don't need to use a ResponsiveContainer. @ http://localhost:3000/_next/static/chunks/979b6_next_dist_2a67324b._.js:2297
[  538379ms] [WARNING] The width(1118) and height(1080) are both fixed numbers,
       maybe you don't need to use a ResponsiveContainer. @ http://localhost:3000/_next/static/chunks/979b6_next_dist_2a67324b._.js:2297
[  538485ms] [WARNING] Warning: Missing `Description` or `aria-describedby={undefined}` for {DialogContent}. @ http://localhost:3000/_next/static/chunks/979b6_next_dist_2a67324b._.js:2297
[  538492ms] [WARNING] Warning: Missing `Description` or `aria-describedby={undefined}` for {DialogContent}. @ http://localhost:3000/_next/static/chunks/979b6_next_dist_2a67324b._.js:2297
[  549097ms] [WARNING] The width(534) and height(260) are both fixed numbers,
       maybe you don't need to use a ResponsiveContainer. @ http://localhost:3000/_next/static/chunks/979b6_next_dist_2a67324b._.js:2297
[  549097ms] [WARNING] The width(534) and height(260) are both fixed numbers,
       maybe you don't need to use a ResponsiveContainer. @ http://localhost:3000/_next/static/chunks/979b6_next_dist_2a67324b._.js:2297
[  549102ms] [WARNING] The width(1118) and height(280) are both fixed numbers,
       maybe you don't need to use a ResponsiveContainer. @ http://localhost:3000/_next/static/chunks/979b6_next_dist_2a67324b._.js:2297
[  549103ms] [WARNING] The width(1118) and height(280) are both fixed numbers,
       maybe you don't need to use a ResponsiveContainer. @ http://localhost:3000/_next/static/chunks/979b6_next_dist_2a67324b._.js:2297
[  549109ms] [WARNING] The width(1118) and height(280) are both fixed numbers,
       maybe you don't need to use a ResponsiveContainer. @ http://localhost:3000/_next/static/chunks/979b6_next_dist_2a67324b._.js:2297
[  549109ms] [WARNING] The width(1118) and height(280) are both fixed numbers,
       maybe you don't need to use a ResponsiveContainer. @ http://localhost:3000/_next/static/chunks/979b6_next_dist_2a67324b._.js:2297
[  549145ms] [WARNING] The width(1118) and height(380) are both fixed numbers,
       maybe you don't need to use a ResponsiveContainer. @ http://localhost:3000/_next/static/chunks/979b6_next_dist_2a67324b._.js:2297
[  549145ms] [WARNING] The width(1118) and height(380) are both fixed numbers,
       maybe you don't need to use a ResponsiveContainer. @ http://localhost:3000/_next/static/chunks/979b6_next_dist_2a67324b._.js:2297
[  549160ms] [WARNING] The width(1118) and height(480) are both fixed numbers,
       maybe you don't need to use a ResponsiveContainer. @ http://localhost:3000/_next/static/chunks/979b6_next_dist_2a67324b._.js:2297
[  549160ms] [WARNING] The width(1118) and height(480) are both fixed numbers,
       maybe you don't need to use a ResponsiveContainer. @ http://localhost:3000/_next/static/chunks/979b6_next_dist_2a67324b._.js:2297
[  549226ms] [WARNING] The width(534) and height(300) are both fixed numbers,
       maybe you don't need to use a ResponsiveContainer. @ http://localhost:3000/_next/static/chunks/979b6_next_dist_2a67324b._.js:2297
[  549226ms] [WARNING] The width(534) and height(300) are both fixed numbers,
       maybe you don't need to use a ResponsiveContainer. @ http://localhost:3000/_next/static/chunks/979b6_next_dist_2a67324b._.js:2297
[  549235ms] [WARNING] The width(534) and height(300) are both fixed numbers,
       maybe you don't need to use a ResponsiveContainer. @ http://localhost:3000/_next/static/chunks/979b6_next_dist_2a67324b._.js:2297
[  549235ms] [WARNING] The width(534) and height(300) are both fixed numbers,
       maybe you don't need to use a ResponsiveContainer. @ http://localhost:3000/_next/static/chunks/979b6_next_dist_2a67324b._.js:2297
[  549244ms] [WARNING] The width(1118) and height(1080) are both fixed numbers,
       maybe you don't need to use a ResponsiveContainer. @ http://localhost:3000/_next/static/chunks/979b6_next_dist_2a67324b._.js:2297
[  549244ms] [WARNING] The width(1118) and height(1080) are both fixed numbers,
       maybe you don't need to use a ResponsiveContainer. @ http://localhost:3000/_next/static/chunks/979b6_next_dist_2a67324b._.js:2297
