[     307ms] [INFO] %cDownload the React DevTools for a better development experience: https://react.dev/link/react-devtools font-weight:bold @ http://localhost:3000/_next/static/chunks/node_modules_next_dist_f3530cac._.js:2297
[     405ms] [LOG] [HMR] connected @ http://localhost:3000/_next/static/chunks/node_modules_next_dist_f3530cac._.js:2297
[     507ms] [ERROR] Failed to load resource: the server responded with a status of 404 (Not Found) @ http://localhost:3000/favicon.ico:0
[     591ms] [WARNING] The width(511) and height(300) are both fixed numbers,
       maybe you don't need to use a ResponsiveContainer. @ http://localhost:3000/_next/static/chunks/node_modules_next_dist_f3530cac._.js:2297
[     592ms] [WARNING] The width(511) and height(300) are both fixed numbers,
       maybe you don't need to use a ResponsiveContainer. @ http://localhost:3000/_next/static/chunks/node_modules_next_dist_f3530cac._.js:2297
[     603ms] [WARNING] The width(511) and height(300) are both fixed numbers,
       maybe you don't need to use a ResponsiveContainer. @ http://localhost:3000/_next/static/chunks/node_modules_next_dist_f3530cac._.js:2297
[     603ms] [WARNING] The width(511) and height(300) are both fixed numbers,
       maybe you don't need to use a ResponsiveContainer. @ http://localhost:3000/_next/static/chunks/node_modules_next_dist_f3530cac._.js:2297
[     607ms] [WARNING] The width(511) and height(420) are both fixed numbers,
       maybe you don't need to use a ResponsiveContainer. @ http://localhost:3000/_next/static/chunks/node_modules_next_dist_f3530cac._.js:2297
[     607ms] [WARNING] The width(511) and height(420) are both fixed numbers,
       maybe you don't need to use a ResponsiveContainer. @ http://localhost:3000/_next/static/chunks/node_modules_next_dist_f3530cac._.js:2297
[     611ms] [WARNING] The width(511) and height(420) are both fixed numbers,
       maybe you don't need to use a ResponsiveContainer. @ http://localhost:3000/_next/static/chunks/node_modules_next_dist_f3530cac._.js:2297
[     611ms] [WARNING] The width(511) and height(420) are both fixed numbers,
       maybe you don't need to use a ResponsiveContainer. @ http://localhost:3000/_next/static/chunks/node_modules_next_dist_f3530cac._.js:2297
[    1080ms] [WARNING] The width(511) and height(300) are both fixed numbers,
       maybe you don't need to use a ResponsiveContainer. @ http://localhost:3000/_next/static/chunks/node_modules_next_dist_f3530cac._.js:2297
[    1080ms] [WARNING] The width(511) and height(300) are both fixed numbers,
       maybe you don't need to use a ResponsiveContainer. @ http://localhost:3000/_next/static/chunks/node_modules_next_dist_f3530cac._.js:2297
[    1084ms] [WARNING] The width(511) and height(300) are both fixed numbers,
       maybe you don't need to use a ResponsiveContainer. @ http://localhost:3000/_next/static/chunks/node_modules_next_dist_f3530cac._.js:2297
[    1084ms] [WARNING] The width(511) and height(300) are both fixed numbers,
       maybe you don't need to use a ResponsiveContainer. @ http://localhost:3000/_next/static/chunks/node_modules_next_dist_f3530cac._.js:2297
[    1087ms] [WARNING] The width(511) and height(420) are both fixed numbers,
       maybe you don't need to use a ResponsiveContainer. @ http://localhost:3000/_next/static/chunks/node_modules_next_dist_f3530cac._.js:2297
[    1087ms] [WARNING] The width(511) and height(420) are both fixed numbers,
       maybe you don't need to use a ResponsiveContainer. @ http://localhost:3000/_next/static/chunks/node_modules_next_dist_f3530cac._.js:2297
[    1090ms] [WARNING] The width(511) and height(420) are both fixed numbers,
       maybe you don't need to use a ResponsiveContainer. @ http://localhost:3000/_next/static/chunks/node_modules_next_dist_f3530cac._.js:2297
[    1090ms] [WARNING] The width(511) and height(420) are both fixed numbers,
       maybe you don't need to use a ResponsiveContainer. @ http://localhost:3000/_next/static/chunks/node_modules_next_dist_f3530cac._.js:2297
[    1247ms] [WARNING] The width(511) and height(300) are both fixed numbers,
       maybe you don't need to use a ResponsiveContainer. @ http://localhost:3000/_next/static/chunks/node_modules_next_dist_f3530cac._.js:2297
[    1247ms] [WARNING] The width(511) and height(300) are both fixed numbers,
       maybe you don't need to use a ResponsiveContainer. @ http://localhost:3000/_next/static/chunks/node_modules_next_dist_f3530cac._.js:2297
[    1250ms] [WARNING] The width(511) and height(300) are both fixed numbers,
       maybe you don't need to use a ResponsiveContainer. @ http://localhost:3000/_next/static/chunks/node_modules_next_dist_f3530cac._.js:2297
[    1250ms] [WARNING] The width(511) and height(300) are both fixed numbers,
       maybe you don't need to use a ResponsiveContainer. @ http://localhost:3000/_next/static/chunks/node_modules_next_dist_f3530cac._.js:2297
[    1253ms] [WARNING] The width(511) and height(420) are both fixed numbers,
       maybe you don't need to use a ResponsiveContainer. @ http://localhost:3000/_next/static/chunks/node_modules_next_dist_f3530cac._.js:2297
[    1253ms] [WARNING] The width(511) and height(420) are both fixed numbers,
       maybe you don't need to use a ResponsiveContainer. @ http://localhost:3000/_next/static/chunks/node_modules_next_dist_f3530cac._.js:2297
[    1255ms] [WARNING] The width(511) and height(420) are both fixed numbers,
       maybe you don't need to use a ResponsiveContainer. @ http://localhost:3000/_next/static/chunks/node_modules_next_dist_f3530cac._.js:2297
[    1255ms] [WARNING] The width(511) and height(420) are both fixed numbers,
       maybe you don't need to use a ResponsiveContainer. @ http://localhost:3000/_next/static/chunks/node_modules_next_dist_f3530cac._.js:2297
[    1631ms] [WARNING] The width(511) and height(300) are both fixed numbers,
       maybe you don't need to use a ResponsiveContainer. @ http://localhost:3000/_next/static/chunks/node_modules_next_dist_f3530cac._.js:2297
[    1631ms] [WARNING] The width(511) and height(300) are both fixed numbers,
       maybe you don't need to use a ResponsiveContainer. @ http://localhost:3000/_next/static/chunks/node_modules_next_dist_f3530cac._.js:2297
[    1634ms] [WARNING] The width(511) and height(300) are both fixed numbers,
       maybe you don't need to use a ResponsiveContainer. @ http://localhost:3000/_next/static/chunks/node_modules_next_dist_f3530cac._.js:2297
[    1634ms] [WARNING] The width(511) and height(300) are both fixed numbers,
       maybe you don't need to use a ResponsiveContainer. @ http://localhost:3000/_next/static/chunks/node_modules_next_dist_f3530cac._.js:2297
[    1636ms] [WARNING] The width(511) and height(420) are both fixed numbers,
       maybe you don't need to use a ResponsiveContainer. @ http://localhost:3000/_next/static/chunks/node_modules_next_dist_f3530cac._.js:2297
[    1636ms] [WARNING] The width(511) and height(420) are both fixed numbers,
       maybe you don't need to use a ResponsiveContainer. @ http://localhost:3000/_next/static/chunks/node_modules_next_dist_f3530cac._.js:2297
[    1638ms] [WARNING] The width(511) and height(420) are both fixed numbers,
       maybe you don't need to use a ResponsiveContainer. @ http://localhost:3000/_next/static/chunks/node_modules_next_dist_f3530cac._.js:2297
[    1639ms] [WARNING] The width(511) and height(420) are both fixed numbers,
       maybe you don't need to use a ResponsiveContainer. @ http://localhost:3000/_next/static/chunks/node_modules_next_dist_f3530cac._.js:2297
[    2129ms] [WARNING] The width(511) and height(300) are both fixed numbers,
       maybe you don't need to use a ResponsiveContainer. @ http://localhost:3000/_next/static/chunks/node_modules_next_dist_f3530cac._.js:2297
[    2129ms] [WARNING] The width(511) and height(300) are both fixed numbers,
       maybe you don't need to use a ResponsiveContainer. @ http://localhost:3000/_next/static/chunks/node_modules_next_dist_f3530cac._.js:2297
[    2132ms] [WARNING] The width(511) and height(300) are both fixed numbers,
       maybe you don't need to use a ResponsiveContainer. @ http://localhost:3000/_next/static/chunks/node_modules_next_dist_f3530cac._.js:2297
[    2132ms] [WARNING] The width(511) and height(300) are both fixed numbers,
       maybe you don't need to use a ResponsiveContainer. @ http://localhost:3000/_next/static/chunks/node_modules_next_dist_f3530cac._.js:2297
[    2134ms] [WARNING] The width(511) and height(420) are both fixed numbers,
       maybe you don't need to use a ResponsiveContainer. @ http://localhost:3000/_next/static/chunks/node_modules_next_dist_f3530cac._.js:2297
[    2134ms] [WARNING] The width(511) and height(420) are both fixed numbers,
       maybe you don't need to use a ResponsiveContainer. @ http://localhost:3000/_next/static/chunks/node_modules_next_dist_f3530cac._.js:2297
[    2136ms] [WARNING] The width(511) and height(420) are both fixed numbers,
       maybe you don't need to use a ResponsiveContainer. @ http://localhost:3000/_next/static/chunks/node_modules_next_dist_f3530cac._.js:2297
[    2137ms] [WARNING] The width(511) and height(420) are both fixed numbers,
       maybe you don't need to use a ResponsiveContainer. @ http://localhost:3000/_next/static/chunks/node_modules_next_dist_f3530cac._.js:2297
[    2648ms] [WARNING] The width(511) and height(300) are both fixed numbers,
       maybe you don't need to use a ResponsiveContainer. @ http://localhost:3000/_next/static/chunks/node_modules_next_dist_f3530cac._.js:2297
[    2648ms] [WARNING] The width(511) and height(300) are both fixed numbers,
       maybe you don't need to use a ResponsiveContainer. @ http://localhost:3000/_next/static/chunks/node_modules_next_dist_f3530cac._.js:2297
[    2650ms] [WARNING] The width(511) and height(300) are both fixed numbers,
       maybe you don't need to use a ResponsiveContainer. @ http://localhost:3000/_next/static/chunks/node_modules_next_dist_f3530cac._.js:2297
[    2650ms] [WARNING] The width(511) and height(300) are both fixed numbers,
       maybe you don't need to use a ResponsiveContainer. @ http://localhost:3000/_next/static/chunks/node_modules_next_dist_f3530cac._.js:2297
[    2652ms] [WARNING] The width(511) and height(420) are both fixed numbers,
       maybe you don't need to use a ResponsiveContainer. @ http://localhost:3000/_next/static/chunks/node_modules_next_dist_f3530cac._.js:2297
[    2652ms] [WARNING] The width(511) and height(420) are both fixed numbers,
       maybe you don't need to use a ResponsiveContainer. @ http://localhost:3000/_next/static/chunks/node_modules_next_dist_f3530cac._.js:2297
[    2655ms] [WARNING] The width(511) and height(420) are both fixed numbers,
       maybe you don't need to use a ResponsiveContainer. @ http://localhost:3000/_next/static/chunks/node_modules_next_dist_f3530cac._.js:2297
[    2655ms] [WARNING] The width(511) and height(420) are both fixed numbers,
       maybe you don't need to use a ResponsiveContainer. @ http://localhost:3000/_next/static/chunks/node_modules_next_dist_f3530cac._.js:2297
[    3183ms] [WARNING] The width(511) and height(300) are both fixed numbers,
       maybe you don't need to use a ResponsiveContainer. @ http://localhost:3000/_next/static/chunks/node_modules_next_dist_f3530cac._.js:2297
[    3183ms] [WARNING] The width(511) and height(300) are both fixed numbers,
       maybe you don't need to use a ResponsiveContainer. @ http://localhost:3000/_next/static/chunks/node_modules_next_dist_f3530cac._.js:2297
[    3186ms] [WARNING] The width(511) and height(300) are both fixed numbers,
       maybe you don't need to use a ResponsiveContainer. @ http://localhost:3000/_next/static/chunks/node_modules_next_dist_f3530cac._.js:2297
[    3186ms] [WARNING] The width(511) and height(300) are both fixed numbers,
       maybe you don't need to use a ResponsiveContainer. @ http://localhost:3000/_next/static/chunks/node_modules_next_dist_f3530cac._.js:2297
[    3188ms] [WARNING] The width(511) and height(420) are both fixed numbers,
       maybe you don't need to use a ResponsiveContainer. @ http://localhost:3000/_next/static/chunks/node_modules_next_dist_f3530cac._.js:2297
[    3188ms] [WARNING] The width(511) and height(420) are both fixed numbers,
       maybe you don't need to use a ResponsiveContainer. @ http://localhost:3000/_next/static/chunks/node_modules_next_dist_f3530cac._.js:2297
[    3190ms] [WARNING] The width(511) and height(420) are both fixed numbers,
       maybe you don't need to use a ResponsiveContainer. @ http://localhost:3000/_next/static/chunks/node_modules_next_dist_f3530cac._.js:2297
[    3190ms] [WARNING] The width(511) and height(420) are both fixed numbers,
       maybe you don't need to use a ResponsiveContainer. @ http://localhost:3000/_next/static/chunks/node_modules_next_dist_f3530cac._.js:2297
[    3580ms] [WARNING] The width(511) and height(300) are both fixed numbers,
       maybe you don't need to use a ResponsiveContainer. @ http://localhost:3000/_next/static/chunks/node_modules_next_dist_f3530cac._.js:2297
[    3580ms] [WARNING] The width(511) and height(300) are both fixed numbers,
       maybe you don't need to use a ResponsiveContainer. @ http://localhost:3000/_next/static/chunks/node_modules_next_dist_f3530cac._.js:2297
[    3582ms] [WARNING] The width(511) and height(300) are both fixed numbers,
       maybe you don't need to use a ResponsiveContainer. @ http://localhost:3000/_next/static/chunks/node_modules_next_dist_f3530cac._.js:2297
[    3582ms] [WARNING] The width(511) and height(300) are both fixed numbers,
       maybe you don't need to use a ResponsiveContainer. @ http://localhost:3000/_next/static/chunks/node_modules_next_dist_f3530cac._.js:2297
[    3584ms] [WARNING] The width(511) and height(420) are both fixed numbers,
       maybe you don't need to use a ResponsiveContainer. @ http://localhost:3000/_next/static/chunks/node_modules_next_dist_f3530cac._.js:2297
[    3584ms] [WARNING] The width(511) and height(420) are both fixed numbers,
       maybe you don't need to use a ResponsiveContainer. @ http://localhost:3000/_next/static/chunks/node_modules_next_dist_f3530cac._.js:2297
[    3586ms] [WARNING] The width(511) and height(420) are both fixed numbers,
       maybe you don't need to use a ResponsiveContainer. @ http://localhost:3000/_next/static/chunks/node_modules_next_dist_f3530cac._.js:2297
[    3586ms] [WARNING] The width(511) and height(420) are both fixed numbers,
       maybe you don't need to use a ResponsiveContainer. @ http://localhost:3000/_next/static/chunks/node_modules_next_dist_f3530cac._.js:2297
[    4230ms] [WARNING] The width(511) and height(300) are both fixed numbers,
       maybe you don't need to use a ResponsiveContainer. @ http://localhost:3000/_next/static/chunks/node_modules_next_dist_f3530cac._.js:2297
[    4230ms] [WARNING] The width(511) and height(300) are both fixed numbers,
       maybe you don't need to use a ResponsiveContainer. @ http://localhost:3000/_next/static/chunks/node_modules_next_dist_f3530cac._.js:2297
[    4232ms] [WARNING] The width(511) and height(300) are both fixed numbers,
       maybe you don't need to use a ResponsiveContainer. @ http://localhost:3000/_next/static/chunks/node_modules_next_dist_f3530cac._.js:2297
[    4232ms] [WARNING] The width(511) and height(300) are both fixed numbers,
       maybe you don't need to use a ResponsiveContainer. @ http://localhost:3000/_next/static/chunks/node_modules_next_dist_f3530cac._.js:2297
[    4234ms] [WARNING] The width(511) and height(420) are both fixed numbers,
       maybe you don't need to use a ResponsiveContainer. @ http://localhost:3000/_next/static/chunks/node_modules_next_dist_f3530cac._.js:2297
[    4234ms] [WARNING] The width(511) and height(420) are both fixed numbers,
       maybe you don't need to use a ResponsiveContainer. @ http://localhost:3000/_next/static/chunks/node_modules_next_dist_f3530cac._.js:2297
[    4236ms] [WARNING] The width(511) and height(420) are both fixed numbers,
       maybe you don't need to use a ResponsiveContainer. @ http://localhost:3000/_next/static/chunks/node_modules_next_dist_f3530cac._.js:2297
[    4236ms] [WARNING] The width(511) and height(420) are both fixed numbers,
       maybe you don't need to use a ResponsiveContainer. @ http://localhost:3000/_next/static/chunks/node_modules_next_dist_f3530cac._.js:2297
[    4640ms] [WARNING] The width(511) and height(300) are both fixed numbers,
       maybe you don't need to use a ResponsiveContainer. @ http://localhost:3000/_next/static/chunks/node_modules_next_dist_f3530cac._.js:2297
[    4641ms] [WARNING] The width(511) and height(300) are both fixed numbers,
       maybe you don't need to use a ResponsiveContainer. @ http://localhost:3000/_next/static/chunks/node_modules_next_dist_f3530cac._.js:2297
[    4643ms] [WARNING] The width(511) and height(300) are both fixed numbers,
       maybe you don't need to use a ResponsiveContainer. @ http://localhost:3000/_next/static/chunks/node_modules_next_dist_f3530cac._.js:2297
[    4644ms] [WARNING] The width(511) and height(300) are both fixed numbers,
       maybe you don't need to use a ResponsiveContainer. @ http://localhost:3000/_next/static/chunks/node_modules_next_dist_f3530cac._.js:2297
[    4646ms] [WARNING] The width(511) and height(420) are both fixed numbers,
       maybe you don't need to use a ResponsiveContainer. @ http://localhost:3000/_next/static/chunks/node_modules_next_dist_f3530cac._.js:2297
[    4646ms] [WARNING] The width(511) and height(420) are both fixed numbers,
       maybe you don't need to use a ResponsiveContainer. @ http://localhost:3000/_next/static/chunks/node_modules_next_dist_f3530cac._.js:2297
[    4648ms] [WARNING] The width(511) and height(420) are both fixed numbers,
       maybe you don't need to use a ResponsiveContainer. @ http://localhost:3000/_next/static/chunks/node_modules_next_dist_f3530cac._.js:2297
[    4648ms] [WARNING] The width(511) and height(420) are both fixed numbers,
       maybe you don't need to use a ResponsiveContainer. @ http://localhost:3000/_next/static/chunks/node_modules_next_dist_f3530cac._.js:2297
[    5142ms] [WARNING] The width(511) and height(300) are both fixed numbers,
       maybe you don't need to use a ResponsiveContainer. @ http://localhost:3000/_next/static/chunks/node_modules_next_dist_f3530cac._.js:2297
[    5142ms] [WARNING] The width(511) and height(300) are both fixed numbers,
       maybe you don't need to use a ResponsiveContainer. @ http://localhost:3000/_next/static/chunks/node_modules_next_dist_f3530cac._.js:2297
[    5144ms] [WARNING] The width(511) and height(300) are both fixed numbers,
       maybe you don't need to use a ResponsiveContainer. @ http://localhost:3000/_next/static/chunks/node_modules_next_dist_f3530cac._.js:2297
[    5144ms] [WARNING] The width(511) and height(300) are both fixed numbers,
       maybe you don't need to use a ResponsiveContainer. @ http://localhost:3000/_next/static/chunks/node_modules_next_dist_f3530cac._.js:2297
[    5147ms] [WARNING] The width(511) and height(420) are both fixed numbers,
       maybe you don't need to use a ResponsiveContainer. @ http://localhost:3000/_next/static/chunks/node_modules_next_dist_f3530cac._.js:2297
[    5147ms] [WARNING] The width(511) and height(420) are both fixed numbers,
       maybe you don't need to use a ResponsiveContainer. @ http://localhost:3000/_next/static/chunks/node_modules_next_dist_f3530cac._.js:2297
[    5149ms] [WARNING] The width(511) and height(420) are both fixed numbers,
       maybe you don't need to use a ResponsiveContainer. @ http://localhost:3000/_next/static/chunks/node_modules_next_dist_f3530cac._.js:2297
[    5149ms] [WARNING] The width(511) and height(420) are both fixed numbers,
       maybe you don't need to use a ResponsiveContainer. @ http://localhost:3000/_next/static/chunks/node_modules_next_dist_f3530cac._.js:2297
[    5559ms] [WARNING] The width(511) and height(300) are both fixed numbers,
       maybe you don't need to use a ResponsiveContainer. @ http://localhost:3000/_next/static/chunks/node_modules_next_dist_f3530cac._.js:2297
[    5559ms] [WARNING] The width(511) and height(300) are both fixed numbers,
       maybe you don't need to use a ResponsiveContainer. @ http://localhost:3000/_next/static/chunks/node_modules_next_dist_f3530cac._.js:2297
[    5561ms] [WARNING] The width(511) and height(300) are both fixed numbers,
       maybe you don't need to use a ResponsiveContainer. @ http://localhost:3000/_next/static/chunks/node_modules_next_dist_f3530cac._.js:2297
[    5562ms] [WARNING] The width(511) and height(300) are both fixed numbers,
       maybe you don't need to use a ResponsiveContainer. @ http://localhost:3000/_next/static/chunks/node_modules_next_dist_f3530cac._.js:2297
[    5564ms] [WARNING] The width(511) and height(420) are both fixed numbers,
       maybe you don't need to use a ResponsiveContainer. @ http://localhost:3000/_next/static/chunks/node_modules_next_dist_f3530cac._.js:2297
[    5564ms] [WARNING] The width(511) and height(420) are both fixed numbers,
       maybe you don't need to use a ResponsiveContainer. @ http://localhost:3000/_next/static/chunks/node_modules_next_dist_f3530cac._.js:2297
[    5566ms] [WARNING] The width(511) and height(420) are both fixed numbers,
       maybe you don't need to use a ResponsiveContainer. @ http://localhost:3000/_next/static/chunks/node_modules_next_dist_f3530cac._.js:2297
[    5566ms] [WARNING] The width(511) and height(420) are both fixed numbers,
       maybe you don't need to use a ResponsiveContainer. @ http://localhost:3000/_next/static/chunks/node_modules_next_dist_f3530cac._.js:2297
[    6019ms] [WARNING] The width(511) and height(300) are both fixed numbers,
       maybe you don't need to use a ResponsiveContainer. @ http://localhost:3000/_next/static/chunks/node_modules_next_dist_f3530cac._.js:2297
[    6019ms] [WARNING] The width(511) and height(300) are both fixed numbers,
       maybe you don't need to use a ResponsiveContainer. @ http://localhost:3000/_next/static/chunks/node_modules_next_dist_f3530cac._.js:2297
[    6022ms] [WARNING] The width(511) and height(300) are both fixed numbers,
       maybe you don't need to use a ResponsiveContainer. @ http://localhost:3000/_next/static/chunks/node_modules_next_dist_f3530cac._.js:2297
[    6022ms] [WARNING] The width(511) and height(300) are both fixed numbers,
       maybe you don't need to use a ResponsiveContainer. @ http://localhost:3000/_next/static/chunks/node_modules_next_dist_f3530cac._.js:2297
[    6024ms] [WARNING] The width(511) and height(420) are both fixed numbers,
       maybe you don't need to use a ResponsiveContainer. @ http://localhost:3000/_next/static/chunks/node_modules_next_dist_f3530cac._.js:2297
[    6024ms] [WARNING] The width(511) and height(420) are both fixed numbers,
       maybe you don't need to use a ResponsiveContainer. @ http://localhost:3000/_next/static/chunks/node_modules_next_dist_f3530cac._.js:2297
[    6026ms] [WARNING] The width(511) and height(420) are both fixed numbers,
       maybe you don't need to use a ResponsiveContainer. @ http://localhost:3000/_next/static/chunks/node_modules_next_dist_f3530cac._.js:2297
[    6026ms] [WARNING] The width(511) and height(420) are both fixed numbers,
       maybe you don't need to use a ResponsiveContainer. @ http://localhost:3000/_next/static/chunks/node_modules_next_dist_f3530cac._.js:2297
[    6432ms] [WARNING] The width(511) and height(300) are both fixed numbers,
       maybe you don't need to use a ResponsiveContainer. @ http://localhost:3000/_next/static/chunks/node_modules_next_dist_f3530cac._.js:2297
[    6432ms] [WARNING] The width(511) and height(300) are both fixed numbers,
       maybe you don't need to use a ResponsiveContainer. @ http://localhost:3000/_next/static/chunks/node_modules_next_dist_f3530cac._.js:2297
[    6434ms] [WARNING] The width(511) and height(300) are both fixed numbers,
       maybe you don't need to use a ResponsiveContainer. @ http://localhost:3000/_next/static/chunks/node_modules_next_dist_f3530cac._.js:2297
[    6434ms] [WARNING] The width(511) and height(300) are both fixed numbers,
       maybe you don't need to use a ResponsiveContainer. @ http://localhost:3000/_next/static/chunks/node_modules_next_dist_f3530cac._.js:2297
[    6436ms] [WARNING] The width(511) and height(420) are both fixed numbers,
       maybe you don't need to use a ResponsiveContainer. @ http://localhost:3000/_next/static/chunks/node_modules_next_dist_f3530cac._.js:2297
[    6436ms] [WARNING] The width(511) and height(420) are both fixed numbers,
       maybe you don't need to use a ResponsiveContainer. @ http://localhost:3000/_next/static/chunks/node_modules_next_dist_f3530cac._.js:2297
[    6440ms] [WARNING] The width(511) and height(420) are both fixed numbers,
       maybe you don't need to use a ResponsiveContainer. @ http://localhost:3000/_next/static/chunks/node_modules_next_dist_f3530cac._.js:2297
[    6440ms] [WARNING] The width(511) and height(420) are both fixed numbers,
       maybe you don't need to use a ResponsiveContainer. @ http://localhost:3000/_next/static/chunks/node_modules_next_dist_f3530cac._.js:2297
[    6879ms] [WARNING] The width(511) and height(300) are both fixed numbers,
       maybe you don't need to use a ResponsiveContainer. @ http://localhost:3000/_next/static/chunks/node_modules_next_dist_f3530cac._.js:2297
[    6879ms] [WARNING] The width(511) and height(300) are both fixed numbers,
       maybe you don't need to use a ResponsiveContainer. @ http://localhost:3000/_next/static/chunks/node_modules_next_dist_f3530cac._.js:2297
[    6881ms] [WARNING] The width(511) and height(300) are both fixed numbers,
       maybe you don't need to use a ResponsiveContainer. @ http://localhost:3000/_next/static/chunks/node_modules_next_dist_f3530cac._.js:2297
[    6881ms] [WARNING] The width(511) and height(300) are both fixed numbers,
       maybe you don't need to use a ResponsiveContainer. @ http://localhost:3000/_next/static/chunks/node_modules_next_dist_f3530cac._.js:2297
[    6884ms] [WARNING] The width(511) and height(420) are both fixed numbers,
       maybe you don't need to use a ResponsiveContainer. @ http://localhost:3000/_next/static/chunks/node_modules_next_dist_f3530cac._.js:2297
[    6884ms] [WARNING] The width(511) and height(420) are both fixed numbers,
       maybe you don't need to use a ResponsiveContainer. @ http://localhost:3000/_next/static/chunks/node_modules_next_dist_f3530cac._.js:2297
[    6886ms] [WARNING] The width(511) and height(420) are both fixed numbers,
       maybe you don't need to use a ResponsiveContainer. @ http://localhost:3000/_next/static/chunks/node_modules_next_dist_f3530cac._.js:2297
[    6886ms] [WARNING] The width(511) and height(420) are both fixed numbers,
       maybe you don't need to use a ResponsiveContainer. @ http://localhost:3000/_next/static/chunks/node_modules_next_dist_f3530cac._.js:2297
[    7367ms] [WARNING] The width(511) and height(300) are both fixed numbers,
       maybe you don't need to use a ResponsiveContainer. @ http://localhost:3000/_next/static/chunks/node_modules_next_dist_f3530cac._.js:2297
[    7367ms] [WARNING] The width(511) and height(300) are both fixed numbers,
       maybe you don't need to use a ResponsiveContainer. @ http://localhost:3000/_next/static/chunks/node_modules_next_dist_f3530cac._.js:2297
[    7369ms] [WARNING] The width(511) and height(300) are both fixed numbers,
       maybe you don't need to use a ResponsiveContainer. @ http://localhost:3000/_next/static/chunks/node_modules_next_dist_f3530cac._.js:2297
[    7369ms] [WARNING] The width(511) and height(300) are both fixed numbers,
       maybe you don't need to use a ResponsiveContainer. @ http://localhost:3000/_next/static/chunks/node_modules_next_dist_f3530cac._.js:2297
[    7371ms] [WARNING] The width(511) and height(420) are both fixed numbers,
       maybe you don't need to use a ResponsiveContainer. @ http://localhost:3000/_next/static/chunks/node_modules_next_dist_f3530cac._.js:2297
[    7371ms] [WARNING] The width(511) and height(420) are both fixed numbers,
       maybe you don't need to use a ResponsiveContainer. @ http://localhost:3000/_next/static/chunks/node_modules_next_dist_f3530cac._.js:2297
[    7373ms] [WARNING] The width(511) and height(420) are both fixed numbers,
       maybe you don't need to use a ResponsiveContainer. @ http://localhost:3000/_next/static/chunks/node_modules_next_dist_f3530cac._.js:2297
[    7373ms] [WARNING] The width(511) and height(420) are both fixed numbers,
       maybe you don't need to use a ResponsiveContainer. @ http://localhost:3000/_next/static/chunks/node_modules_next_dist_f3530cac._.js:2297
[    7788ms] [WARNING] The width(511) and height(300) are both fixed numbers,
       maybe you don't need to use a ResponsiveContainer. @ http://localhost:3000/_next/static/chunks/node_modules_next_dist_f3530cac._.js:2297
[    7788ms] [WARNING] The width(511) and height(300) are both fixed numbers,
       maybe you don't need to use a ResponsiveContainer. @ http://localhost:3000/_next/static/chunks/node_modules_next_dist_f3530cac._.js:2297
[    7792ms] [WARNING] The width(511) and height(300) are both fixed numbers,
       maybe you don't need to use a ResponsiveContainer. @ http://localhost:3000/_next/static/chunks/node_modules_next_dist_f3530cac._.js:2297
[    7793ms] [WARNING] The width(511) and height(300) are both fixed numbers,
       maybe you don't need to use a ResponsiveContainer. @ http://localhost:3000/_next/static/chunks/node_modules_next_dist_f3530cac._.js:2297
[    7796ms] [WARNING] The width(511) and height(420) are both fixed numbers,
       maybe you don't need to use a ResponsiveContainer. @ http://localhost:3000/_next/static/chunks/node_modules_next_dist_f3530cac._.js:2297
[    7796ms] [WARNING] The width(511) and height(420) are both fixed numbers,
       maybe you don't need to use a ResponsiveContainer. @ http://localhost:3000/_next/static/chunks/node_modules_next_dist_f3530cac._.js:2297
[    7798ms] [WARNING] The width(511) and height(420) are both fixed numbers,
       maybe you don't need to use a ResponsiveContainer. @ http://localhost:3000/_next/static/chunks/node_modules_next_dist_f3530cac._.js:2297
[    7798ms] [WARNING] The width(511) and height(420) are both fixed numbers,
       maybe you don't need to use a ResponsiveContainer. @ http://localhost:3000/_next/static/chunks/node_modules_next_dist_f3530cac._.js:2297
[    8245ms] [WARNING] The width(511) and height(300) are both fixed numbers,
       maybe you don't need to use a ResponsiveContainer. @ http://localhost:3000/_next/static/chunks/node_modules_next_dist_f3530cac._.js:2297
[    8245ms] [WARNING] The width(511) and height(300) are both fixed numbers,
       maybe you don't need to use a ResponsiveContainer. @ http://localhost:3000/_next/static/chunks/node_modules_next_dist_f3530cac._.js:2297
[    8247ms] [WARNING] The width(511) and height(300) are both fixed numbers,
       maybe you don't need to use a ResponsiveContainer. @ http://localhost:3000/_next/static/chunks/node_modules_next_dist_f3530cac._.js:2297
[    8247ms] [WARNING] The width(511) and height(300) are both fixed numbers,
       maybe you don't need to use a ResponsiveContainer. @ http://localhost:3000/_next/static/chunks/node_modules_next_dist_f3530cac._.js:2297
[    8249ms] [WARNING] The width(511) and height(420) are both fixed numbers,
       maybe you don't need to use a ResponsiveContainer. @ http://localhost:3000/_next/static/chunks/node_modules_next_dist_f3530cac._.js:2297
[    8249ms] [WARNING] The width(511) and height(420) are both fixed numbers,
       maybe you don't need to use a ResponsiveContainer. @ http://localhost:3000/_next/static/chunks/node_modules_next_dist_f3530cac._.js:2297
[    8251ms] [WARNING] The width(511) and height(420) are both fixed numbers,
       maybe you don't need to use a ResponsiveContainer. @ http://localhost:3000/_next/static/chunks/node_modules_next_dist_f3530cac._.js:2297
[    8251ms] [WARNING] The width(511) and height(420) are both fixed numbers,
       maybe you don't need to use a ResponsiveContainer. @ http://localhost:3000/_next/static/chunks/node_modules_next_dist_f3530cac._.js:2297
[    8662ms] [WARNING] The width(511) and height(300) are both fixed numbers,
       maybe you don't need to use a ResponsiveContainer. @ http://localhost:3000/_next/static/chunks/node_modules_next_dist_f3530cac._.js:2297
[    8663ms] [WARNING] The width(511) and height(300) are both fixed numbers,
       maybe you don't need to use a ResponsiveContainer. @ http://localhost:3000/_next/static/chunks/node_modules_next_dist_f3530cac._.js:2297
[    8664ms] [WARNING] The width(511) and height(300) are both fixed numbers,
       maybe you don't need to use a ResponsiveContainer. @ http://localhost:3000/_next/static/chunks/node_modules_next_dist_f3530cac._.js:2297
[    8665ms] [WARNING] The width(511) and height(300) are both fixed numbers,
       maybe you don't need to use a ResponsiveContainer. @ http://localhost:3000/_next/static/chunks/node_modules_next_dist_f3530cac._.js:2297
[    8666ms] [WARNING] The width(511) and height(420) are both fixed numbers,
       maybe you don't need to use a ResponsiveContainer. @ http://localhost:3000/_next/static/chunks/node_modules_next_dist_f3530cac._.js:2297
[    8666ms] [WARNING] The width(511) and height(420) are both fixed numbers,
       maybe you don't need to use a ResponsiveContainer. @ http://localhost:3000/_next/static/chunks/node_modules_next_dist_f3530cac._.js:2297
[    8668ms] [WARNING] The width(511) and height(420) are both fixed numbers,
       maybe you don't need to use a ResponsiveContainer. @ http://localhost:3000/_next/static/chunks/node_modules_next_dist_f3530cac._.js:2297
[    8668ms] [WARNING] The width(511) and height(420) are both fixed numbers,
       maybe you don't need to use a ResponsiveContainer. @ http://localhost:3000/_next/static/chunks/node_modules_next_dist_f3530cac._.js:2297
[    9201ms] [WARNING] The width(511) and height(300) are both fixed numbers,
       maybe you don't need to use a ResponsiveContainer. @ http://localhost:3000/_next/static/chunks/node_modules_next_dist_f3530cac._.js:2297
[    9201ms] [WARNING] The width(511) and height(300) are both fixed numbers,
       maybe you don't need to use a ResponsiveContainer. @ http://localhost:3000/_next/static/chunks/node_modules_next_dist_f3530cac._.js:2297
[    9203ms] [WARNING] The width(511) and height(300) are both fixed numbers,
       maybe you don't need to use a ResponsiveContainer. @ http://localhost:3000/_next/static/chunks/node_modules_next_dist_f3530cac._.js:2297
[    9203ms] [WARNING] The width(511) and height(300) are both fixed numbers,
       maybe you don't need to use a ResponsiveContainer. @ http://localhost:3000/_next/static/chunks/node_modules_next_dist_f3530cac._.js:2297
[    9205ms] [WARNING] The width(511) and height(420) are both fixed numbers,
       maybe you don't need to use a ResponsiveContainer. @ http://localhost:3000/_next/static/chunks/node_modules_next_dist_f3530cac._.js:2297
[    9205ms] [WARNING] The width(511) and height(420) are both fixed numbers,
       maybe you don't need to use a ResponsiveContainer. @ http://localhost:3000/_next/static/chunks/node_modules_next_dist_f3530cac._.js:2297
[    9207ms] [WARNING] The width(511) and height(420) are both fixed numbers,
       maybe you don't need to use a ResponsiveContainer. @ http://localhost:3000/_next/static/chunks/node_modules_next_dist_f3530cac._.js:2297
[    9207ms] [WARNING] The width(511) and height(420) are both fixed numbers,
       maybe you don't need to use a ResponsiveContainer. @ http://localhost:3000/_next/static/chunks/node_modules_next_dist_f3530cac._.js:2297
[    9634ms] [WARNING] The width(511) and height(300) are both fixed numbers,
       maybe you don't need to use a ResponsiveContainer. @ http://localhost:3000/_next/static/chunks/node_modules_next_dist_f3530cac._.js:2297
[    9634ms] [WARNING] The width(511) and height(300) are both fixed numbers,
       maybe you don't need to use a ResponsiveContainer. @ http://localhost:3000/_next/static/chunks/node_modules_next_dist_f3530cac._.js:2297
[    9637ms] [WARNING] The width(511) and height(300) are both fixed numbers,
       maybe you don't need to use a ResponsiveContainer. @ http://localhost:3000/_next/static/chunks/node_modules_next_dist_f3530cac._.js:2297
[    9637ms] [WARNING] The width(511) and height(300) are both fixed numbers,
       maybe you don't need to use a ResponsiveContainer. @ http://localhost:3000/_next/static/chunks/node_modules_next_dist_f3530cac._.js:2297
[    9639ms] [WARNING] The width(511) and height(420) are both fixed numbers,
       maybe you don't need to use a ResponsiveContainer. @ http://localhost:3000/_next/static/chunks/node_modules_next_dist_f3530cac._.js:2297
[    9639ms] [WARNING] The width(511) and height(420) are both fixed numbers,
       maybe you don't need to use a ResponsiveContainer. @ http://localhost:3000/_next/static/chunks/node_modules_next_dist_f3530cac._.js:2297
[    9641ms] [WARNING] The width(511) and height(420) are both fixed numbers,
       maybe you don't need to use a ResponsiveContainer. @ http://localhost:3000/_next/static/chunks/node_modules_next_dist_f3530cac._.js:2297
[    9641ms] [WARNING] The width(511) and height(420) are both fixed numbers,
       maybe you don't need to use a ResponsiveContainer. @ http://localhost:3000/_next/static/chunks/node_modules_next_dist_f3530cac._.js:2297
[   10034ms] [WARNING] The width(511) and height(300) are both fixed numbers,
       maybe you don't need to use a ResponsiveContainer. @ http://localhost:3000/_next/static/chunks/node_modules_next_dist_f3530cac._.js:2297
[   10034ms] [WARNING] The width(511) and height(300) are both fixed numbers,
       maybe you don't need to use a ResponsiveContainer. @ http://localhost:3000/_next/static/chunks/node_modules_next_dist_f3530cac._.js:2297
[   10037ms] [WARNING] The width(511) and height(300) are both fixed numbers,
       maybe you don't need to use a ResponsiveContainer. @ http://localhost:3000/_next/static/chunks/node_modules_next_dist_f3530cac._.js:2297
[   10037ms] [WARNING] The width(511) and height(300) are both fixed numbers,
       maybe you don't need to use a ResponsiveContainer. @ http://localhost:3000/_next/static/chunks/node_modules_next_dist_f3530cac._.js:2297
[   10039ms] [WARNING] The width(511) and height(420) are both fixed numbers,
       maybe you don't need to use a ResponsiveContainer. @ http://localhost:3000/_next/static/chunks/node_modules_next_dist_f3530cac._.js:2297
[   10039ms] [WARNING] The width(511) and height(420) are both fixed numbers,
       maybe you don't need to use a ResponsiveContainer. @ http://localhost:3000/_next/static/chunks/node_modules_next_dist_f3530cac._.js:2297
[   10041ms] [WARNING] The width(511) and height(420) are both fixed numbers,
       maybe you don't need to use a ResponsiveContainer. @ http://localhost:3000/_next/static/chunks/node_modules_next_dist_f3530cac._.js:2297
[   10042ms] [WARNING] The width(511) and height(420) are both fixed numbers,
       maybe you don't need to use a ResponsiveContainer. @ http://localhost:3000/_next/static/chunks/node_modules_next_dist_f3530cac._.js:2297
[   10547ms] [WARNING] The width(511) and height(300) are both fixed numbers,
       maybe you don't need to use a ResponsiveContainer. @ http://localhost:3000/_next/static/chunks/node_modules_next_dist_f3530cac._.js:2297
[   10547ms] [WARNING] The width(511) and height(300) are both fixed numbers,
       maybe you don't need to use a ResponsiveContainer. @ http://localhost:3000/_next/static/chunks/node_modules_next_dist_f3530cac._.js:2297
[   10550ms] [WARNING] The width(511) and height(300) are both fixed numbers,
       maybe you don't need to use a ResponsiveContainer. @ http://localhost:3000/_next/static/chunks/node_modules_next_dist_f3530cac._.js:2297
[   10550ms] [WARNING] The width(511) and height(300) are both fixed numbers,
       maybe you don't need to use a ResponsiveContainer. @ http://localhost:3000/_next/static/chunks/node_modules_next_dist_f3530cac._.js:2297
[   10552ms] [WARNING] The width(511) and height(420) are both fixed numbers,
       maybe you don't need to use a ResponsiveContainer. @ http://localhost:3000/_next/static/chunks/node_modules_next_dist_f3530cac._.js:2297
[   10552ms] [WARNING] The width(511) and height(420) are both fixed numbers,
       maybe you don't need to use a ResponsiveContainer. @ http://localhost:3000/_next/static/chunks/node_modules_next_dist_f3530cac._.js:2297
[   10554ms] [WARNING] The width(511) and height(420) are both fixed numbers,
       maybe you don't need to use a ResponsiveContainer. @ http://localhost:3000/_next/static/chunks/node_modules_next_dist_f3530cac._.js:2297
[   10554ms] [WARNING] The width(511) and height(420) are both fixed numbers,
       maybe you don't need to use a ResponsiveContainer. @ http://localhost:3000/_next/static/chunks/node_modules_next_dist_f3530cac._.js:2297
[   10952ms] [WARNING] The width(511) and height(300) are both fixed numbers,
       maybe you don't need to use a ResponsiveContainer. @ http://localhost:3000/_next/static/chunks/node_modules_next_dist_f3530cac._.js:2297
[   10952ms] [WARNING] The width(511) and height(300) are both fixed numbers,
       maybe you don't need to use a ResponsiveContainer. @ http://localhost:3000/_next/static/chunks/node_modules_next_dist_f3530cac._.js:2297
[   10955ms] [WARNING] The width(511) and height(300) are both fixed numbers,
       maybe you don't need to use a ResponsiveContainer. @ http://localhost:3000/_next/static/chunks/node_modules_next_dist_f3530cac._.js:2297
[   10955ms] [WARNING] The width(511) and height(300) are both fixed numbers,
       maybe you don't need to use a ResponsiveContainer. @ http://localhost:3000/_next/static/chunks/node_modules_next_dist_f3530cac._.js:2297
[   10957ms] [WARNING] The width(511) and height(420) are both fixed numbers,
       maybe you don't need to use a ResponsiveContainer. @ http://localhost:3000/_next/static/chunks/node_modules_next_dist_f3530cac._.js:2297
[   10957ms] [WARNING] The width(511) and height(420) are both fixed numbers,
       maybe you don't need to use a ResponsiveContainer. @ http://localhost:3000/_next/static/chunks/node_modules_next_dist_f3530cac._.js:2297
[   10959ms] [WARNING] The width(511) and height(420) are both fixed numbers,
       maybe you don't need to use a ResponsiveContainer. @ http://localhost:3000/_next/static/chunks/node_modules_next_dist_f3530cac._.js:2297
[   10959ms] [WARNING] The width(511) and height(420) are both fixed numbers,
       maybe you don't need to use a ResponsiveContainer. @ http://localhost:3000/_next/static/chunks/node_modules_next_dist_f3530cac._.js:2297
[   11427ms] [WARNING] The width(511) and height(300) are both fixed numbers,
       maybe you don't need to use a ResponsiveContainer. @ http://localhost:3000/_next/static/chunks/node_modules_next_dist_f3530cac._.js:2297
[   11427ms] [WARNING] The width(511) and height(300) are both fixed numbers,
       maybe you don't need to use a ResponsiveContainer. @ http://localhost:3000/_next/static/chunks/node_modules_next_dist_f3530cac._.js:2297
[   11430ms] [WARNING] The width(511) and height(300) are both fixed numbers,
       maybe you don't need to use a ResponsiveContainer. @ http://localhost:3000/_next/static/chunks/node_modules_next_dist_f3530cac._.js:2297
[   11430ms] [WARNING] The width(511) and height(300) are both fixed numbers,
       maybe you don't need to use a ResponsiveContainer. @ http://localhost:3000/_next/static/chunks/node_modules_next_dist_f3530cac._.js:2297
[   11432ms] [WARNING] The width(511) and height(420) are both fixed numbers,
       maybe you don't need to use a ResponsiveContainer. @ http://localhost:3000/_next/static/chunks/node_modules_next_dist_f3530cac._.js:2297
[   11432ms] [WARNING] The width(511) and height(420) are both fixed numbers,
       maybe you don't need to use a ResponsiveContainer. @ http://localhost:3000/_next/static/chunks/node_modules_next_dist_f3530cac._.js:2297
[   11433ms] [WARNING] The width(511) and height(420) are both fixed numbers,
       maybe you don't need to use a ResponsiveContainer. @ http://localhost:3000/_next/static/chunks/node_modules_next_dist_f3530cac._.js:2297
[   11434ms] [WARNING] The width(511) and height(420) are both fixed numbers,
       maybe you don't need to use a ResponsiveContainer. @ http://localhost:3000/_next/static/chunks/node_modules_next_dist_f3530cac._.js:2297
[   11836ms] [WARNING] The width(511) and height(300) are both fixed numbers,
       maybe you don't need to use a ResponsiveContainer. @ http://localhost:3000/_next/static/chunks/node_modules_next_dist_f3530cac._.js:2297
[   11836ms] [WARNING] The width(511) and height(300) are both fixed numbers,
       maybe you don't need to use a ResponsiveContainer. @ http://localhost:3000/_next/static/chunks/node_modules_next_dist_f3530cac._.js:2297
[   11839ms] [WARNING] The width(511) and height(300) are both fixed numbers,
       maybe you don't need to use a ResponsiveContainer. @ http://localhost:3000/_next/static/chunks/node_modules_next_dist_f3530cac._.js:2297
[   11839ms] [WARNING] The width(511) and height(300) are both fixed numbers,
       maybe you don't need to use a ResponsiveContainer. @ http://localhost:3000/_next/static/chunks/node_modules_next_dist_f3530cac._.js:2297
[   11841ms] [WARNING] The width(511) and height(420) are both fixed numbers,
       maybe you don't need to use a ResponsiveContainer. @ http://localhost:3000/_next/static/chunks/node_modules_next_dist_f3530cac._.js:2297
[   11841ms] [WARNING] The width(511) and height(420) are both fixed numbers,
       maybe you don't need to use a ResponsiveContainer. @ http://localhost:3000/_next/static/chunks/node_modules_next_dist_f3530cac._.js:2297
[   11843ms] [WARNING] The width(511) and height(420) are both fixed numbers,
       maybe you don't need to use a ResponsiveContainer. @ http://localhost:3000/_next/static/chunks/node_modules_next_dist_f3530cac._.js:2297
[   11844ms] [WARNING] The width(511) and height(420) are both fixed numbers,
       maybe you don't need to use a ResponsiveContainer. @ http://localhost:3000/_next/static/chunks/node_modules_next_dist_f3530cac._.js:2297
[   12449ms] [WARNING] The width(511) and height(300) are both fixed numbers,
       maybe you don't need to use a ResponsiveContainer. @ http://localhost:3000/_next/static/chunks/node_modules_next_dist_f3530cac._.js:2297
[   12449ms] [WARNING] The width(511) and height(300) are both fixed numbers,
       maybe you don't need to use a ResponsiveContainer. @ http://localhost:3000/_next/static/chunks/node_modules_next_dist_f3530cac._.js:2297
[   12451ms] [WARNING] The width(511) and height(300) are both fixed numbers,
       maybe you don't need to use a ResponsiveContainer. @ http://localhost:3000/_next/static/chunks/node_modules_next_dist_f3530cac._.js:2297
[   12451ms] [WARNING] The width(511) and height(300) are both fixed numbers,
       maybe you don't need to use a ResponsiveContainer. @ http://localhost:3000/_next/static/chunks/node_modules_next_dist_f3530cac._.js:2297
[   12454ms] [WARNING] The width(511) and height(420) are both fixed numbers,
       maybe you don't need to use a ResponsiveContainer. @ http://localhost:3000/_next/static/chunks/node_modules_next_dist_f3530cac._.js:2297
[   12454ms] [WARNING] The width(511) and height(420) are both fixed numbers,
       maybe you don't need to use a ResponsiveContainer. @ http://localhost:3000/_next/static/chunks/node_modules_next_dist_f3530cac._.js:2297
[   12456ms] [WARNING] The width(511) and height(420) are both fixed numbers,
       maybe you don't need to use a ResponsiveContainer. @ http://localhost:3000/_next/static/chunks/node_modules_next_dist_f3530cac._.js:2297
[   12456ms] [WARNING] The width(511) and height(420) are both fixed numbers,
       maybe you don't need to use a ResponsiveContainer. @ http://localhost:3000/_next/static/chunks/node_modules_next_dist_f3530cac._.js:2297
[   12858ms] [WARNING] The width(511) and height(300) are both fixed numbers,
       maybe you don't need to use a ResponsiveContainer. @ http://localhost:3000/_next/static/chunks/node_modules_next_dist_f3530cac._.js:2297
[   12858ms] [WARNING] The width(511) and height(300) are both fixed numbers,
       maybe you don't need to use a ResponsiveContainer. @ http://localhost:3000/_next/static/chunks/node_modules_next_dist_f3530cac._.js:2297
[   12861ms] [WARNING] The width(511) and height(300) are both fixed numbers,
       maybe you don't need to use a ResponsiveContainer. @ http://localhost:3000/_next/static/chunks/node_modules_next_dist_f3530cac._.js:2297
[   12861ms] [WARNING] The width(511) and height(300) are both fixed numbers,
       maybe you don't need to use a ResponsiveContainer. @ http://localhost:3000/_next/static/chunks/node_modules_next_dist_f3530cac._.js:2297
[   12863ms] [WARNING] The width(511) and height(420) are both fixed numbers,
       maybe you don't need to use a ResponsiveContainer. @ http://localhost:3000/_next/static/chunks/node_modules_next_dist_f3530cac._.js:2297
[   12863ms] [WARNING] The width(511) and height(420) are both fixed numbers,
       maybe you don't need to use a ResponsiveContainer. @ http://localhost:3000/_next/static/chunks/node_modules_next_dist_f3530cac._.js:2297
[   12865ms] [WARNING] The width(511) and height(420) are both fixed numbers,
       maybe you don't need to use a ResponsiveContainer. @ http://localhost:3000/_next/static/chunks/node_modules_next_dist_f3530cac._.js:2297
[   12865ms] [WARNING] The width(511) and height(420) are both fixed numbers,
       maybe you don't need to use a ResponsiveContainer. @ http://localhost:3000/_next/static/chunks/node_modules_next_dist_f3530cac._.js:2297
[   13355ms] [WARNING] The width(511) and height(300) are both fixed numbers,
       maybe you don't need to use a ResponsiveContainer. @ http://localhost:3000/_next/static/chunks/node_modules_next_dist_f3530cac._.js:2297
[   13356ms] [WARNING] The width(511) and height(300) are both fixed numbers,
       maybe you don't need to use a ResponsiveContainer. @ http://localhost:3000/_next/static/chunks/node_modules_next_dist_f3530cac._.js:2297
[   13358ms] [WARNING] The width(511) and height(300) are both fixed numbers,
       maybe you don't need to use a ResponsiveContainer. @ http://localhost:3000/_next/static/chunks/node_modules_next_dist_f3530cac._.js:2297
[   13358ms] [WARNING] The width(511) and height(300) are both fixed numbers,
       maybe you don't need to use a ResponsiveContainer. @ http://localhost:3000/_next/static/chunks/node_modules_next_dist_f3530cac._.js:2297
[   13360ms] [WARNING] The width(511) and height(420) are both fixed numbers,
       maybe you don't need to use a ResponsiveContainer. @ http://localhost:3000/_next/static/chunks/node_modules_next_dist_f3530cac._.js:2297
[   13360ms] [WARNING] The width(511) and height(420) are both fixed numbers,
       maybe you don't need to use a ResponsiveContainer. @ http://localhost:3000/_next/static/chunks/node_modules_next_dist_f3530cac._.js:2297
[   13362ms] [WARNING] The width(511) and height(420) are both fixed numbers,
       maybe you don't need to use a ResponsiveContainer. @ http://localhost:3000/_next/static/chunks/node_modules_next_dist_f3530cac._.js:2297
[   13362ms] [WARNING] The width(511) and height(420) are both fixed numbers,
       maybe you don't need to use a ResponsiveContainer. @ http://localhost:3000/_next/static/chunks/node_modules_next_dist_f3530cac._.js:2297
[   13785ms] [WARNING] The width(511) and height(300) are both fixed numbers,
       maybe you don't need to use a ResponsiveContainer. @ http://localhost:3000/_next/static/chunks/node_modules_next_dist_f3530cac._.js:2297
[   13785ms] [WARNING] The width(511) and height(300) are both fixed numbers,
       maybe you don't need to use a ResponsiveContainer. @ http://localhost:3000/_next/static/chunks/node_modules_next_dist_f3530cac._.js:2297
[   13788ms] [WARNING] The width(511) and height(300) are both fixed numbers,
       maybe you don't need to use a ResponsiveContainer. @ http://localhost:3000/_next/static/chunks/node_modules_next_dist_f3530cac._.js:2297
[   13788ms] [WARNING] The width(511) and height(300) are both fixed numbers,
       maybe you don't need to use a ResponsiveContainer. @ http://localhost:3000/_next/static/chunks/node_modules_next_dist_f3530cac._.js:2297
[   13790ms] [WARNING] The width(511) and height(420) are both fixed numbers,
       maybe you don't need to use a ResponsiveContainer. @ http://localhost:3000/_next/static/chunks/node_modules_next_dist_f3530cac._.js:2297
[   13790ms] [WARNING] The width(511) and height(420) are both fixed numbers,
       maybe you don't need to use a ResponsiveContainer. @ http://localhost:3000/_next/static/chunks/node_modules_next_dist_f3530cac._.js:2297
[   13792ms] [WARNING] The width(511) and height(420) are both fixed numbers,
       maybe you don't need to use a ResponsiveContainer. @ http://localhost:3000/_next/static/chunks/node_modules_next_dist_f3530cac._.js:2297
[   13792ms] [WARNING] The width(511) and height(420) are both fixed numbers,
       maybe you don't need to use a ResponsiveContainer. @ http://localhost:3000/_next/static/chunks/node_modules_next_dist_f3530cac._.js:2297
[   14192ms] [WARNING] The width(511) and height(300) are both fixed numbers,
       maybe you don't need to use a ResponsiveContainer. @ http://localhost:3000/_next/static/chunks/node_modules_next_dist_f3530cac._.js:2297
[   14192ms] [WARNING] The width(511) and height(300) are both fixed numbers,
       maybe you don't need to use a ResponsiveContainer. @ http://localhost:3000/_next/static/chunks/node_modules_next_dist_f3530cac._.js:2297
[   14194ms] [WARNING] The width(511) and height(300) are both fixed numbers,
       maybe you don't need to use a ResponsiveContainer. @ http://localhost:3000/_next/static/chunks/node_modules_next_dist_f3530cac._.js:2297
[   14195ms] [WARNING] The width(511) and height(300) are both fixed numbers,
       maybe you don't need to use a ResponsiveContainer. @ http://localhost:3000/_next/static/chunks/node_modules_next_dist_f3530cac._.js:2297
[   14196ms] [WARNING] The width(511) and height(420) are both fixed numbers,
       maybe you don't need to use a ResponsiveContainer. @ http://localhost:3000/_next/static/chunks/node_modules_next_dist_f3530cac._.js:2297
[   14196ms] [WARNING] The width(511) and height(420) are both fixed numbers,
       maybe you don't need to use a ResponsiveContainer. @ http://localhost:3000/_next/static/chunks/node_modules_next_dist_f3530cac._.js:2297
[   14198ms] [WARNING] The width(511) and height(420) are both fixed numbers,
       maybe you don't need to use a ResponsiveContainer. @ http://localhost:3000/_next/static/chunks/node_modules_next_dist_f3530cac._.js:2297
[   14198ms] [WARNING] The width(511) and height(420) are both fixed numbers,
       maybe you don't need to use a ResponsiveContainer. @ http://localhost:3000/_next/static/chunks/node_modules_next_dist_f3530cac._.js:2297
[   14505ms] [WARNING] The width(511) and height(300) are both fixed numbers,
       maybe you don't need to use a ResponsiveContainer. @ http://localhost:3000/_next/static/chunks/node_modules_next_dist_f3530cac._.js:2297
[   14505ms] [WARNING] The width(511) and height(300) are both fixed numbers,
       maybe you don't need to use a ResponsiveContainer. @ http://localhost:3000/_next/static/chunks/node_modules_next_dist_f3530cac._.js:2297
[   14507ms] [WARNING] The width(511) and height(300) are both fixed numbers,
       maybe you don't need to use a ResponsiveContainer. @ http://localhost:3000/_next/static/chunks/node_modules_next_dist_f3530cac._.js:2297
[   14507ms] [WARNING] The width(511) and height(300) are both fixed numbers,
       maybe you don't need to use a ResponsiveContainer. @ http://localhost:3000/_next/static/chunks/node_modules_next_dist_f3530cac._.js:2297
[   14509ms] [WARNING] The width(511) and height(420) are both fixed numbers,
       maybe you don't need to use a ResponsiveContainer. @ http://localhost:3000/_next/static/chunks/node_modules_next_dist_f3530cac._.js:2297
[   14509ms] [WARNING] The width(511) and height(420) are both fixed numbers,
       maybe you don't need to use a ResponsiveContainer. @ http://localhost:3000/_next/static/chunks/node_modules_next_dist_f3530cac._.js:2297
[   14511ms] [WARNING] The width(511) and height(420) are both fixed numbers,
       maybe you don't need to use a ResponsiveContainer. @ http://localhost:3000/_next/static/chunks/node_modules_next_dist_f3530cac._.js:2297
[   14511ms] [WARNING] The width(511) and height(420) are both fixed numbers,
       maybe you don't need to use a ResponsiveContainer. @ http://localhost:3000/_next/static/chunks/node_modules_next_dist_f3530cac._.js:2297
[   14804ms] [WARNING] The width(511) and height(300) are both fixed numbers,
       maybe you don't need to use a ResponsiveContainer. @ http://localhost:3000/_next/static/chunks/node_modules_next_dist_f3530cac._.js:2297
[   14804ms] [WARNING] The width(511) and height(300) are both fixed numbers,
       maybe you don't need to use a ResponsiveContainer. @ http://localhost:3000/_next/static/chunks/node_modules_next_dist_f3530cac._.js:2297
[   14806ms] [WARNING] The width(511) and height(300) are both fixed numbers,
       maybe you don't need to use a ResponsiveContainer. @ http://localhost:3000/_next/static/chunks/node_modules_next_dist_f3530cac._.js:2297
[   14806ms] [WARNING] The width(511) and height(300) are both fixed numbers,
       maybe you don't need to use a ResponsiveContainer. @ http://localhost:3000/_next/static/chunks/node_modules_next_dist_f3530cac._.js:2297
[   14809ms] [WARNING] The width(511) and height(420) are both fixed numbers,
       maybe you don't need to use a ResponsiveContainer. @ http://localhost:3000/_next/static/chunks/node_modules_next_dist_f3530cac._.js:2297
[   14809ms] [WARNING] The width(511) and height(420) are both fixed numbers,
       maybe you don't need to use a ResponsiveContainer. @ http://localhost:3000/_next/static/chunks/node_modules_next_dist_f3530cac._.js:2297
[   14810ms] [WARNING] The width(511) and height(420) are both fixed numbers,
       maybe you don't need to use a ResponsiveContainer. @ http://localhost:3000/_next/static/chunks/node_modules_next_dist_f3530cac._.js:2297
[   14810ms] [WARNING] The width(511) and height(420) are both fixed numbers,
       maybe you don't need to use a ResponsiveContainer. @ http://localhost:3000/_next/static/chunks/node_modules_next_dist_f3530cac._.js:2297
[   15284ms] [WARNING] The width(511) and height(300) are both fixed numbers,
       maybe you don't need to use a ResponsiveContainer. @ http://localhost:3000/_next/static/chunks/node_modules_next_dist_f3530cac._.js:2297
[   15284ms] [WARNING] The width(511) and height(300) are both fixed numbers,
       maybe you don't need to use a ResponsiveContainer. @ http://localhost:3000/_next/static/chunks/node_modules_next_dist_f3530cac._.js:2297
[   15286ms] [WARNING] The width(511) and height(300) are both fixed numbers,
       maybe you don't need to use a ResponsiveContainer. @ http://localhost:3000/_next/static/chunks/node_modules_next_dist_f3530cac._.js:2297
[   15286ms] [WARNING] The width(511) and height(300) are both fixed numbers,
       maybe you don't need to use a ResponsiveContainer. @ http://localhost:3000/_next/static/chunks/node_modules_next_dist_f3530cac._.js:2297
[   15288ms] [WARNING] The width(511) and height(420) are both fixed numbers,
       maybe you don't need to use a ResponsiveContainer. @ http://localhost:3000/_next/static/chunks/node_modules_next_dist_f3530cac._.js:2297
[   15288ms] [WARNING] The width(511) and height(420) are both fixed numbers,
       maybe you don't need to use a ResponsiveContainer. @ http://localhost:3000/_next/static/chunks/node_modules_next_dist_f3530cac._.js:2297
[   15290ms] [WARNING] The width(511) and height(420) are both fixed numbers,
       maybe you don't need to use a ResponsiveContainer. @ http://localhost:3000/_next/static/chunks/node_modules_next_dist_f3530cac._.js:2297
[   15290ms] [WARNING] The width(511) and height(420) are both fixed numbers,
       maybe you don't need to use a ResponsiveContainer. @ http://localhost:3000/_next/static/chunks/node_modules_next_dist_f3530cac._.js:2297
[   15780ms] [WARNING] The width(511) and height(300) are both fixed numbers,
       maybe you don't need to use a ResponsiveContainer. @ http://localhost:3000/_next/static/chunks/node_modules_next_dist_f3530cac._.js:2297
[   15780ms] [WARNING] The width(511) and height(300) are both fixed numbers,
       maybe you don't need to use a ResponsiveContainer. @ http://localhost:3000/_next/static/chunks/node_modules_next_dist_f3530cac._.js:2297
[   15782ms] [WARNING] The width(511) and height(300) are both fixed numbers,
       maybe you don't need to use a ResponsiveContainer. @ http://localhost:3000/_next/static/chunks/node_modules_next_dist_f3530cac._.js:2297
[   15782ms] [WARNING] The width(511) and height(300) are both fixed numbers,
       maybe you don't need to use a ResponsiveContainer. @ http://localhost:3000/_next/static/chunks/node_modules_next_dist_f3530cac._.js:2297
[   15784ms] [WARNING] The width(511) and height(420) are both fixed numbers,
       maybe you don't need to use a ResponsiveContainer. @ http://localhost:3000/_next/static/chunks/node_modules_next_dist_f3530cac._.js:2297
[   15784ms] [WARNING] The width(511) and height(420) are both fixed numbers,
       maybe you don't need to use a ResponsiveContainer. @ http://localhost:3000/_next/static/chunks/node_modules_next_dist_f3530cac._.js:2297
[   15786ms] [WARNING] The width(511) and height(420) are both fixed numbers,
       maybe you don't need to use a ResponsiveContainer. @ http://localhost:3000/_next/static/chunks/node_modules_next_dist_f3530cac._.js:2297
[   15786ms] [WARNING] The width(511) and height(420) are both fixed numbers,
       maybe you don't need to use a ResponsiveContainer. @ http://localhost:3000/_next/static/chunks/node_modules_next_dist_f3530cac._.js:2297
[   16131ms] [WARNING] The width(511) and height(300) are both fixed numbers,
       maybe you don't need to use a ResponsiveContainer. @ http://localhost:3000/_next/static/chunks/node_modules_next_dist_f3530cac._.js:2297
[   16131ms] [WARNING] The width(511) and height(300) are both fixed numbers,
       maybe you don't need to use a ResponsiveContainer. @ http://localhost:3000/_next/static/chunks/node_modules_next_dist_f3530cac._.js:2297
[   16133ms] [WARNING] The width(511) and height(300) are both fixed numbers,
       maybe you don't need to use a ResponsiveContainer. @ http://localhost:3000/_next/static/chunks/node_modules_next_dist_f3530cac._.js:2297
[   16133ms] [WARNING] The width(511) and height(300) are both fixed numbers,
       maybe you don't need to use a ResponsiveContainer. @ http://localhost:3000/_next/static/chunks/node_modules_next_dist_f3530cac._.js:2297
[   16135ms] [WARNING] The width(511) and height(420) are both fixed numbers,
       maybe you don't need to use a ResponsiveContainer. @ http://localhost:3000/_next/static/chunks/node_modules_next_dist_f3530cac._.js:2297
[   16135ms] [WARNING] The width(511) and height(420) are both fixed numbers,
       maybe you don't need to use a ResponsiveContainer. @ http://localhost:3000/_next/static/chunks/node_modules_next_dist_f3530cac._.js:2297
[   16137ms] [WARNING] The width(511) and height(420) are both fixed numbers,
       maybe you don't need to use a ResponsiveContainer. @ http://localhost:3000/_next/static/chunks/node_modules_next_dist_f3530cac._.js:2297
[   16137ms] [WARNING] The width(511) and height(420) are both fixed numbers,
       maybe you don't need to use a ResponsiveContainer. @ http://localhost:3000/_next/static/chunks/node_modules_next_dist_f3530cac._.js:2297
[   20575ms] [WARNING] The width(511) and height(300) are both fixed numbers,
       maybe you don't need to use a ResponsiveContainer. @ http://localhost:3000/_next/static/chunks/node_modules_next_dist_f3530cac._.js:2297
[   20575ms] [WARNING] The width(511) and height(300) are both fixed numbers,
       maybe you don't need to use a ResponsiveContainer. @ http://localhost:3000/_next/static/chunks/node_modules_next_dist_f3530cac._.js:2297
[   20578ms] [WARNING] The width(511) and height(300) are both fixed numbers,
       maybe you don't need to use a ResponsiveContainer. @ http://localhost:3000/_next/static/chunks/node_modules_next_dist_f3530cac._.js:2297
[   20578ms] [WARNING] The width(511) and height(300) are both fixed numbers,
       maybe you don't need to use a ResponsiveContainer. @ http://localhost:3000/_next/static/chunks/node_modules_next_dist_f3530cac._.js:2297
[   20580ms] [WARNING] The width(511) and height(420) are both fixed numbers,
       maybe you don't need to use a ResponsiveContainer. @ http://localhost:3000/_next/static/chunks/node_modules_next_dist_f3530cac._.js:2297
[   20580ms] [WARNING] The width(511) and height(420) are both fixed numbers,
       maybe you don't need to use a ResponsiveContainer. @ http://localhost:3000/_next/static/chunks/node_modules_next_dist_f3530cac._.js:2297
[   20582ms] [WARNING] The width(511) and height(420) are both fixed numbers,
       maybe you don't need to use a ResponsiveContainer. @ http://localhost:3000/_next/static/chunks/node_modules_next_dist_f3530cac._.js:2297
[   20582ms] [WARNING] The width(511) and height(420) are both fixed numbers,
       maybe you don't need to use a ResponsiveContainer. @ http://localhost:3000/_next/static/chunks/node_modules_next_dist_f3530cac._.js:2297
[   32185ms] [WARNING] The width(511) and height(300) are both fixed numbers,
       maybe you don't need to use a ResponsiveContainer. @ http://localhost:3000/_next/static/chunks/node_modules_next_dist_f3530cac._.js:2297
[   32185ms] [WARNING] The width(511) and height(300) are both fixed numbers,
       maybe you don't need to use a ResponsiveContainer. @ http://localhost:3000/_next/static/chunks/node_modules_next_dist_f3530cac._.js:2297
[   32188ms] [WARNING] The width(511) and height(300) are both fixed numbers,
       maybe you don't need to use a ResponsiveContainer. @ http://localhost:3000/_next/static/chunks/node_modules_next_dist_f3530cac._.js:2297
[   32188ms] [WARNING] The width(511) and height(300) are both fixed numbers,
       maybe you don't need to use a ResponsiveContainer. @ http://localhost:3000/_next/static/chunks/node_modules_next_dist_f3530cac._.js:2297
[   32190ms] [WARNING] The width(511) and height(420) are both fixed numbers,
       maybe you don't need to use a ResponsiveContainer. @ http://localhost:3000/_next/static/chunks/node_modules_next_dist_f3530cac._.js:2297
[   32190ms] [WARNING] The width(511) and height(420) are both fixed numbers,
       maybe you don't need to use a ResponsiveContainer. @ http://localhost:3000/_next/static/chunks/node_modules_next_dist_f3530cac._.js:2297
[   32192ms] [WARNING] The width(511) and height(420) are both fixed numbers,
       maybe you don't need to use a ResponsiveContainer. @ http://localhost:3000/_next/static/chunks/node_modules_next_dist_f3530cac._.js:2297
[   32192ms] [WARNING] The width(511) and height(420) are both fixed numbers,
       maybe you don't need to use a ResponsiveContainer. @ http://localhost:3000/_next/static/chunks/node_modules_next_dist_f3530cac._.js:2297
[   34212ms] [WARNING] The width(511) and height(300) are both fixed numbers,
       maybe you don't need to use a ResponsiveContainer. @ http://localhost:3000/_next/static/chunks/node_modules_next_dist_f3530cac._.js:2297
[   34212ms] [WARNING] The width(511) and height(300) are both fixed numbers,
       maybe you don't need to use a ResponsiveContainer. @ http://localhost:3000/_next/static/chunks/node_modules_next_dist_f3530cac._.js:2297
[   34225ms] [WARNING] The width(511) and height(300) are both fixed numbers,
       maybe you don't need to use a ResponsiveContainer. @ http://localhost:3000/_next/static/chunks/node_modules_next_dist_f3530cac._.js:2297
[   34225ms] [WARNING] The width(511) and height(300) are both fixed numbers,
       maybe you don't need to use a ResponsiveContainer. @ http://localhost:3000/_next/static/chunks/node_modules_next_dist_f3530cac._.js:2297
[   34237ms] [WARNING] The width(511) and height(420) are both fixed numbers,
       maybe you don't need to use a ResponsiveContainer. @ http://localhost:3000/_next/static/chunks/node_modules_next_dist_f3530cac._.js:2297
[   34237ms] [WARNING] The width(511) and height(420) are both fixed numbers,
       maybe you don't need to use a ResponsiveContainer. @ http://localhost:3000/_next/static/chunks/node_modules_next_dist_f3530cac._.js:2297
[   34250ms] [WARNING] The width(511) and height(420) are both fixed numbers,
       maybe you don't need to use a ResponsiveContainer. @ http://localhost:3000/_next/static/chunks/node_modules_next_dist_f3530cac._.js:2297
[   34250ms] [WARNING] The width(511) and height(420) are both fixed numbers,
       maybe you don't need to use a ResponsiveContainer. @ http://localhost:3000/_next/static/chunks/node_modules_next_dist_f3530cac._.js:2297
[   34347ms] [WARNING] The width(511) and height(300) are both fixed numbers,
       maybe you don't need to use a ResponsiveContainer. @ http://localhost:3000/_next/static/chunks/node_modules_next_dist_f3530cac._.js:2297
[   34347ms] [WARNING] The width(511) and height(300) are both fixed numbers,
       maybe you don't need to use a ResponsiveContainer. @ http://localhost:3000/_next/static/chunks/node_modules_next_dist_f3530cac._.js:2297
[   34355ms] [WARNING] The width(511) and height(300) are both fixed numbers,
       maybe you don't need to use a ResponsiveContainer. @ http://localhost:3000/_next/static/chunks/node_modules_next_dist_f3530cac._.js:2297
[   34355ms] [WARNING] The width(511) and height(300) are both fixed numbers,
       maybe you don't need to use a ResponsiveContainer. @ http://localhost:3000/_next/static/chunks/node_modules_next_dist_f3530cac._.js:2297
[   34367ms] [WARNING] The width(511) and height(420) are both fixed numbers,
       maybe you don't need to use a ResponsiveContainer. @ http://localhost:3000/_next/static/chunks/node_modules_next_dist_f3530cac._.js:2297
[   34367ms] [WARNING] The width(511) and height(420) are both fixed numbers,
       maybe you don't need to use a ResponsiveContainer. @ http://localhost:3000/_next/static/chunks/node_modules_next_dist_f3530cac._.js:2297
[   34383ms] [WARNING] The width(511) and height(420) are both fixed numbers,
       maybe you don't need to use a ResponsiveContainer. @ http://localhost:3000/_next/static/chunks/node_modules_next_dist_f3530cac._.js:2297
[   34384ms] [WARNING] The width(511) and height(420) are both fixed numbers,
       maybe you don't need to use a ResponsiveContainer. @ http://localhost:3000/_next/static/chunks/node_modules_next_dist_f3530cac._.js:2297
[   34460ms] [WARNING] The width(511) and height(360) are both fixed numbers,
       maybe you don't need to use a ResponsiveContainer. @ http://localhost:3000/_next/static/chunks/node_modules_next_dist_f3530cac._.js:2297
[   34461ms] [WARNING] The width(511) and height(360) are both fixed numbers,
       maybe you don't need to use a ResponsiveContainer. @ http://localhost:3000/_next/static/chunks/node_modules_next_dist_f3530cac._.js:2297
[   34471ms] [WARNING] The width(511) and height(220) are both fixed numbers,
       maybe you don't need to use a ResponsiveContainer. @ http://localhost:3000/_next/static/chunks/node_modules_next_dist_f3530cac._.js:2297
[   34471ms] [WARNING] The width(511) and height(220) are both fixed numbers,
       maybe you don't need to use a ResponsiveContainer. @ http://localhost:3000/_next/static/chunks/node_modules_next_dist_f3530cac._.js:2297
[   34478ms] [WARNING] The width(511) and height(860) are both fixed numbers,
       maybe you don't need to use a ResponsiveContainer. @ http://localhost:3000/_next/static/chunks/node_modules_next_dist_f3530cac._.js:2297
[   34478ms] [WARNING] The width(511) and height(860) are both fixed numbers,
       maybe you don't need to use a ResponsiveContainer. @ http://localhost:3000/_next/static/chunks/node_modules_next_dist_f3530cac._.js:2297
[   43281ms] [LOG] [Fast Refresh] rebuilding @ http://localhost:3000/_next/static/chunks/node_modules_next_dist_f3530cac._.js:2297
[   43336ms] [LOG] [Fast Refresh] done in 199ms @ http://localhost:3000/_next/static/chunks/node_modules_next_dist_f3530cac._.js:2297
[  196297ms] [LOG] [Fast Refresh] rebuilding @ http://localhost:3000/_next/static/chunks/node_modules_next_dist_f3530cac._.js:2297
[  196314ms] [LOG] [Fast Refresh] done in 117ms @ http://localhost:3000/_next/static/chunks/node_modules_next_dist_f3530cac._.js:2297
[  227424ms] [WARNING] Warning: Missing `Description` or `aria-describedby={undefined}` for {DialogContent}. @ http://localhost:3000/_next/static/chunks/node_modules_next_dist_f3530cac._.js:2297
[  227428ms] [WARNING] Warning: Missing `Description` or `aria-describedby={undefined}` for {DialogContent}. @ http://localhost:3000/_next/static/chunks/node_modules_next_dist_f3530cac._.js:2297
[  232120ms] [LOG] [Fast Refresh] rebuilding @ http://localhost:3000/_next/static/chunks/node_modules_next_dist_f3530cac._.js:2297
[  232126ms] [LOG] [Fast Refresh] done in 108ms @ http://localhost:3000/_next/static/chunks/node_modules_next_dist_f3530cac._.js:2297
[  442108ms] [WARNING] Warning: Missing `Description` or `aria-describedby={undefined}` for {DialogContent}. @ http://localhost:3000/_next/static/chunks/node_modules_next_dist_f3530cac._.js:2297
[  442111ms] [WARNING] Warning: Missing `Description` or `aria-describedby={undefined}` for {DialogContent}. @ http://localhost:3000/_next/static/chunks/node_modules_next_dist_f3530cac._.js:2297
[  502004ms] [WARNING] Warning: Missing `Description` or `aria-describedby={undefined}` for {DialogContent}. @ http://localhost:3000/_next/static/chunks/node_modules_next_dist_f3530cac._.js:2297
[  502006ms] [WARNING] Warning: Missing `Description` or `aria-describedby={undefined}` for {DialogContent}. @ http://localhost:3000/_next/static/chunks/node_modules_next_dist_f3530cac._.js:2297
[  510689ms] [WARNING] Warning: Missing `Description` or `aria-describedby={undefined}` for {DialogContent}. @ http://localhost:3000/_next/static/chunks/node_modules_next_dist_f3530cac._.js:2297
[  510691ms] [WARNING] Warning: Missing `Description` or `aria-describedby={undefined}` for {DialogContent}. @ http://localhost:3000/_next/static/chunks/node_modules_next_dist_f3530cac._.js:2297
[  525763ms] [LOG] [Fast Refresh] rebuilding @ http://localhost:3000/_next/static/chunks/node_modules_next_dist_f3530cac._.js:2297
[  525768ms] [LOG] [Fast Refresh] done in 106ms @ http://localhost:3000/_next/static/chunks/node_modules_next_dist_f3530cac._.js:2297
[  548099ms] [LOG] [Fast Refresh] rebuilding @ http://localhost:3000/_next/static/chunks/node_modules_next_dist_f3530cac._.js:2297
[  550183ms] [LOG] [Fast Refresh] done in 1342ms @ http://localhost:3000/_next/static/chunks/node_modules_next_dist_f3530cac._.js:2297
